# JRE version: OpenJDK Runtime Environment Temurin-17.0.12+7 (17.0.12+7) (build 17.0.12+7)
# Java VM: OpenJDK 64-Bit Server VM Temurin-17.0.12+7 (17.0.12+7, mixed mode, tiered, compressed oops, compressed class ptrs, parallel gc, windows-amd64)
GC Precious Log:
 CPUs: 4 total, 4 available
 Memory: 7854M
 Large Page Support: Disabled
 NUMA Support: Disabled
 Compressed Oops: Enabled (32-bit)
 Alignments: Space 512K, Generation 512K, Heap 2M
 Heap Min Capacity: 100M
 Heap Initial Capacity: 100M
 Heap Max Capacity: 1G
 Pre-touch: Disabled
 Parallel Workers: 4
Heap:
 PSYoungGen      total 4096K, used 792K [0x00000000eab00000, 0x00000000eb000000, 0x0000000100000000)
  eden space 3072K, 0% used [0x00000000eab00000,0x00000000eab00000,0x00000000eae00000)
  from space 1024K, 77% used [0x00000000eaf00000,0x00000000eafc62c8,0x00000000eb000000)
  to   space 1024K, 0% used [0x00000000eae00000,0x00000000eae00000,0x00000000eaf00000)
 ParOldGen       total 195584K, used 194950K [0x00000000c0000000, 0x00000000cbf00000, 0x00000000eab00000)
  object space 195584K, 99% used [0x00000000c0000000,0x00000000cbe61878,0x00000000cbf00000)
 Metaspace       used 86060K, committed 87360K, reserved 1179648K
  class space    used 9697K, committed 10304K, reserved 1048576K
GC Heap History (20 events):
Event: 128.746 GC heap after
{Heap after GC invocations=292 (full 9):
 PSYoungGen      total 4096K, used 802K [0x00000000eab00000, 0x00000000eb000000, 0x0000000100000000)
  eden space 3072K, 0% used [0x00000000eab00000,0x00000000eab00000,0x00000000eae00000)
  from space 1024K, 78% used [0x00000000eae00000,0x00000000eaec89b8,0x00000000eaf00000)
  to   space 1024K, 0% used [0x00000000eaf00000,0x00000000eaf00000,0x00000000eb000000)
 ParOldGen       total 195584K, used 188230K [0x00000000c0000000, 0x00000000cbf00000, 0x00000000eab00000)
  object space 195584K, 96% used [0x00000000c0000000,0x00000000cb7d1bb8,0x00000000cbf00000)
 Metaspace       used 86060K, committed 87360K, reserved 1179648K
  class space    used 9697K, committed 10304K, reserved 1048576K
}
Event: 128.765 GC heap before
{Heap before GC invocations=293 (full 9):
 PSYoungGen      total 4096K, used 3866K [0x00000000eab00000, 0x00000000eb000000, 0x0000000100000000)
  eden space 3072K, 99% used [0x00000000eab00000,0x00000000eadfe1b8,0x00000000eae00000)
  from space 1024K, 78% used [0x00000000eae00000,0x00000000eaec89b8,0x00000000eaf00000)
  to   space 1024K, 0% used [0x00000000eaf00000,0x00000000eaf00000,0x00000000eb000000)
 ParOldGen       total 195584K, used 188230K [0x00000000c0000000, 0x00000000cbf00000, 0x00000000eab00000)
  object space 195584K, 96% used [0x00000000c0000000,0x00000000cb7d1bb8,0x00000000cbf00000)
 Metaspace       used 86060K, committed 87360K, reserved 1179648K
  class space    used 9697K, committed 10304K, reserved 1048576K
}
Event: 128.768 GC heap after
{Heap after GC invocations=293 (full 9):
 PSYoungGen      total 4096K, used 833K [0x00000000eab00000, 0x00000000eb000000, 0x0000000100000000)
  eden space 3072K, 0% used [0x00000000eab00000,0x00000000eab00000,0x00000000eae00000)
  from space 1024K, 81% used [0x00000000eaf00000,0x00000000eafd06e8,0x00000000eb000000)
  to   space 1024K, 0% used [0x00000000eae00000,0x00000000eae00000,0x00000000eaf00000)
 ParOldGen       total 195584K, used 188949K [0x00000000c0000000, 0x00000000cbf00000, 0x00000000eab00000)
  object space 195584K, 96% used [0x00000000c0000000,0x00000000cb8857d0,0x00000000cbf00000)
 Metaspace       used 86060K, committed 87360K, reserved 1179648K
  class space    used 9697K, committed 10304K, reserved 1048576K
}
Event: 128.789 GC heap before
{Heap before GC invocations=294 (full 9):
 PSYoungGen      total 4096K, used 3905K [0x00000000eab00000, 0x00000000eb000000, 0x0000000100000000)
  eden space 3072K, 100% used [0x00000000eab00000,0x00000000eae00000,0x00000000eae00000)
  from space 1024K, 81% used [0x00000000eaf00000,0x00000000eafd06e8,0x00000000eb000000)
  to   space 1024K, 0% used [0x00000000eae00000,0x00000000eae00000,0x00000000eaf00000)
 ParOldGen       total 195584K, used 188949K [0x00000000c0000000, 0x00000000cbf00000, 0x00000000eab00000)
  object space 195584K, 96% used [0x00000000c0000000,0x00000000cb8857d0,0x00000000cbf00000)
 Metaspace       used 86060K, committed 87360K, reserved 1179648K
  class space    used 9697K, committed 10304K, reserved 1048576K
}
Event: 128.792 GC heap after
{Heap after GC invocations=294 (full 9):
 PSYoungGen      total 4096K, used 804K [0x00000000eab00000, 0x00000000eb000000, 0x0000000100000000)
  eden space 3072K, 0% used [0x00000000eab00000,0x00000000eab00000,0x00000000eae00000)
  from space 1024K, 78% used [0x00000000eae00000,0x00000000eaec9260,0x00000000eaf00000)
  to   space 1024K, 0% used [0x00000000eaf00000,0x00000000eaf00000,0x00000000eb000000)
 ParOldGen       total 195584K, used 189698K [0x00000000c0000000, 0x00000000cbf00000, 0x00000000eab00000)
  object space 195584K, 96% used [0x00000000c0000000,0x00000000cb940898,0x00000000cbf00000)
 Metaspace       used 86060K, committed 87360K, reserved 1179648K
  class space    used 9697K, committed 10304K, reserved 1048576K
}
Event: 128.806 GC heap before
{Heap before GC invocations=295 (full 9):
 PSYoungGen      total 4096K, used 3876K [0x00000000eab00000, 0x00000000eb000000, 0x0000000100000000)
  eden space 3072K, 100% used [0x00000000eab00000,0x00000000eae00000,0x00000000eae00000)
  from space 1024K, 78% used [0x00000000eae00000,0x00000000eaec9260,0x00000000eaf00000)
  to   space 1024K, 0% used [0x00000000eaf00000,0x00000000eaf00000,0x00000000eb000000)
 ParOldGen       total 195584K, used 189698K [0x00000000c0000000, 0x00000000cbf00000, 0x00000000eab00000)
  object space 195584K, 96% used [0x00000000c0000000,0x00000000cb940898,0x00000000cbf00000)
 Metaspace       used 86060K, committed 87360K, reserved 1179648K
  class space    used 9697K, committed 10304K, reserved 1048576K
}
Event: 128.808 GC heap after
{Heap after GC invocations=295 (full 9):
 PSYoungGen      total 4096K, used 800K [0x00000000eab00000, 0x00000000eb000000, 0x0000000100000000)
  eden space 3072K, 0% used [0x00000000eab00000,0x00000000eab00000,0x00000000eae00000)
  from space 1024K, 78% used [0x00000000eaf00000,0x00000000eafc8000,0x00000000eb000000)
  to   space 1024K, 0% used [0x00000000eae00000,0x00000000eae00000,0x00000000eaf00000)
 ParOldGen       total 195584K, used 190437K [0x00000000c0000000, 0x00000000cbf00000, 0x00000000eab00000)
  object space 195584K, 97% used [0x00000000c0000000,0x00000000cb9f9638,0x00000000cbf00000)
 Metaspace       used 86060K, committed 87360K, reserved 1179648K
  class space    used 9697K, committed 10304K, reserved 1048576K
}
Event: 128.826 GC heap before
{Heap before GC invocations=296 (full 9):
 PSYoungGen      total 4096K, used 3872K [0x00000000eab00000, 0x00000000eb000000, 0x0000000100000000)
  eden space 3072K, 100% used [0x00000000eab00000,0x00000000eae00000,0x00000000eae00000)
  from space 1024K, 78% used [0x00000000eaf00000,0x00000000eafc8000,0x00000000eb000000)
  to   space 1024K, 0% used [0x00000000eae00000,0x00000000eae00000,0x00000000eaf00000)
 ParOldGen       total 195584K, used 190437K [0x00000000c0000000, 0x00000000cbf00000, 0x00000000eab00000)
  object space 195584K, 97% used [0x00000000c0000000,0x00000000cb9f9638,0x00000000cbf00000)
 Metaspace       used 86060K, committed 87360K, reserved 1179648K
  class space    used 9697K, committed 10304K, reserved 1048576K
}
Event: 128.828 GC heap after
{Heap after GC invocations=296 (full 9):
 PSYoungGen      total 4096K, used 768K [0x00000000eab00000, 0x00000000eb000000, 0x0000000100000000)
  eden space 3072K, 0% used [0x00000000eab00000,0x00000000eab00000,0x00000000eae00000)
  from space 1024K, 75% used [0x00000000eae00000,0x00000000eaec0000,0x00000000eaf00000)
  to   space 1024K, 0% used [0x00000000eaf00000,0x00000000eaf00000,0x00000000eb000000)
 ParOldGen       total 195584K, used 191159K [0x00000000c0000000, 0x00000000cbf00000, 0x00000000eab00000)
  object space 195584K, 97% used [0x00000000c0000000,0x00000000cbaadc90,0x00000000cbf00000)
 Metaspace       used 86060K, committed 87360K, reserved 1179648K
  class space    used 9697K, committed 10304K, reserved 1048576K
}
Event: 128.842 GC heap before
{Heap before GC invocations=297 (full 9):
 PSYoungGen      total 4096K, used 3840K [0x00000000eab00000, 0x00000000eb000000, 0x0000000100000000)
  eden space 3072K, 100% used [0x00000000eab00000,0x00000000eae00000,0x00000000eae00000)
  from space 1024K, 75% used [0x00000000eae00000,0x00000000eaec0000,0x00000000eaf00000)
  to   space 1024K, 0% used [0x00000000eaf00000,0x00000000eaf00000,0x00000000eb000000)
 ParOldGen       total 195584K, used 191159K [0x00000000c0000000, 0x00000000cbf00000, 0x00000000eab00000)
  object space 195584K, 97% used [0x00000000c0000000,0x00000000cbaadc90,0x00000000cbf00000)
 Metaspace       used 86060K, committed 87360K, reserved 1179648K
  class space    used 9697K, committed 10304K, reserved 1048576K
}
Event: 128.844 GC heap after
{Heap after GC invocations=297 (full 9):
 PSYoungGen      total 4096K, used 794K [0x00000000eab00000, 0x00000000eb000000, 0x0000000100000000)
  eden space 3072K, 0% used [0x00000000eab00000,0x00000000eab00000,0x00000000eae00000)
  from space 1024K, 77% used [0x00000000eaf00000,0x00000000eafc6b98,0x00000000eb000000)
  to   space 1024K, 0% used [0x00000000eae00000,0x00000000eae00000,0x00000000eaf00000)
 ParOldGen       total 195584K, used 191876K [0x00000000c0000000, 0x00000000cbf00000, 0x00000000eab00000)
  object space 195584K, 98% used [0x00000000c0000000,0x00000000cbb61230,0x00000000cbf00000)
 Metaspace       used 86060K, committed 87360K, reserved 1179648K
  class space    used 9697K, committed 10304K, reserved 1048576K
}
Event: 128.857 GC heap before
{Heap before GC invocations=298 (full 9):
 PSYoungGen      total 4096K, used 3866K [0x00000000eab00000, 0x00000000eb000000, 0x0000000100000000)
  eden space 3072K, 100% used [0x00000000eab00000,0x00000000eae00000,0x00000000eae00000)
  from space 1024K, 77% used [0x00000000eaf00000,0x00000000eafc6b98,0x00000000eb000000)
  to   space 1024K, 0% used [0x00000000eae00000,0x00000000eae00000,0x00000000eaf00000)
 ParOldGen       total 195584K, used 191876K [0x00000000c0000000, 0x00000000cbf00000, 0x00000000eab00000)
  object space 195584K, 98% used [0x00000000c0000000,0x00000000cbb61230,0x00000000cbf00000)
 Metaspace       used 86060K, committed 87360K, reserved 1179648K
  class space    used 9697K, committed 10304K, reserved 1048576K
}
Event: 128.859 GC heap after
{Heap after GC invocations=298 (full 9):
 PSYoungGen      total 4096K, used 920K [0x00000000eab00000, 0x00000000eb000000, 0x0000000100000000)
  eden space 3072K, 0% used [0x00000000eab00000,0x00000000eab00000,0x00000000eae00000)
  from space 1024K, 89% used [0x00000000eae00000,0x00000000eaee6010,0x00000000eaf00000)
  to   space 1024K, 0% used [0x00000000eaf00000,0x00000000eaf00000,0x00000000eb000000)
 ParOldGen       total 195584K, used 192648K [0x00000000c0000000, 0x00000000cbf00000, 0x00000000eab00000)
  object space 195584K, 98% used [0x00000000c0000000,0x00000000cbc22320,0x00000000cbf00000)
 Metaspace       used 86060K, committed 87360K, reserved 1179648K
  class space    used 9697K, committed 10304K, reserved 1048576K
}
Event: 128.895 GC heap before
{Heap before GC invocations=299 (full 9):
 PSYoungGen      total 4096K, used 3992K [0x00000000eab00000, 0x00000000eb000000, 0x0000000100000000)
  eden space 3072K, 100% used [0x00000000eab00000,0x00000000eae00000,0x00000000eae00000)
  from space 1024K, 89% used [0x00000000eae00000,0x00000000eaee6010,0x00000000eaf00000)
  to   space 1024K, 0% used [0x00000000eaf00000,0x00000000eaf00000,0x00000000eb000000)
 ParOldGen       total 195584K, used 192648K [0x00000000c0000000, 0x00000000cbf00000, 0x00000000eab00000)
  object space 195584K, 98% used [0x00000000c0000000,0x00000000cbc22320,0x00000000cbf00000)
 Metaspace       used 86060K, committed 87360K, reserved 1179648K
  class space    used 9697K, committed 10304K, reserved 1048576K
}
Event: 128.898 GC heap after
{Heap after GC invocations=299 (full 9):
 PSYoungGen      total 4096K, used 736K [0x00000000eab00000, 0x00000000eb000000, 0x0000000100000000)
  eden space 3072K, 0% used [0x00000000eab00000,0x00000000eab00000,0x00000000eae00000)
  from space 1024K, 71% used [0x00000000eaf00000,0x00000000eafb8000,0x00000000eb000000)
  to   space 1024K, 0% used [0x00000000eae00000,0x00000000eae00000,0x00000000eaf00000)
 ParOldGen       total 195584K, used 193484K [0x00000000c0000000, 0x00000000cbf00000, 0x00000000eab00000)
  object space 195584K, 98% used [0x00000000c0000000,0x00000000cbcf32f8,0x00000000cbf00000)
 Metaspace       used 86060K, committed 87360K, reserved 1179648K
  class space    used 9697K, committed 10304K, reserved 1048576K
}
Event: 128.914 GC heap before
{Heap before GC invocations=300 (full 9):
 PSYoungGen      total 4096K, used 3808K [0x00000000eab00000, 0x00000000eb000000, 0x0000000100000000)
  eden space 3072K, 100% used [0x00000000eab00000,0x00000000eae00000,0x00000000eae00000)
  from space 1024K, 71% used [0x00000000eaf00000,0x00000000eafb8000,0x00000000eb000000)
  to   space 1024K, 0% used [0x00000000eae00000,0x00000000eae00000,0x00000000eaf00000)
 ParOldGen       total 195584K, used 193484K [0x00000000c0000000, 0x00000000cbf00000, 0x00000000eab00000)
  object space 195584K, 98% used [0x00000000c0000000,0x00000000cbcf32f8,0x00000000cbf00000)
 Metaspace       used 86060K, committed 87360K, reserved 1179648K
  class space    used 9697K, committed 10304K, reserved 1048576K
}
Event: 128.916 GC heap after
{Heap after GC invocations=300 (full 9):
 PSYoungGen      total 4096K, used 753K [0x00000000eab00000, 0x00000000eb000000, 0x0000000100000000)
  eden space 3072K, 0% used [0x00000000eab00000,0x00000000eab00000,0x00000000eae00000)
  from space 1024K, 73% used [0x00000000eae00000,0x00000000eaebc790,0x00000000eaf00000)
  to   space 1024K, 0% used [0x00000000eaf00000,0x00000000eaf00000,0x00000000eb000000)
 ParOldGen       total 195584K, used 194212K [0x00000000c0000000, 0x00000000cbf00000, 0x00000000eab00000)
  object space 195584K, 99% used [0x00000000c0000000,0x00000000cbda92c0,0x00000000cbf00000)
 Metaspace       used 86060K, committed 87360K, reserved 1179648K
  class space    used 9697K, committed 10304K, reserved 1048576K
}
Event: 128.932 GC heap before
{Heap before GC invocations=301 (full 9):
 PSYoungGen      total 4096K, used 3825K [0x00000000eab00000, 0x00000000eb000000, 0x0000000100000000)
  eden space 3072K, 100% used [0x00000000eab00000,0x00000000eae00000,0x00000000eae00000)
  from space 1024K, 73% used [0x00000000eae00000,0x00000000eaebc790,0x00000000eaf00000)
  to   space 1024K, 0% used [0x00000000eaf00000,0x00000000eaf00000,0x00000000eb000000)
 ParOldGen       total 195584K, used 194212K [0x00000000c0000000, 0x00000000cbf00000, 0x00000000eab00000)
  object space 195584K, 99% used [0x00000000c0000000,0x00000000cbda92c0,0x00000000cbf00000)
 Metaspace       used 86060K, committed 87360K, reserved 1179648K
  class space    used 9697K, committed 10304K, reserved 1048576K
}
Event: 128.934 GC heap after
{Heap after GC invocations=301 (full 9):
 PSYoungGen      total 4096K, used 792K [0x00000000eab00000, 0x00000000eb000000, 0x0000000100000000)
  eden space 3072K, 0% used [0x00000000eab00000,0x00000000eab00000,0x00000000eae00000)
  from space 1024K, 77% used [0x00000000eaf00000,0x00000000eafc62c8,0x00000000eb000000)
  to   space 1024K, 0% used [0x00000000eae00000,0x00000000eae00000,0x00000000eaf00000)
 ParOldGen       total 195584K, used 194950K [0x00000000c0000000, 0x00000000cbf00000, 0x00000000eab00000)
  object space 195584K, 99% used [0x00000000c0000000,0x00000000cbe61878,0x00000000cbf00000)
 Metaspace       used 86060K, committed 87360K, reserved 1179648K
  class space    used 9697K, committed 10304K, reserved 1048576K
}
Event: 128.934 GC heap before
{Heap before GC invocations=302 (full 10):
 PSYoungGen      total 4096K, used 792K [0x00000000eab00000, 0x00000000eb000000, 0x0000000100000000)
  eden space 3072K, 0% used [0x00000000eab00000,0x00000000eab00000,0x00000000eae00000)
  from space 1024K, 77% used [0x00000000eaf00000,0x00000000eafc62c8,0x00000000eb000000)
  to   space 1024K, 0% used [0x00000000eae00000,0x00000000eae00000,0x00000000eaf00000)
 ParOldGen       total 195584K, used 194950K [0x00000000c0000000, 0x00000000cbf00000, 0x00000000eab00000)
  object space 195584K, 99% used [0x00000000c0000000,0x00000000cbe61878,0x00000000cbf00000)
 Metaspace       used 86060K, committed 87360K, reserved 1179648K
  class space    used 9697K, committed 10304K, reserved 1048576K
}

