# JRE version: OpenJDK Runtime Environment Temurin-17.0.12+7 (17.0.12+7) (build 17.0.12+7)
# Java VM: OpenJDK 64-Bit Server VM Temurin-17.0.12+7 (17.0.12+7, mixed mode, tiered, compressed oops, compressed class ptrs, parallel gc, windows-amd64)
GC Precious Log:
 CPUs: 4 total, 4 available
 Memory: 7854M
 Large Page Support: Disabled
 NUMA Support: Disabled
 Compressed Oops: Enabled (32-bit)
 Alignments: Space 512K, Generation 512K, Heap 2M
 Heap Min Capacity: 100M
 Heap Initial Capacity: 100M
 Heap Max Capacity: 1G
 Pre-touch: Disabled
 Parallel Workers: 4
Heap:
 PSYoungGen      total 18432K, used 2606K [0x00000000eab00000, 0x00000000ebe80000, 0x0000000100000000)
  eden space 17920K, 12% used [0x00000000eab00000,0x00000000ead1b968,0x00000000ebc80000)
  from space 512K, 87% used [0x00000000ebe00000,0x00000000ebe70000,0x00000000ebe80000)
  to   space 1024K, 0% used [0x00000000ebc80000,0x00000000ebc80000,0x00000000ebd80000)
 ParOldGen       total 68608K, used 55467K [0x00000000c0000000, 0x00000000c4300000, 0x00000000eab00000)
  object space 68608K, 80% used [0x00000000c0000000,0x00000000c362acd8,0x00000000c4300000)
 Metaspace       used 70993K, committed 72128K, reserved 1114112K
  class space    used 8189K, committed 8640K, reserved 1048576K
GC Heap History (20 events):
Event: 80.329 GC heap before
{Heap before GC invocations=34 (full 3):
 PSYoungGen      total 20480K, used 20066K [0x00000000eab00000, 0x00000000ec100000, 0x0000000100000000)
  eden space 18432K, 100% used [0x00000000eab00000,0x00000000ebd00000,0x00000000ebd00000)
  from space 2048K, 79% used [0x00000000ebf00000,0x00000000ec098800,0x00000000ec100000)
  to   space 2048K, 0% used [0x00000000ebd00000,0x00000000ebd00000,0x00000000ebf00000)
 ParOldGen       total 68608K, used 39861K [0x00000000c0000000, 0x00000000c4300000, 0x00000000eab00000)
  object space 68608K, 58% used [0x00000000c0000000,0x00000000c26ed5d0,0x00000000c4300000)
 Metaspace       used 65761K, committed 66944K, reserved 1114112K
  class space    used 7653K, committed 8128K, reserved 1048576K
}
Event: 80.339 GC heap after
{Heap after GC invocations=34 (full 3):
 PSYoungGen      total 20480K, used 2041K [0x00000000eab00000, 0x00000000ec800000, 0x0000000100000000)
  eden space 18432K, 0% used [0x00000000eab00000,0x00000000eab00000,0x00000000ebd00000)
  from space 2048K, 99% used [0x00000000ebd00000,0x00000000ebefe578,0x00000000ebf00000)
  to   space 5632K, 0% used [0x00000000ec280000,0x00000000ec280000,0x00000000ec800000)
 ParOldGen       total 68608K, used 42461K [0x00000000c0000000, 0x00000000c4300000, 0x00000000eab00000)
  object space 68608K, 61% used [0x00000000c0000000,0x00000000c2977650,0x00000000c4300000)
 Metaspace       used 65761K, committed 66944K, reserved 1114112K
  class space    used 7653K, committed 8128K, reserved 1048576K
}
Event: 81.804 GC heap before
{Heap before GC invocations=35 (full 3):
 PSYoungGen      total 20480K, used 20473K [0x00000000eab00000, 0x00000000ec800000, 0x0000000100000000)
  eden space 18432K, 100% used [0x00000000eab00000,0x00000000ebd00000,0x00000000ebd00000)
  from space 2048K, 99% used [0x00000000ebd00000,0x00000000ebefe578,0x00000000ebf00000)
  to   space 5632K, 0% used [0x00000000ec280000,0x00000000ec280000,0x00000000ec800000)
 ParOldGen       total 68608K, used 42461K [0x00000000c0000000, 0x00000000c4300000, 0x00000000eab00000)
  object space 68608K, 61% used [0x00000000c0000000,0x00000000c2977650,0x00000000c4300000)
 Metaspace       used 67126K, committed 68224K, reserved 1114112K
  class space    used 7824K, committed 8256K, reserved 1048576K
}
Event: 81.817 GC heap after
{Heap after GC invocations=35 (full 3):
 PSYoungGen      total 21504K, used 2745K [0x00000000eab00000, 0x00000000ec580000, 0x0000000100000000)
  eden space 18432K, 0% used [0x00000000eab00000,0x00000000eab00000,0x00000000ebd00000)
  from space 3072K, 89% used [0x00000000ec280000,0x00000000ec52e6d0,0x00000000ec580000)
  to   space 3584K, 0% used [0x00000000ebe80000,0x00000000ebe80000,0x00000000ec200000)
 ParOldGen       total 68608K, used 44400K [0x00000000c0000000, 0x00000000c4300000, 0x00000000eab00000)
  object space 68608K, 64% used [0x00000000c0000000,0x00000000c2b5c078,0x00000000c4300000)
 Metaspace       used 67126K, committed 68224K, reserved 1114112K
  class space    used 7824K, committed 8256K, reserved 1048576K
}
Event: 83.962 GC heap before
{Heap before GC invocations=36 (full 3):
 PSYoungGen      total 21504K, used 21177K [0x00000000eab00000, 0x00000000ec580000, 0x0000000100000000)
  eden space 18432K, 100% used [0x00000000eab00000,0x00000000ebd00000,0x00000000ebd00000)
  from space 3072K, 89% used [0x00000000ec280000,0x00000000ec52e6d0,0x00000000ec580000)
  to   space 3584K, 0% used [0x00000000ebe80000,0x00000000ebe80000,0x00000000ec200000)
 ParOldGen       total 68608K, used 44400K [0x00000000c0000000, 0x00000000c4300000, 0x00000000eab00000)
  object space 68608K, 64% used [0x00000000c0000000,0x00000000c2b5c078,0x00000000c4300000)
 Metaspace       used 67751K, committed 68864K, reserved 1114112K
  class space    used 7896K, committed 8384K, reserved 1048576K
}
Event: 83.968 GC heap after
{Heap after GC invocations=36 (full 3):
 PSYoungGen      total 20992K, used 2312K [0x00000000eab00000, 0x00000000ec300000, 0x0000000100000000)
  eden space 18432K, 0% used [0x00000000eab00000,0x00000000eab00000,0x00000000ebd00000)
  from space 2560K, 90% used [0x00000000ebe80000,0x00000000ec0c2330,0x00000000ec100000)
  to   space 2048K, 0% used [0x00000000ec100000,0x00000000ec100000,0x00000000ec300000)
 ParOldGen       total 68608K, used 46662K [0x00000000c0000000, 0x00000000c4300000, 0x00000000eab00000)
  object space 68608K, 68% used [0x00000000c0000000,0x00000000c2d91a28,0x00000000c4300000)
 Metaspace       used 67751K, committed 68864K, reserved 1114112K
  class space    used 7896K, committed 8384K, reserved 1048576K
}
Event: 85.394 GC heap before
{Heap before GC invocations=37 (full 3):
 PSYoungGen      total 20992K, used 20744K [0x00000000eab00000, 0x00000000ec300000, 0x0000000100000000)
  eden space 18432K, 100% used [0x00000000eab00000,0x00000000ebd00000,0x00000000ebd00000)
  from space 2560K, 90% used [0x00000000ebe80000,0x00000000ec0c2330,0x00000000ec100000)
  to   space 2048K, 0% used [0x00000000ec100000,0x00000000ec100000,0x00000000ec300000)
 ParOldGen       total 68608K, used 46662K [0x00000000c0000000, 0x00000000c4300000, 0x00000000eab00000)
  object space 68608K, 68% used [0x00000000c0000000,0x00000000c2d91a28,0x00000000c4300000)
 Metaspace       used 68359K, committed 69504K, reserved 1114112K
  class space    used 7950K, committed 8448K, reserved 1048576K
}
Event: 85.403 GC heap after
{Heap after GC invocations=37 (full 3):
 PSYoungGen      total 19968K, used 1056K [0x00000000eab00000, 0x00000000ec280000, 0x0000000100000000)
  eden space 18432K, 0% used [0x00000000eab00000,0x00000000eab00000,0x00000000ebd00000)
  from space 1536K, 68% used [0x00000000ec100000,0x00000000ec208000,0x00000000ec280000)
  to   space 2048K, 0% used [0x00000000ebe80000,0x00000000ebe80000,0x00000000ec080000)
 ParOldGen       total 68608K, used 48846K [0x00000000c0000000, 0x00000000c4300000, 0x00000000eab00000)
  object space 68608K, 71% used [0x00000000c0000000,0x00000000c2fb3b10,0x00000000c4300000)
 Metaspace       used 68359K, committed 69504K, reserved 1114112K
  class space    used 7950K, committed 8448K, reserved 1048576K
}
Event: 85.578 GC heap before
{Heap before GC invocations=38 (full 3):
 PSYoungGen      total 19968K, used 19448K [0x00000000eab00000, 0x00000000ec280000, 0x0000000100000000)
  eden space 18432K, 99% used [0x00000000eab00000,0x00000000ebcf6160,0x00000000ebd00000)
  from space 1536K, 68% used [0x00000000ec100000,0x00000000ec208000,0x00000000ec280000)
  to   space 2048K, 0% used [0x00000000ebe80000,0x00000000ebe80000,0x00000000ec080000)
 ParOldGen       total 68608K, used 48846K [0x00000000c0000000, 0x00000000c4300000, 0x00000000eab00000)
  object space 68608K, 71% used [0x00000000c0000000,0x00000000c2fb3b10,0x00000000c4300000)
 Metaspace       used 68391K, committed 69504K, reserved 1114112K
  class space    used 7959K, committed 8448K, reserved 1048576K
}
Event: 85.585 GC heap after
{Heap after GC invocations=38 (full 3):
 PSYoungGen      total 19968K, used 1376K [0x00000000eab00000, 0x00000000ec180000, 0x0000000100000000)
  eden space 18432K, 0% used [0x00000000eab00000,0x00000000eab00000,0x00000000ebd00000)
  from space 1536K, 89% used [0x00000000ebe80000,0x00000000ebfd8000,0x00000000ec000000)
  to   space 1536K, 0% used [0x00000000ec000000,0x00000000ec000000,0x00000000ec180000)
 ParOldGen       total 68608K, used 49854K [0x00000000c0000000, 0x00000000c4300000, 0x00000000eab00000)
  object space 68608K, 72% used [0x00000000c0000000,0x00000000c30afb10,0x00000000c4300000)
 Metaspace       used 68391K, committed 69504K, reserved 1114112K
  class space    used 7959K, committed 8448K, reserved 1048576K
}
Event: 85.641 GC heap before
{Heap before GC invocations=39 (full 3):
 PSYoungGen      total 19968K, used 19808K [0x00000000eab00000, 0x00000000ec180000, 0x0000000100000000)
  eden space 18432K, 100% used [0x00000000eab00000,0x00000000ebd00000,0x00000000ebd00000)
  from space 1536K, 89% used [0x00000000ebe80000,0x00000000ebfd8000,0x00000000ec000000)
  to   space 1536K, 0% used [0x00000000ec000000,0x00000000ec000000,0x00000000ec180000)
 ParOldGen       total 68608K, used 49854K [0x00000000c0000000, 0x00000000c4300000, 0x00000000eab00000)
  object space 68608K, 72% used [0x00000000c0000000,0x00000000c30afb10,0x00000000c4300000)
 Metaspace       used 68409K, committed 69504K, reserved 1114112K
  class space    used 7967K, committed 8448K, reserved 1048576K
}
Event: 85.646 GC heap after
{Heap after GC invocations=39 (full 3):
 PSYoungGen      total 19456K, used 1504K [0x00000000eab00000, 0x00000000ec400000, 0x0000000100000000)
  eden space 17920K, 0% used [0x00000000eab00000,0x00000000eab00000,0x00000000ebc80000)
  from space 1536K, 97% used [0x00000000ec000000,0x00000000ec178010,0x00000000ec180000)
  to   space 3584K, 0% used [0x00000000ebc80000,0x00000000ebc80000,0x00000000ec000000)
 ParOldGen       total 68608K, used 51254K [0x00000000c0000000, 0x00000000c4300000, 0x00000000eab00000)
  object space 68608K, 74% used [0x00000000c0000000,0x00000000c320db10,0x00000000c4300000)
 Metaspace       used 68409K, committed 69504K, reserved 1114112K
  class space    used 7967K, committed 8448K, reserved 1048576K
}
Event: 85.694 GC heap before
{Heap before GC invocations=40 (full 3):
 PSYoungGen      total 19456K, used 19424K [0x00000000eab00000, 0x00000000ec400000, 0x0000000100000000)
  eden space 17920K, 100% used [0x00000000eab00000,0x00000000ebc80000,0x00000000ebc80000)
  from space 1536K, 97% used [0x00000000ec000000,0x00000000ec178010,0x00000000ec180000)
  to   space 3584K, 0% used [0x00000000ebc80000,0x00000000ebc80000,0x00000000ec000000)
 ParOldGen       total 68608K, used 51254K [0x00000000c0000000, 0x00000000c4300000, 0x00000000eab00000)
  object space 68608K, 74% used [0x00000000c0000000,0x00000000c320db10,0x00000000c4300000)
 Metaspace       used 68468K, committed 69568K, reserved 1114112K
  class space    used 7976K, committed 8448K, reserved 1048576K
}
Event: 85.698 GC heap after
{Heap after GC invocations=40 (full 3):
 PSYoungGen      total 19456K, used 1184K [0x00000000eab00000, 0x00000000ec080000, 0x0000000100000000)
  eden space 17920K, 0% used [0x00000000eab00000,0x00000000eab00000,0x00000000ebc80000)
  from space 1536K, 77% used [0x00000000ebc80000,0x00000000ebda8010,0x00000000ebe00000)
  to   space 2048K, 0% used [0x00000000ebe80000,0x00000000ebe80000,0x00000000ec080000)
 ParOldGen       total 68608K, used 52766K [0x00000000c0000000, 0x00000000c4300000, 0x00000000eab00000)
  object space 68608K, 76% used [0x00000000c0000000,0x00000000c3387b20,0x00000000c4300000)
 Metaspace       used 68468K, committed 69568K, reserved 1114112K
  class space    used 7976K, committed 8448K, reserved 1048576K
}
Event: 85.893 GC heap before
{Heap before GC invocations=41 (full 3):
 PSYoungGen      total 19456K, used 19104K [0x00000000eab00000, 0x00000000ec080000, 0x0000000100000000)
  eden space 17920K, 100% used [0x00000000eab00000,0x00000000ebc80000,0x00000000ebc80000)
  from space 1536K, 77% used [0x00000000ebc80000,0x00000000ebda8010,0x00000000ebe00000)
  to   space 2048K, 0% used [0x00000000ebe80000,0x00000000ebe80000,0x00000000ec080000)
 ParOldGen       total 68608K, used 52766K [0x00000000c0000000, 0x00000000c4300000, 0x00000000eab00000)
  object space 68608K, 76% used [0x00000000c0000000,0x00000000c3387b20,0x00000000c4300000)
 Metaspace       used 69037K, committed 70144K, reserved 1114112K
  class space    used 8018K, committed 8512K, reserved 1048576K
}
Event: 85.900 GC heap after
{Heap after GC invocations=41 (full 3):
 PSYoungGen      total 18944K, used 864K [0x00000000eab00000, 0x00000000ebf80000, 0x0000000100000000)
  eden space 17920K, 0% used [0x00000000eab00000,0x00000000eab00000,0x00000000ebc80000)
  from space 1024K, 84% used [0x00000000ebe80000,0x00000000ebf58000,0x00000000ebf80000)
  to   space 1536K, 0% used [0x00000000ebc80000,0x00000000ebc80000,0x00000000ebe00000)
 ParOldGen       total 68608K, used 53830K [0x00000000c0000000, 0x00000000c4300000, 0x00000000eab00000)
  object space 68608K, 78% used [0x00000000c0000000,0x00000000c3491b20,0x00000000c4300000)
 Metaspace       used 69037K, committed 70144K, reserved 1114112K
  class space    used 8018K, committed 8512K, reserved 1048576K
}
Event: 86.329 GC heap before
{Heap before GC invocations=42 (full 3):
 PSYoungGen      total 18944K, used 18784K [0x00000000eab00000, 0x00000000ebf80000, 0x0000000100000000)
  eden space 17920K, 100% used [0x00000000eab00000,0x00000000ebc80000,0x00000000ebc80000)
  from space 1024K, 84% used [0x00000000ebe80000,0x00000000ebf58000,0x00000000ebf80000)
  to   space 1536K, 0% used [0x00000000ebc80000,0x00000000ebc80000,0x00000000ebe00000)
 ParOldGen       total 68608K, used 53830K [0x00000000c0000000, 0x00000000c4300000, 0x00000000eab00000)
  object space 68608K, 78% used [0x00000000c0000000,0x00000000c3491b20,0x00000000c4300000)
 Metaspace       used 69739K, committed 70848K, reserved 1114112K
  class space    used 8067K, committed 8512K, reserved 1048576K
}
Event: 86.334 GC heap after
{Heap after GC invocations=42 (full 3):
 PSYoungGen      total 19456K, used 960K [0x00000000eab00000, 0x00000000ebf00000, 0x0000000100000000)
  eden space 17920K, 0% used [0x00000000eab00000,0x00000000eab00000,0x00000000ebc80000)
  from space 1536K, 62% used [0x00000000ebc80000,0x00000000ebd70010,0x00000000ebe00000)
  to   space 1024K, 0% used [0x00000000ebe00000,0x00000000ebe00000,0x00000000ebf00000)
 ParOldGen       total 68608K, used 54614K [0x00000000c0000000, 0x00000000c4300000, 0x00000000eab00000)
  object space 68608K, 79% used [0x00000000c0000000,0x00000000c3555b20,0x00000000c4300000)
 Metaspace       used 69739K, committed 70848K, reserved 1114112K
  class space    used 8067K, committed 8512K, reserved 1048576K
}
Event: 87.012 GC heap before
{Heap before GC invocations=43 (full 3):
 PSYoungGen      total 19456K, used 18880K [0x00000000eab00000, 0x00000000ebf00000, 0x0000000100000000)
  eden space 17920K, 100% used [0x00000000eab00000,0x00000000ebc80000,0x00000000ebc80000)
  from space 1536K, 62% used [0x00000000ebc80000,0x00000000ebd70010,0x00000000ebe00000)
  to   space 1024K, 0% used [0x00000000ebe00000,0x00000000ebe00000,0x00000000ebf00000)
 ParOldGen       total 68608K, used 54614K [0x00000000c0000000, 0x00000000c4300000, 0x00000000eab00000)
  object space 68608K, 79% used [0x00000000c0000000,0x00000000c3555b20,0x00000000c4300000)
 Metaspace       used 70744K, committed 71872K, reserved 1114112K
  class space    used 8161K, committed 8640K, reserved 1048576K
}
Event: 87.015 GC heap after
{Heap after GC invocations=43 (full 3):
 PSYoungGen      total 18432K, used 448K [0x00000000eab00000, 0x00000000ebe80000, 0x0000000100000000)
  eden space 17920K, 0% used [0x00000000eab00000,0x00000000eab00000,0x00000000ebc80000)
  from space 512K, 87% used [0x00000000ebe00000,0x00000000ebe70000,0x00000000ebe80000)
  to   space 1024K, 0% used [0x00000000ebc80000,0x00000000ebc80000,0x00000000ebd80000)
 ParOldGen       total 68608K, used 55467K [0x00000000c0000000, 0x00000000c4300000, 0x00000000eab00000)
  object space 68608K, 80% used [0x00000000c0000000,0x00000000c362acd8,0x00000000c4300000)
 Metaspace       used 70744K, committed 71872K, reserved 1114112K
  class space    used 8161K, committed 8640K, reserved 1048576K
}

