# JRE version: OpenJDK Runtime Environment Temurin-17.0.13+11 (17.0.13+11) (build 17.0.13+11)
# Java VM: OpenJDK 64-Bit Server VM Temurin-17.0.13+11 (17.0.13+11, mixed mode, tiered, compressed oops, compressed class ptrs, parallel gc, windows-amd64)
GC Precious Log:
 CPUs: 8 total, 8 available
 Memory: 7952M
 Large Page Support: Disabled
 NUMA Support: Disabled
 Compressed Oops: Enabled (32-bit)
 Alignments: Space 512K, Generation 512K, Heap 2M
 Heap Min Capacity: 100M
 Heap Initial Capacity: 100M
 Heap Max Capacity: 1G
 Pre-touch: Disabled
 Parallel Workers: 8
Heap:
 PSYoungGen      total 8192K, used 7202K [0x00000000eab00000, 0x00000000eb500000, 0x0000000100000000)
  eden space 7680K, 87% used [0x00000000eab00000,0x00000000eb189060,0x00000000eb280000)
  from space 512K, 99% used [0x00000000eb280000,0x00000000eb2ffb40,0x00000000eb300000)
  to   space 512K, 0% used [0x00000000eb480000,0x00000000eb480000,0x00000000eb500000)
 ParOldGen       total 185344K, used 174500K [0x00000000c0000000, 0x00000000cb500000, 0x00000000eab00000)
  object space 185344K, 94% used [0x00000000c0000000,0x00000000caa69028,0x00000000cb500000)
 Metaspace       used 76275K, committed 77312K, reserved 1179648K
  class space    used 8523K, committed 8896K, reserved 1048576K
GC Heap History (20 events):
Event: 52.672 GC heap before
{Heap before GC invocations=105 (full 7):
 PSYoungGen      total 8192K, used 7968K [0x00000000eab00000, 0x00000000eb500000, 0x0000000100000000)
  eden space 7168K, 100% used [0x00000000eab00000,0x00000000eb200000,0x00000000eb200000)
  from space 1024K, 78% used [0x00000000eb200000,0x00000000eb2c8000,0x00000000eb300000)
  to   space 1536K, 0% used [0x00000000eb380000,0x00000000eb380000,0x00000000eb500000)
 ParOldGen       total 176128K, used 167658K [0x00000000c0000000, 0x00000000cac00000, 0x00000000eab00000)
  object space 176128K, 95% used [0x00000000c0000000,0x00000000ca3ba9b8,0x00000000cac00000)
 Metaspace       used 76094K, committed 77184K, reserved 1179648K
  class space    used 8506K, committed 8896K, reserved 1048576K
}
Event: 52.676 GC heap after
{Heap after GC invocations=105 (full 7):
 PSYoungGen      total 8192K, used 832K [0x00000000eab00000, 0x00000000eb480000, 0x0000000100000000)
  eden space 7168K, 0% used [0x00000000eab00000,0x00000000eab00000,0x00000000eb200000)
  from space 1024K, 81% used [0x00000000eb380000,0x00000000eb450000,0x00000000eb480000)
  to   space 1024K, 0% used [0x00000000eb200000,0x00000000eb200000,0x00000000eb300000)
 ParOldGen       total 176128K, used 168370K [0x00000000c0000000, 0x00000000cac00000, 0x00000000eab00000)
  object space 176128K, 95% used [0x00000000c0000000,0x00000000ca46c9b8,0x00000000cac00000)
 Metaspace       used 76094K, committed 77184K, reserved 1179648K
  class space    used 8506K, committed 8896K, reserved 1048576K
}
Event: 52.716 GC heap before
{Heap before GC invocations=106 (full 7):
 PSYoungGen      total 8192K, used 6416K [0x00000000eab00000, 0x00000000eb480000, 0x0000000100000000)
  eden space 7168K, 77% used [0x00000000eab00000,0x00000000eb074270,0x00000000eb200000)
  from space 1024K, 81% used [0x00000000eb380000,0x00000000eb450000,0x00000000eb480000)
  to   space 1024K, 0% used [0x00000000eb200000,0x00000000eb200000,0x00000000eb300000)
 ParOldGen       total 187392K, used 179379K [0x00000000c0000000, 0x00000000cb700000, 0x00000000eab00000)
  object space 187392K, 95% used [0x00000000c0000000,0x00000000caf2cf58,0x00000000cb700000)
 Metaspace       used 76104K, committed 77184K, reserved 1179648K
  class space    used 8507K, committed 8896K, reserved 1048576K
}
Event: 52.721 GC heap after
{Heap after GC invocations=106 (full 7):
 PSYoungGen      total 8192K, used 704K [0x00000000eab00000, 0x00000000eb400000, 0x0000000100000000)
  eden space 7168K, 0% used [0x00000000eab00000,0x00000000eab00000,0x00000000eb200000)
  from space 1024K, 68% used [0x00000000eb200000,0x00000000eb2b0000,0x00000000eb300000)
  to   space 1024K, 0% used [0x00000000eb300000,0x00000000eb300000,0x00000000eb400000)
 ParOldGen       total 187392K, used 180102K [0x00000000c0000000, 0x00000000cb700000, 0x00000000eab00000)
  object space 187392K, 96% used [0x00000000c0000000,0x00000000cafe1968,0x00000000cb700000)
 Metaspace       used 76104K, committed 77184K, reserved 1179648K
  class space    used 8507K, committed 8896K, reserved 1048576K
}
Event: 52.721 GC heap before
{Heap before GC invocations=107 (full 7):
 PSYoungGen      total 8192K, used 704K [0x00000000eab00000, 0x00000000eb400000, 0x0000000100000000)
  eden space 7168K, 0% used [0x00000000eab00000,0x00000000eab00000,0x00000000eb200000)
  from space 1024K, 68% used [0x00000000eb200000,0x00000000eb2b0000,0x00000000eb300000)
  to   space 1024K, 0% used [0x00000000eb300000,0x00000000eb300000,0x00000000eb400000)
 ParOldGen       total 187392K, used 180102K [0x00000000c0000000, 0x00000000cb700000, 0x00000000eab00000)
  object space 187392K, 96% used [0x00000000c0000000,0x00000000cafe1968,0x00000000cb700000)
 Metaspace       used 76104K, committed 77184K, reserved 1179648K
  class space    used 8507K, committed 8896K, reserved 1048576K
}
Event: 52.724 GC heap after
{Heap after GC invocations=107 (full 7):
 PSYoungGen      total 8704K, used 0K [0x00000000eab00000, 0x00000000eb480000, 0x0000000100000000)
  eden space 7680K, 0% used [0x00000000eab00000,0x00000000eab00000,0x00000000eb280000)
  from space 1024K, 0% used [0x00000000eb300000,0x00000000eb300000,0x00000000eb400000)
  to   space 512K, 0% used [0x00000000eb280000,0x00000000eb280000,0x00000000eb300000)
 ParOldGen       total 187392K, used 180701K [0x00000000c0000000, 0x00000000cb700000, 0x00000000eab00000)
  object space 187392K, 96% used [0x00000000c0000000,0x00000000cb077680,0x00000000cb700000)
 Metaspace       used 76104K, committed 77184K, reserved 1179648K
  class space    used 8507K, committed 8896K, reserved 1048576K
}
Event: 52.724 GC heap before
{Heap before GC invocations=108 (full 8):
 PSYoungGen      total 8704K, used 0K [0x00000000eab00000, 0x00000000eb480000, 0x0000000100000000)
  eden space 7680K, 0% used [0x00000000eab00000,0x00000000eab00000,0x00000000eb280000)
  from space 1024K, 0% used [0x00000000eb300000,0x00000000eb300000,0x00000000eb400000)
  to   space 512K, 0% used [0x00000000eb280000,0x00000000eb280000,0x00000000eb300000)
 ParOldGen       total 187392K, used 180701K [0x00000000c0000000, 0x00000000cb700000, 0x00000000eab00000)
  object space 187392K, 96% used [0x00000000c0000000,0x00000000cb077680,0x00000000cb700000)
 Metaspace       used 76104K, committed 77184K, reserved 1179648K
  class space    used 8507K, committed 8896K, reserved 1048576K
}
Event: 52.830 GC heap after
{Heap after GC invocations=108 (full 8):
 PSYoungGen      total 8192K, used 0K [0x00000000eab00000, 0x00000000eb500000, 0x0000000100000000)
  eden space 7680K, 0% used [0x00000000eab00000,0x00000000eab00000,0x00000000eb280000)
  from space 512K, 0% used [0x00000000eb280000,0x00000000eb280000,0x00000000eb300000)
  to   space 512K, 0% used [0x00000000eb480000,0x00000000eb480000,0x00000000eb500000)
 ParOldGen       total 185344K, used 153436K [0x00000000c0000000, 0x00000000cb500000, 0x00000000eab00000)
  object space 185344K, 82% used [0x00000000c0000000,0x00000000c95d71b8,0x00000000cb500000)
 Metaspace       used 76104K, committed 77184K, reserved 1179648K
  class space    used 8507K, committed 8896K, reserved 1048576K
}
Event: 52.871 GC heap before
{Heap before GC invocations=109 (full 8):
 PSYoungGen      total 8192K, used 7679K [0x00000000eab00000, 0x00000000eb500000, 0x0000000100000000)
  eden space 7680K, 99% used [0x00000000eab00000,0x00000000eb27fd18,0x00000000eb280000)
  from space 512K, 0% used [0x00000000eb280000,0x00000000eb280000,0x00000000eb300000)
  to   space 512K, 0% used [0x00000000eb480000,0x00000000eb480000,0x00000000eb500000)
 ParOldGen       total 185344K, used 164445K [0x00000000c0000000, 0x00000000cb500000, 0x00000000eab00000)
  object space 185344K, 88% used [0x00000000c0000000,0x00000000ca097758,0x00000000cb500000)
 Metaspace       used 76120K, committed 77184K, reserved 1179648K
  class space    used 8510K, committed 8896K, reserved 1048576K
}
Event: 52.876 GC heap after
{Heap after GC invocations=109 (full 8):
 PSYoungGen      total 8192K, used 512K [0x00000000eab00000, 0x00000000eb500000, 0x0000000100000000)
  eden space 7680K, 0% used [0x00000000eab00000,0x00000000eab00000,0x00000000eb280000)
  from space 512K, 100% used [0x00000000eb480000,0x00000000eb500000,0x00000000eb500000)
  to   space 512K, 0% used [0x00000000eb280000,0x00000000eb280000,0x00000000eb300000)
 ParOldGen       total 185344K, used 166277K [0x00000000c0000000, 0x00000000cb500000, 0x00000000eab00000)
  object space 185344K, 89% used [0x00000000c0000000,0x00000000ca261758,0x00000000cb500000)
 Metaspace       used 76120K, committed 77184K, reserved 1179648K
  class space    used 8510K, committed 8896K, reserved 1048576K
}
Event: 52.913 GC heap before
{Heap before GC invocations=110 (full 8):
 PSYoungGen      total 8192K, used 8192K [0x00000000eab00000, 0x00000000eb500000, 0x0000000100000000)
  eden space 7680K, 100% used [0x00000000eab00000,0x00000000eb280000,0x00000000eb280000)
  from space 512K, 100% used [0x00000000eb480000,0x00000000eb500000,0x00000000eb500000)
  to   space 512K, 0% used [0x00000000eb280000,0x00000000eb280000,0x00000000eb300000)
 ParOldGen       total 185344K, used 166277K [0x00000000c0000000, 0x00000000cb500000, 0x00000000eab00000)
  object space 185344K, 89% used [0x00000000c0000000,0x00000000ca261758,0x00000000cb500000)
 Metaspace       used 76153K, committed 77184K, reserved 1179648K
  class space    used 8512K, committed 8896K, reserved 1048576K
}
Event: 52.918 GC heap after
{Heap after GC invocations=110 (full 8):
 PSYoungGen      total 8192K, used 512K [0x00000000eab00000, 0x00000000eb500000, 0x0000000100000000)
  eden space 7680K, 0% used [0x00000000eab00000,0x00000000eab00000,0x00000000eb280000)
  from space 512K, 100% used [0x00000000eb280000,0x00000000eb300000,0x00000000eb300000)
  to   space 512K, 0% used [0x00000000eb480000,0x00000000eb480000,0x00000000eb500000)
 ParOldGen       total 185344K, used 169231K [0x00000000c0000000, 0x00000000cb500000, 0x00000000eab00000)
  object space 185344K, 91% used [0x00000000c0000000,0x00000000ca543dd8,0x00000000cb500000)
 Metaspace       used 76153K, committed 77184K, reserved 1179648K
  class space    used 8512K, committed 8896K, reserved 1048576K
}
Event: 52.939 GC heap before
{Heap before GC invocations=111 (full 8):
 PSYoungGen      total 8192K, used 8192K [0x00000000eab00000, 0x00000000eb500000, 0x0000000100000000)
  eden space 7680K, 100% used [0x00000000eab00000,0x00000000eb280000,0x00000000eb280000)
  from space 512K, 100% used [0x00000000eb280000,0x00000000eb300000,0x00000000eb300000)
  to   space 512K, 0% used [0x00000000eb480000,0x00000000eb480000,0x00000000eb500000)
 ParOldGen       total 185344K, used 169231K [0x00000000c0000000, 0x00000000cb500000, 0x00000000eab00000)
  object space 185344K, 91% used [0x00000000c0000000,0x00000000ca543dd8,0x00000000cb500000)
 Metaspace       used 76176K, committed 77248K, reserved 1179648K
  class space    used 8515K, committed 8896K, reserved 1048576K
}
Event: 52.942 GC heap after
{Heap after GC invocations=111 (full 8):
 PSYoungGen      total 8192K, used 512K [0x00000000eab00000, 0x00000000eb500000, 0x0000000100000000)
  eden space 7680K, 0% used [0x00000000eab00000,0x00000000eab00000,0x00000000eb280000)
  from space 512K, 100% used [0x00000000eb480000,0x00000000eb500000,0x00000000eb500000)
  to   space 512K, 0% used [0x00000000eb280000,0x00000000eb280000,0x00000000eb300000)
 ParOldGen       total 185344K, used 169769K [0x00000000c0000000, 0x00000000cb500000, 0x00000000eab00000)
  object space 185344K, 91% used [0x00000000c0000000,0x00000000ca5ca6d8,0x00000000cb500000)
 Metaspace       used 76176K, committed 77248K, reserved 1179648K
  class space    used 8515K, committed 8896K, reserved 1048576K
}
Event: 52.963 GC heap before
{Heap before GC invocations=112 (full 8):
 PSYoungGen      total 8192K, used 8192K [0x00000000eab00000, 0x00000000eb500000, 0x0000000100000000)
  eden space 7680K, 100% used [0x00000000eab00000,0x00000000eb280000,0x00000000eb280000)
  from space 512K, 100% used [0x00000000eb480000,0x00000000eb500000,0x00000000eb500000)
  to   space 512K, 0% used [0x00000000eb280000,0x00000000eb280000,0x00000000eb300000)
 ParOldGen       total 185344K, used 169769K [0x00000000c0000000, 0x00000000cb500000, 0x00000000eab00000)
  object space 185344K, 91% used [0x00000000c0000000,0x00000000ca5ca6d8,0x00000000cb500000)
 Metaspace       used 76176K, committed 77248K, reserved 1179648K
  class space    used 8515K, committed 8896K, reserved 1048576K
}
Event: 52.966 GC heap after
{Heap after GC invocations=112 (full 8):
 PSYoungGen      total 8192K, used 499K [0x00000000eab00000, 0x00000000eb500000, 0x0000000100000000)
  eden space 7680K, 0% used [0x00000000eab00000,0x00000000eab00000,0x00000000eb280000)
  from space 512K, 97% used [0x00000000eb280000,0x00000000eb2fcfc0,0x00000000eb300000)
  to   space 512K, 0% used [0x00000000eb480000,0x00000000eb480000,0x00000000eb500000)
 ParOldGen       total 185344K, used 171436K [0x00000000c0000000, 0x00000000cb500000, 0x00000000eab00000)
  object space 185344K, 92% used [0x00000000c0000000,0x00000000ca76b388,0x00000000cb500000)
 Metaspace       used 76176K, committed 77248K, reserved 1179648K
  class space    used 8515K, committed 8896K, reserved 1048576K
}
Event: 52.990 GC heap before
{Heap before GC invocations=113 (full 8):
 PSYoungGen      total 8192K, used 8179K [0x00000000eab00000, 0x00000000eb500000, 0x0000000100000000)
  eden space 7680K, 100% used [0x00000000eab00000,0x00000000eb280000,0x00000000eb280000)
  from space 512K, 97% used [0x00000000eb280000,0x00000000eb2fcfc0,0x00000000eb300000)
  to   space 512K, 0% used [0x00000000eb480000,0x00000000eb480000,0x00000000eb500000)
 ParOldGen       total 185344K, used 171436K [0x00000000c0000000, 0x00000000cb500000, 0x00000000eab00000)
  object space 185344K, 92% used [0x00000000c0000000,0x00000000ca76b388,0x00000000cb500000)
 Metaspace       used 76217K, committed 77248K, reserved 1179648K
  class space    used 8522K, committed 8896K, reserved 1048576K
}
Event: 52.994 GC heap after
{Heap after GC invocations=113 (full 8):
 PSYoungGen      total 8192K, used 501K [0x00000000eab00000, 0x00000000eb500000, 0x0000000100000000)
  eden space 7680K, 0% used [0x00000000eab00000,0x00000000eab00000,0x00000000eb280000)
  from space 512K, 98% used [0x00000000eb480000,0x00000000eb4fd7b8,0x00000000eb500000)
  to   space 512K, 0% used [0x00000000eb280000,0x00000000eb280000,0x00000000eb300000)
 ParOldGen       total 185344K, used 172964K [0x00000000c0000000, 0x00000000cb500000, 0x00000000eab00000)
  object space 185344K, 93% used [0x00000000c0000000,0x00000000ca8e9190,0x00000000cb500000)
 Metaspace       used 76217K, committed 77248K, reserved 1179648K
  class space    used 8522K, committed 8896K, reserved 1048576K
}
Event: 53.013 GC heap before
{Heap before GC invocations=114 (full 8):
 PSYoungGen      total 8192K, used 8181K [0x00000000eab00000, 0x00000000eb500000, 0x0000000100000000)
  eden space 7680K, 100% used [0x00000000eab00000,0x00000000eb280000,0x00000000eb280000)
  from space 512K, 98% used [0x00000000eb480000,0x00000000eb4fd7b8,0x00000000eb500000)
  to   space 512K, 0% used [0x00000000eb280000,0x00000000eb280000,0x00000000eb300000)
 ParOldGen       total 185344K, used 172964K [0x00000000c0000000, 0x00000000cb500000, 0x00000000eab00000)
  object space 185344K, 93% used [0x00000000c0000000,0x00000000ca8e9190,0x00000000cb500000)
 Metaspace       used 76225K, committed 77248K, reserved 1179648K
  class space    used 8522K, committed 8896K, reserved 1048576K
}
Event: 53.016 GC heap after
{Heap after GC invocations=114 (full 8):
 PSYoungGen      total 8192K, used 510K [0x00000000eab00000, 0x00000000eb500000, 0x0000000100000000)
  eden space 7680K, 0% used [0x00000000eab00000,0x00000000eab00000,0x00000000eb280000)
  from space 512K, 99% used [0x00000000eb280000,0x00000000eb2ffb40,0x00000000eb300000)
  to   space 512K, 0% used [0x00000000eb480000,0x00000000eb480000,0x00000000eb500000)
 ParOldGen       total 185344K, used 174500K [0x00000000c0000000, 0x00000000cb500000, 0x00000000eab00000)
  object space 185344K, 94% used [0x00000000c0000000,0x00000000caa69028,0x00000000cb500000)
 Metaspace       used 76225K, committed 77248K, reserved 1179648K
  class space    used 8522K, committed 8896K, reserved 1048576K
}

