# JRE version: OpenJDK Runtime Environment Temurin-17.0.12+7 (17.0.12+7) (build 17.0.12+7)
# Java VM: OpenJDK 64-Bit Server VM Temurin-17.0.12+7 (17.0.12+7, mixed mode, tiered, compressed oops, compressed class ptrs, parallel gc, windows-amd64)
GC Precious Log:
 CPUs: 4 total, 4 available
 Memory: 7854M
 Large Page Support: Disabled
 NUMA Support: Disabled
 Compressed Oops: Enabled (32-bit)
 Alignments: Space 512K, Generation 512K, Heap 2M
 Heap Min Capacity: 100M
 Heap Initial Capacity: 100M
 Heap Max Capacity: 1G
 Pre-touch: Disabled
 Parallel Workers: 4
Heap:
 PSYoungGen      total 7168K, used 4747K [0x00000000eab00000, 0x00000000eb680000, 0x0000000100000000)
  eden space 2560K, 27% used [0x00000000eab00000,0x00000000eabae3f0,0x00000000ead80000)
  from space 4608K, 87% used [0x00000000ead80000,0x00000000eb1749c0,0x00000000eb200000)
  to   space 4608K, 0% used [0x00000000eb200000,0x00000000eb200000,0x00000000eb680000)
 ParOldGen       total 409600K, used 375087K [0x00000000c0000000, 0x00000000d9000000, 0x00000000eab00000)
  object space 409600K, 91% used [0x00000000c0000000,0x00000000d6e4bca8,0x00000000d9000000)
 Metaspace       used 89740K, committed 91136K, reserved 1179648K
  class space    used 10555K, committed 11136K, reserved 1048576K
GC Heap History (20 events):
Event: 130.588 GC heap before
{Heap before GC invocations=336 (full 15):
 PSYoungGen      total 9728K, used 9538K [0x00000000eab00000, 0x00000000ebb00000, 0x0000000100000000)
  eden space 5120K, 100% used [0x00000000eab00000,0x00000000eb000000,0x00000000eb000000)
  from space 4608K, 95% used [0x00000000eb000000,0x00000000eb450a20,0x00000000eb480000)
  to   space 5632K, 0% used [0x00000000eb580000,0x00000000eb580000,0x00000000ebb00000)
 ParOldGen       total 409600K, used 369518K [0x00000000c0000000, 0x00000000d9000000, 0x00000000eab00000)
  object space 409600K, 90% used [0x00000000c0000000,0x00000000d68dbae0,0x00000000d9000000)
 Metaspace       used 88088K, committed 89472K, reserved 1179648K
  class space    used 10393K, committed 11008K, reserved 1048576K
}
Event: 130.596 GC heap after
{Heap after GC invocations=336 (full 15):
 PSYoungGen      total 10752K, used 5276K [0x00000000eab00000, 0x00000000ebb00000, 0x0000000100000000)
  eden space 5120K, 0% used [0x00000000eab00000,0x00000000eab00000,0x00000000eb000000)
  from space 5632K, 93% used [0x00000000eb580000,0x00000000ebaa7040,0x00000000ebb00000)
  to   space 5632K, 0% used [0x00000000eb000000,0x00000000eb000000,0x00000000eb580000)
 ParOldGen       total 409600K, used 369518K [0x00000000c0000000, 0x00000000d9000000, 0x00000000eab00000)
  object space 409600K, 90% used [0x00000000c0000000,0x00000000d68dbae0,0x00000000d9000000)
 Metaspace       used 88088K, committed 89472K, reserved 1179648K
  class space    used 10393K, committed 11008K, reserved 1048576K
}
Event: 1010.831 GC heap before
{Heap before GC invocations=337 (full 15):
 PSYoungGen      total 10752K, used 10396K [0x00000000eab00000, 0x00000000ebb00000, 0x0000000100000000)
  eden space 5120K, 100% used [0x00000000eab00000,0x00000000eb000000,0x00000000eb000000)
  from space 5632K, 93% used [0x00000000eb580000,0x00000000ebaa7040,0x00000000ebb00000)
  to   space 5632K, 0% used [0x00000000eb000000,0x00000000eb000000,0x00000000eb580000)
 ParOldGen       total 409600K, used 369518K [0x00000000c0000000, 0x00000000d9000000, 0x00000000eab00000)
  object space 409600K, 90% used [0x00000000c0000000,0x00000000d68dbae0,0x00000000d9000000)
 Metaspace       used 88314K, committed 89664K, reserved 1179648K
  class space    used 10409K, committed 11008K, reserved 1048576K
}
Event: 1010.839 GC heap after
{Heap after GC invocations=337 (full 15):
 PSYoungGen      total 10240K, used 4818K [0x00000000eab00000, 0x00000000eba00000, 0x0000000100000000)
  eden space 5120K, 0% used [0x00000000eab00000,0x00000000eab00000,0x00000000eb000000)
  from space 5120K, 94% used [0x00000000eb000000,0x00000000eb4b4a50,0x00000000eb500000)
  to   space 5120K, 0% used [0x00000000eb500000,0x00000000eb500000,0x00000000eba00000)
 ParOldGen       total 409600K, used 369526K [0x00000000c0000000, 0x00000000d9000000, 0x00000000eab00000)
  object space 409600K, 90% used [0x00000000c0000000,0x00000000d68ddae0,0x00000000d9000000)
 Metaspace       used 88314K, committed 89664K, reserved 1179648K
  class space    used 10409K, committed 11008K, reserved 1048576K
}
Event: 1010.971 GC heap before
{Heap before GC invocations=338 (full 15):
 PSYoungGen      total 10240K, used 9935K [0x00000000eab00000, 0x00000000eba00000, 0x0000000100000000)
  eden space 5120K, 99% used [0x00000000eab00000,0x00000000eafff308,0x00000000eb000000)
  from space 5120K, 94% used [0x00000000eb000000,0x00000000eb4b4a50,0x00000000eb500000)
  to   space 5120K, 0% used [0x00000000eb500000,0x00000000eb500000,0x00000000eba00000)
 ParOldGen       total 409600K, used 369526K [0x00000000c0000000, 0x00000000d9000000, 0x00000000eab00000)
  object space 409600K, 90% used [0x00000000c0000000,0x00000000d68ddae0,0x00000000d9000000)
 Metaspace       used 88491K, committed 89856K, reserved 1179648K
  class space    used 10420K, committed 11008K, reserved 1048576K
}
Event: 1010.980 GC heap after
{Heap after GC invocations=338 (full 15):
 PSYoungGen      total 7680K, used 5090K [0x00000000eab00000, 0x00000000ebf00000, 0x0000000100000000)
  eden space 2560K, 0% used [0x00000000eab00000,0x00000000eab00000,0x00000000ead80000)
  from space 5120K, 99% used [0x00000000eb500000,0x00000000eb9f8b20,0x00000000eba00000)
  to   space 7680K, 0% used [0x00000000ead80000,0x00000000ead80000,0x00000000eb500000)
 ParOldGen       total 409600K, used 371623K [0x00000000c0000000, 0x00000000d9000000, 0x00000000eab00000)
  object space 409600K, 90% used [0x00000000c0000000,0x00000000d6ae9e48,0x00000000d9000000)
 Metaspace       used 88491K, committed 89856K, reserved 1179648K
  class space    used 10420K, committed 11008K, reserved 1048576K
}
Event: 1011.097 GC heap before
{Heap before GC invocations=339 (full 15):
 PSYoungGen      total 7680K, used 7624K [0x00000000eab00000, 0x00000000ebf00000, 0x0000000100000000)
  eden space 2560K, 98% used [0x00000000eab00000,0x00000000ead796d8,0x00000000ead80000)
  from space 5120K, 99% used [0x00000000eb500000,0x00000000eb9f8b20,0x00000000eba00000)
  to   space 7680K, 0% used [0x00000000ead80000,0x00000000ead80000,0x00000000eb500000)
 ParOldGen       total 409600K, used 373103K [0x00000000c0000000, 0x00000000d9000000, 0x00000000eab00000)
  object space 409600K, 91% used [0x00000000c0000000,0x00000000d6c5bd78,0x00000000d9000000)
 Metaspace       used 88540K, committed 89920K, reserved 1179648K
  class space    used 10420K, committed 11008K, reserved 1048576K
}
Event: 1011.104 GC heap after
{Heap after GC invocations=339 (full 15):
 PSYoungGen      total 6656K, used 3976K [0x00000000eab00000, 0x00000000eb880000, 0x0000000100000000)
  eden space 2560K, 0% used [0x00000000eab00000,0x00000000eab00000,0x00000000ead80000)
  from space 4096K, 97% used [0x00000000ead80000,0x00000000eb162058,0x00000000eb180000)
  to   space 5632K, 0% used [0x00000000eb300000,0x00000000eb300000,0x00000000eb880000)
 ParOldGen       total 409600K, used 373175K [0x00000000c0000000, 0x00000000d9000000, 0x00000000eab00000)
  object space 409600K, 91% used [0x00000000c0000000,0x00000000d6c6dd78,0x00000000d9000000)
 Metaspace       used 88540K, committed 89920K, reserved 1179648K
  class space    used 10420K, committed 11008K, reserved 1048576K
}
Event: 1011.210 GC heap before
{Heap before GC invocations=340 (full 15):
 PSYoungGen      total 6656K, used 6536K [0x00000000eab00000, 0x00000000eb880000, 0x0000000100000000)
  eden space 2560K, 100% used [0x00000000eab00000,0x00000000ead80000,0x00000000ead80000)
  from space 4096K, 97% used [0x00000000ead80000,0x00000000eb162058,0x00000000eb180000)
  to   space 5632K, 0% used [0x00000000eb300000,0x00000000eb300000,0x00000000eb880000)
 ParOldGen       total 409600K, used 374655K [0x00000000c0000000, 0x00000000d9000000, 0x00000000eab00000)
  object space 409600K, 91% used [0x00000000c0000000,0x00000000d6ddfca8,0x00000000d9000000)
 Metaspace       used 88579K, committed 89984K, reserved 1179648K
  class space    used 10423K, committed 11008K, reserved 1048576K
}
Event: 1011.218 GC heap after
{Heap after GC invocations=340 (full 15):
 PSYoungGen      total 7168K, used 4510K [0x00000000eab00000, 0x00000000eb780000, 0x0000000100000000)
  eden space 2560K, 0% used [0x00000000eab00000,0x00000000eab00000,0x00000000ead80000)
  from space 4608K, 97% used [0x00000000eb300000,0x00000000eb7678a0,0x00000000eb780000)
  to   space 5120K, 0% used [0x00000000ead80000,0x00000000ead80000,0x00000000eb280000)
 ParOldGen       total 409600K, used 374655K [0x00000000c0000000, 0x00000000d9000000, 0x00000000eab00000)
  object space 409600K, 91% used [0x00000000c0000000,0x00000000d6ddfca8,0x00000000d9000000)
 Metaspace       used 88579K, committed 89984K, reserved 1179648K
  class space    used 10423K, committed 11008K, reserved 1048576K
}
Event: 1011.328 GC heap before
{Heap before GC invocations=341 (full 15):
 PSYoungGen      total 7168K, used 7070K [0x00000000eab00000, 0x00000000eb780000, 0x0000000100000000)
  eden space 2560K, 100% used [0x00000000eab00000,0x00000000ead80000,0x00000000ead80000)
  from space 4608K, 97% used [0x00000000eb300000,0x00000000eb7678a0,0x00000000eb780000)
  to   space 5120K, 0% used [0x00000000ead80000,0x00000000ead80000,0x00000000eb280000)
 ParOldGen       total 409600K, used 374655K [0x00000000c0000000, 0x00000000d9000000, 0x00000000eab00000)
  object space 409600K, 91% used [0x00000000c0000000,0x00000000d6ddfca8,0x00000000d9000000)
 Metaspace       used 88799K, committed 90112K, reserved 1179648K
  class space    used 10433K, committed 11008K, reserved 1048576K
}
Event: 1011.332 GC heap after
{Heap after GC invocations=341 (full 15):
 PSYoungGen      total 7168K, used 4371K [0x00000000eab00000, 0x00000000eb680000, 0x0000000100000000)
  eden space 2560K, 0% used [0x00000000eab00000,0x00000000eab00000,0x00000000ead80000)
  from space 4608K, 94% used [0x00000000ead80000,0x00000000eb1c4eb0,0x00000000eb200000)
  to   space 4608K, 0% used [0x00000000eb200000,0x00000000eb200000,0x00000000eb680000)
 ParOldGen       total 409600K, used 374655K [0x00000000c0000000, 0x00000000d9000000, 0x00000000eab00000)
  object space 409600K, 91% used [0x00000000c0000000,0x00000000d6ddfca8,0x00000000d9000000)
 Metaspace       used 88799K, committed 90112K, reserved 1179648K
  class space    used 10433K, committed 11008K, reserved 1048576K
}
Event: 1011.632 GC heap before
{Heap before GC invocations=342 (full 15):
 PSYoungGen      total 7168K, used 6931K [0x00000000eab00000, 0x00000000eb680000, 0x0000000100000000)
  eden space 2560K, 100% used [0x00000000eab00000,0x00000000ead80000,0x00000000ead80000)
  from space 4608K, 94% used [0x00000000ead80000,0x00000000eb1c4eb0,0x00000000eb200000)
  to   space 4608K, 0% used [0x00000000eb200000,0x00000000eb200000,0x00000000eb680000)
 ParOldGen       total 409600K, used 374655K [0x00000000c0000000, 0x00000000d9000000, 0x00000000eab00000)
  object space 409600K, 91% used [0x00000000c0000000,0x00000000d6ddfca8,0x00000000d9000000)
 Metaspace       used 88923K, committed 90304K, reserved 1179648K
  class space    used 10452K, committed 11072K, reserved 1048576K
}
Event: 1011.642 GC heap after
{Heap after GC invocations=342 (full 15):
 PSYoungGen      total 7168K, used 4451K [0x00000000eab00000, 0x00000000eb680000, 0x0000000100000000)
  eden space 2560K, 0% used [0x00000000eab00000,0x00000000eab00000,0x00000000ead80000)
  from space 4608K, 96% used [0x00000000eb200000,0x00000000eb658e90,0x00000000eb680000)
  to   space 4608K, 0% used [0x00000000ead80000,0x00000000ead80000,0x00000000eb200000)
 ParOldGen       total 409600K, used 374655K [0x00000000c0000000, 0x00000000d9000000, 0x00000000eab00000)
  object space 409600K, 91% used [0x00000000c0000000,0x00000000d6ddfca8,0x00000000d9000000)
 Metaspace       used 88923K, committed 90304K, reserved 1179648K
  class space    used 10452K, committed 11072K, reserved 1048576K
}
Event: 1012.110 GC heap before
{Heap before GC invocations=343 (full 15):
 PSYoungGen      total 7168K, used 7010K [0x00000000eab00000, 0x00000000eb680000, 0x0000000100000000)
  eden space 2560K, 99% used [0x00000000eab00000,0x00000000ead7f9d8,0x00000000ead80000)
  from space 4608K, 96% used [0x00000000eb200000,0x00000000eb658e90,0x00000000eb680000)
  to   space 4608K, 0% used [0x00000000ead80000,0x00000000ead80000,0x00000000eb200000)
 ParOldGen       total 409600K, used 374655K [0x00000000c0000000, 0x00000000d9000000, 0x00000000eab00000)
  object space 409600K, 91% used [0x00000000c0000000,0x00000000d6ddfca8,0x00000000d9000000)
 Metaspace       used 89059K, committed 90496K, reserved 1179648K
  class space    used 10485K, committed 11072K, reserved 1048576K
}
Event: 1012.116 GC heap after
{Heap after GC invocations=343 (full 15):
 PSYoungGen      total 7168K, used 4422K [0x00000000eab00000, 0x00000000eb680000, 0x0000000100000000)
  eden space 2560K, 0% used [0x00000000eab00000,0x00000000eab00000,0x00000000ead80000)
  from space 4608K, 95% used [0x00000000ead80000,0x00000000eb1d19b0,0x00000000eb200000)
  to   space 4608K, 0% used [0x00000000eb200000,0x00000000eb200000,0x00000000eb680000)
 ParOldGen       total 409600K, used 374727K [0x00000000c0000000, 0x00000000d9000000, 0x00000000eab00000)
  object space 409600K, 91% used [0x00000000c0000000,0x00000000d6df1ca8,0x00000000d9000000)
 Metaspace       used 89059K, committed 90496K, reserved 1179648K
  class space    used 10485K, committed 11072K, reserved 1048576K
}
Event: 1012.408 GC heap before
{Heap before GC invocations=344 (full 15):
 PSYoungGen      total 7168K, used 6972K [0x00000000eab00000, 0x00000000eb680000, 0x0000000100000000)
  eden space 2560K, 99% used [0x00000000eab00000,0x00000000ead7d688,0x00000000ead80000)
  from space 4608K, 95% used [0x00000000ead80000,0x00000000eb1d19b0,0x00000000eb200000)
  to   space 4608K, 0% used [0x00000000eb200000,0x00000000eb200000,0x00000000eb680000)
 ParOldGen       total 409600K, used 374727K [0x00000000c0000000, 0x00000000d9000000, 0x00000000eab00000)
  object space 409600K, 91% used [0x00000000c0000000,0x00000000d6df1ca8,0x00000000d9000000)
 Metaspace       used 89382K, committed 90752K, reserved 1179648K
  class space    used 10520K, committed 11072K, reserved 1048576K
}
Event: 1012.412 GC heap after
{Heap after GC invocations=344 (full 15):
 PSYoungGen      total 7168K, used 4211K [0x00000000eab00000, 0x00000000eb680000, 0x0000000100000000)
  eden space 2560K, 0% used [0x00000000eab00000,0x00000000eab00000,0x00000000ead80000)
  from space 4608K, 91% used [0x00000000eb200000,0x00000000eb61ce90,0x00000000eb680000)
  to   space 4608K, 0% used [0x00000000ead80000,0x00000000ead80000,0x00000000eb200000)
 ParOldGen       total 409600K, used 374863K [0x00000000c0000000, 0x00000000d9000000, 0x00000000eab00000)
  object space 409600K, 91% used [0x00000000c0000000,0x00000000d6e13ca8,0x00000000d9000000)
 Metaspace       used 89382K, committed 90752K, reserved 1179648K
  class space    used 10520K, committed 11072K, reserved 1048576K
}
Event: 1012.566 GC heap before
{Heap before GC invocations=345 (full 15):
 PSYoungGen      total 7168K, used 6771K [0x00000000eab00000, 0x00000000eb680000, 0x0000000100000000)
  eden space 2560K, 100% used [0x00000000eab00000,0x00000000ead80000,0x00000000ead80000)
  from space 4608K, 91% used [0x00000000eb200000,0x00000000eb61ce90,0x00000000eb680000)
  to   space 4608K, 0% used [0x00000000ead80000,0x00000000ead80000,0x00000000eb200000)
 ParOldGen       total 409600K, used 374863K [0x00000000c0000000, 0x00000000d9000000, 0x00000000eab00000)
  object space 409600K, 91% used [0x00000000c0000000,0x00000000d6e13ca8,0x00000000d9000000)
 Metaspace       used 89650K, committed 91072K, reserved 1179648K
  class space    used 10547K, committed 11136K, reserved 1048576K
}
Event: 1012.573 GC heap after
{Heap after GC invocations=345 (full 15):
 PSYoungGen      total 7168K, used 4050K [0x00000000eab00000, 0x00000000eb680000, 0x0000000100000000)
  eden space 2560K, 0% used [0x00000000eab00000,0x00000000eab00000,0x00000000ead80000)
  from space 4608K, 87% used [0x00000000ead80000,0x00000000eb1749c0,0x00000000eb200000)
  to   space 4608K, 0% used [0x00000000eb200000,0x00000000eb200000,0x00000000eb680000)
 ParOldGen       total 409600K, used 375087K [0x00000000c0000000, 0x00000000d9000000, 0x00000000eab00000)
  object space 409600K, 91% used [0x00000000c0000000,0x00000000d6e4bca8,0x00000000d9000000)
 Metaspace       used 89650K, committed 91072K, reserved 1179648K
  class space    used 10547K, committed 11136K, reserved 1048576K
}

