# JRE version: OpenJDK Runtime Environment Temurin-17.0.12+7 (17.0.12+7) (build 17.0.12+7)
# Java VM: OpenJDK 64-Bit Server VM Temurin-17.0.12+7 (17.0.12+7, mixed mode, tiered, compressed oops, compressed class ptrs, parallel gc, windows-amd64)
GC Precious Log:
 CPUs: 4 total, 4 available
 Memory: 7854M
 Large Page Support: Disabled
 NUMA Support: Disabled
 Compressed Oops: Enabled (32-bit)
 Alignments: Space 512K, Generation 512K, Heap 2M
 Heap Min Capacity: 100M
 Heap Initial Capacity: 100M
 Heap Max Capacity: 1G
 Pre-touch: Disabled
 Parallel Workers: 4
Heap:
 PSYoungGen      total 18432K, used 18169K [0x00000000eab00000, 0x00000000ebf00000, 0x0000000100000000)
  eden space 16384K, 100% used [0x00000000eab00000,0x00000000ebb00000,0x00000000ebb00000)
  from space 2048K, 87% used [0x00000000ebb00000,0x00000000ebcbe568,0x00000000ebd00000)
  to   space 2048K, 0% used [0x00000000ebd00000,0x00000000ebd00000,0x00000000ebf00000)
 ParOldGen       total 68608K, used 63421K [0x00000000c0000000, 0x00000000c4300000, 0x00000000eab00000)
  object space 68608K, 92% used [0x00000000c0000000,0x00000000c3def630,0x00000000c4300000)
 Metaspace       used 65060K, committed 66368K, reserved 1114112K
  class space    used 6885K, committed 7488K, reserved 1048576K
GC Heap History (20 events):
Event: 56.220 GC heap before
{Heap before GC invocations=39 (full 3):
 PSYoungGen      total 20480K, used 20206K [0x00000000eab00000, 0x00000000ec000000, 0x0000000100000000)
  eden space 19456K, 99% used [0x00000000eab00000,0x00000000ebdfff68,0x00000000ebe00000)
  from space 1024K, 73% used [0x00000000ebe00000,0x00000000ebebb8a8,0x00000000ebf00000)
  to   space 1024K, 0% used [0x00000000ebf00000,0x00000000ebf00000,0x00000000ec000000)
 ParOldGen       total 68608K, used 42714K [0x00000000c0000000, 0x00000000c4300000, 0x00000000eab00000)
  object space 68608K, 62% used [0x00000000c0000000,0x00000000c29b6b08,0x00000000c4300000)
 Metaspace       used 61779K, committed 62912K, reserved 1114112K
  class space    used 6641K, committed 7168K, reserved 1048576K
}
Event: 56.224 GC heap after
{Heap after GC invocations=39 (full 3):
 PSYoungGen      total 18432K, used 1008K [0x00000000eab00000, 0x00000000ec400000, 0x0000000100000000)
  eden space 17408K, 0% used [0x00000000eab00000,0x00000000eab00000,0x00000000ebc00000)
  from space 1024K, 98% used [0x00000000ebf00000,0x00000000ebffc2a8,0x00000000ec000000)
  to   space 3072K, 0% used [0x00000000ebc00000,0x00000000ebc00000,0x00000000ebf00000)
 ParOldGen       total 68608K, used 44250K [0x00000000c0000000, 0x00000000c4300000, 0x00000000eab00000)
  object space 68608K, 64% used [0x00000000c0000000,0x00000000c2b36ba0,0x00000000c4300000)
 Metaspace       used 61779K, committed 62912K, reserved 1114112K
  class space    used 6641K, committed 7168K, reserved 1048576K
}
Event: 56.520 GC heap before
{Heap before GC invocations=40 (full 3):
 PSYoungGen      total 18432K, used 18416K [0x00000000eab00000, 0x00000000ec400000, 0x0000000100000000)
  eden space 17408K, 100% used [0x00000000eab00000,0x00000000ebc00000,0x00000000ebc00000)
  from space 1024K, 98% used [0x00000000ebf00000,0x00000000ebffc2a8,0x00000000ec000000)
  to   space 3072K, 0% used [0x00000000ebc00000,0x00000000ebc00000,0x00000000ebf00000)
 ParOldGen       total 68608K, used 44250K [0x00000000c0000000, 0x00000000c4300000, 0x00000000eab00000)
  object space 68608K, 64% used [0x00000000c0000000,0x00000000c2b36ba0,0x00000000c4300000)
 Metaspace       used 62966K, committed 64064K, reserved 1114112K
  class space    used 6735K, committed 7232K, reserved 1048576K
}
Event: 56.525 GC heap after
{Heap after GC invocations=40 (full 3):
 PSYoungGen      total 20480K, used 3064K [0x00000000eab00000, 0x00000000ec500000, 0x0000000100000000)
  eden space 17408K, 0% used [0x00000000eab00000,0x00000000eab00000,0x00000000ebc00000)
  from space 3072K, 99% used [0x00000000ebc00000,0x00000000ebefe2f8,0x00000000ebf00000)
  to   space 4608K, 0% used [0x00000000ec080000,0x00000000ec080000,0x00000000ec500000)
 ParOldGen       total 68608K, used 45243K [0x00000000c0000000, 0x00000000c4300000, 0x00000000eab00000)
  object space 68608K, 65% used [0x00000000c0000000,0x00000000c2c2ec60,0x00000000c4300000)
 Metaspace       used 62966K, committed 64064K, reserved 1114112K
  class space    used 6735K, committed 7232K, reserved 1048576K
}
Event: 56.910 GC heap before
{Heap before GC invocations=41 (full 3):
 PSYoungGen      total 20480K, used 20472K [0x00000000eab00000, 0x00000000ec500000, 0x0000000100000000)
  eden space 17408K, 100% used [0x00000000eab00000,0x00000000ebc00000,0x00000000ebc00000)
  from space 3072K, 99% used [0x00000000ebc00000,0x00000000ebefe2f8,0x00000000ebf00000)
  to   space 4608K, 0% used [0x00000000ec080000,0x00000000ec080000,0x00000000ec500000)
 ParOldGen       total 68608K, used 45243K [0x00000000c0000000, 0x00000000c4300000, 0x00000000eab00000)
  object space 68608K, 65% used [0x00000000c0000000,0x00000000c2c2ec60,0x00000000c4300000)
 Metaspace       used 63994K, committed 65280K, reserved 1114112K
  class space    used 6820K, committed 7424K, reserved 1048576K
}
Event: 56.915 GC heap after
{Heap after GC invocations=41 (full 3):
 PSYoungGen      total 19968K, used 2214K [0x00000000eab00000, 0x00000000ec300000, 0x0000000100000000)
  eden space 17408K, 0% used [0x00000000eab00000,0x00000000eab00000,0x00000000ebc00000)
  from space 2560K, 86% used [0x00000000ec080000,0x00000000ec2a9a70,0x00000000ec300000)
  to   space 3072K, 0% used [0x00000000ebd00000,0x00000000ebd00000,0x00000000ec000000)
 ParOldGen       total 68608K, used 48097K [0x00000000c0000000, 0x00000000c4300000, 0x00000000eab00000)
  object space 68608K, 70% used [0x00000000c0000000,0x00000000c2ef8650,0x00000000c4300000)
 Metaspace       used 63994K, committed 65280K, reserved 1114112K
  class space    used 6820K, committed 7424K, reserved 1048576K
}
Event: 57.345 GC heap before
{Heap before GC invocations=42 (full 3):
 PSYoungGen      total 19968K, used 19622K [0x00000000eab00000, 0x00000000ec300000, 0x0000000100000000)
  eden space 17408K, 100% used [0x00000000eab00000,0x00000000ebc00000,0x00000000ebc00000)
  from space 2560K, 86% used [0x00000000ec080000,0x00000000ec2a9a70,0x00000000ec300000)
  to   space 3072K, 0% used [0x00000000ebd00000,0x00000000ebd00000,0x00000000ec000000)
 ParOldGen       total 68608K, used 48097K [0x00000000c0000000, 0x00000000c4300000, 0x00000000eab00000)
  object space 68608K, 70% used [0x00000000c0000000,0x00000000c2ef8650,0x00000000c4300000)
 Metaspace       used 64752K, committed 66048K, reserved 1114112K
  class space    used 6875K, committed 7488K, reserved 1048576K
}
Event: 57.349 GC heap after
{Heap after GC invocations=42 (full 3):
 PSYoungGen      total 19456K, used 1616K [0x00000000eab00000, 0x00000000ec100000, 0x0000000100000000)
  eden space 17408K, 0% used [0x00000000eab00000,0x00000000eab00000,0x00000000ebc00000)
  from space 2048K, 78% used [0x00000000ebd00000,0x00000000ebe94070,0x00000000ebf00000)
  to   space 2048K, 0% used [0x00000000ebf00000,0x00000000ebf00000,0x00000000ec100000)
 ParOldGen       total 68608K, used 50098K [0x00000000c0000000, 0x00000000c4300000, 0x00000000eab00000)
  object space 68608K, 73% used [0x00000000c0000000,0x00000000c30eca78,0x00000000c4300000)
 Metaspace       used 64752K, committed 66048K, reserved 1114112K
  class space    used 6875K, committed 7488K, reserved 1048576K
}
Event: 57.730 GC heap before
{Heap before GC invocations=43 (full 3):
 PSYoungGen      total 19456K, used 19024K [0x00000000eab00000, 0x00000000ec100000, 0x0000000100000000)
  eden space 17408K, 100% used [0x00000000eab00000,0x00000000ebc00000,0x00000000ebc00000)
  from space 2048K, 78% used [0x00000000ebd00000,0x00000000ebe94070,0x00000000ebf00000)
  to   space 2048K, 0% used [0x00000000ebf00000,0x00000000ebf00000,0x00000000ec100000)
 ParOldGen       total 68608K, used 50098K [0x00000000c0000000, 0x00000000c4300000, 0x00000000eab00000)
  object space 68608K, 73% used [0x00000000c0000000,0x00000000c30eca78,0x00000000c4300000)
 Metaspace       used 64756K, committed 66048K, reserved 1114112K
  class space    used 6875K, committed 7488K, reserved 1048576K
}
Event: 57.735 GC heap after
{Heap after GC invocations=43 (full 3):
 PSYoungGen      total 18432K, used 2040K [0x00000000eab00000, 0x00000000ec400000, 0x0000000100000000)
  eden space 16384K, 0% used [0x00000000eab00000,0x00000000eab00000,0x00000000ebb00000)
  from space 2048K, 99% used [0x00000000ebf00000,0x00000000ec0fe018,0x00000000ec100000)
  to   space 4096K, 0% used [0x00000000ebb00000,0x00000000ebb00000,0x00000000ebf00000)
 ParOldGen       total 68608K, used 51765K [0x00000000c0000000, 0x00000000c4300000, 0x00000000eab00000)
  object space 68608K, 75% used [0x00000000c0000000,0x00000000c328d6e0,0x00000000c4300000)
 Metaspace       used 64756K, committed 66048K, reserved 1114112K
  class space    used 6875K, committed 7488K, reserved 1048576K
}
Event: 57.857 GC heap before
{Heap before GC invocations=44 (full 3):
 PSYoungGen      total 18432K, used 18424K [0x00000000eab00000, 0x00000000ec400000, 0x0000000100000000)
  eden space 16384K, 100% used [0x00000000eab00000,0x00000000ebb00000,0x00000000ebb00000)
  from space 2048K, 99% used [0x00000000ebf00000,0x00000000ec0fe018,0x00000000ec100000)
  to   space 4096K, 0% used [0x00000000ebb00000,0x00000000ebb00000,0x00000000ebf00000)
 ParOldGen       total 68608K, used 51765K [0x00000000c0000000, 0x00000000c4300000, 0x00000000eab00000)
  object space 68608K, 75% used [0x00000000c0000000,0x00000000c328d6e0,0x00000000c4300000)
 Metaspace       used 64827K, committed 66112K, reserved 1114112K
  class space    used 6879K, committed 7488K, reserved 1048576K
}
Event: 57.861 GC heap after
{Heap after GC invocations=44 (full 3):
 PSYoungGen      total 18432K, used 2024K [0x00000000eab00000, 0x00000000ec100000, 0x0000000100000000)
  eden space 16384K, 0% used [0x00000000eab00000,0x00000000eab00000,0x00000000ebb00000)
  from space 2048K, 98% used [0x00000000ebb00000,0x00000000ebcfa280,0x00000000ebd00000)
  to   space 3072K, 0% used [0x00000000ebe00000,0x00000000ebe00000,0x00000000ec100000)
 ParOldGen       total 68608K, used 53709K [0x00000000c0000000, 0x00000000c4300000, 0x00000000eab00000)
  object space 68608K, 78% used [0x00000000c0000000,0x00000000c3473748,0x00000000c4300000)
 Metaspace       used 64827K, committed 66112K, reserved 1114112K
  class space    used 6879K, committed 7488K, reserved 1048576K
}
Event: 57.940 GC heap before
{Heap before GC invocations=45 (full 3):
 PSYoungGen      total 18432K, used 18408K [0x00000000eab00000, 0x00000000ec100000, 0x0000000100000000)
  eden space 16384K, 100% used [0x00000000eab00000,0x00000000ebb00000,0x00000000ebb00000)
  from space 2048K, 98% used [0x00000000ebb00000,0x00000000ebcfa280,0x00000000ebd00000)
  to   space 3072K, 0% used [0x00000000ebe00000,0x00000000ebe00000,0x00000000ec100000)
 ParOldGen       total 68608K, used 53709K [0x00000000c0000000, 0x00000000c4300000, 0x00000000eab00000)
  object space 68608K, 78% used [0x00000000c0000000,0x00000000c3473748,0x00000000c4300000)
 Metaspace       used 64853K, committed 66112K, reserved 1114112K
  class space    used 6879K, committed 7488K, reserved 1048576K
}
Event: 57.945 GC heap after
{Heap after GC invocations=45 (full 3):
 PSYoungGen      total 17920K, used 1500K [0x00000000eab00000, 0x00000000ebf80000, 0x0000000100000000)
  eden space 16384K, 0% used [0x00000000eab00000,0x00000000eab00000,0x00000000ebb00000)
  from space 1536K, 97% used [0x00000000ebe00000,0x00000000ebf77178,0x00000000ebf80000)
  to   space 2048K, 0% used [0x00000000ebb80000,0x00000000ebb80000,0x00000000ebd80000)
 ParOldGen       total 68608K, used 55632K [0x00000000c0000000, 0x00000000c4300000, 0x00000000eab00000)
  object space 68608K, 81% used [0x00000000c0000000,0x00000000c3654148,0x00000000c4300000)
 Metaspace       used 64853K, committed 66112K, reserved 1114112K
  class space    used 6879K, committed 7488K, reserved 1048576K
}
Event: 58.037 GC heap before
{Heap before GC invocations=46 (full 3):
 PSYoungGen      total 17920K, used 17874K [0x00000000eab00000, 0x00000000ebf80000, 0x0000000100000000)
  eden space 16384K, 99% used [0x00000000eab00000,0x00000000ebafd8d0,0x00000000ebb00000)
  from space 1536K, 97% used [0x00000000ebe00000,0x00000000ebf77178,0x00000000ebf80000)
  to   space 2048K, 0% used [0x00000000ebb80000,0x00000000ebb80000,0x00000000ebd80000)
 ParOldGen       total 68608K, used 55632K [0x00000000c0000000, 0x00000000c4300000, 0x00000000eab00000)
  object space 68608K, 81% used [0x00000000c0000000,0x00000000c3654148,0x00000000c4300000)
 Metaspace       used 64993K, committed 66240K, reserved 1114112K
  class space    used 6883K, committed 7488K, reserved 1048576K
}
Event: 58.041 GC heap after
{Heap after GC invocations=46 (full 3):
 PSYoungGen      total 18432K, used 1738K [0x00000000eab00000, 0x00000000ebf00000, 0x0000000100000000)
  eden space 16384K, 0% used [0x00000000eab00000,0x00000000eab00000,0x00000000ebb00000)
  from space 2048K, 84% used [0x00000000ebb80000,0x00000000ebd32be0,0x00000000ebd80000)
  to   space 1536K, 0% used [0x00000000ebd80000,0x00000000ebd80000,0x00000000ebf00000)
 ParOldGen       total 68608K, used 57054K [0x00000000c0000000, 0x00000000c4300000, 0x00000000eab00000)
  object space 68608K, 83% used [0x00000000c0000000,0x00000000c37b7a68,0x00000000c4300000)
 Metaspace       used 64993K, committed 66240K, reserved 1114112K
  class space    used 6883K, committed 7488K, reserved 1048576K
}
Event: 58.113 GC heap before
{Heap before GC invocations=47 (full 3):
 PSYoungGen      total 18432K, used 18122K [0x00000000eab00000, 0x00000000ebf00000, 0x0000000100000000)
  eden space 16384K, 100% used [0x00000000eab00000,0x00000000ebb00000,0x00000000ebb00000)
  from space 2048K, 84% used [0x00000000ebb80000,0x00000000ebd32be0,0x00000000ebd80000)
  to   space 1536K, 0% used [0x00000000ebd80000,0x00000000ebd80000,0x00000000ebf00000)
 ParOldGen       total 68608K, used 57054K [0x00000000c0000000, 0x00000000c4300000, 0x00000000eab00000)
  object space 68608K, 83% used [0x00000000c0000000,0x00000000c37b7a68,0x00000000c4300000)
 Metaspace       used 65053K, committed 66368K, reserved 1114112K
  class space    used 6885K, committed 7488K, reserved 1048576K
}
Event: 58.120 GC heap after
{Heap after GC invocations=47 (full 3):
 PSYoungGen      total 17920K, used 1472K [0x00000000eab00000, 0x00000000ebf00000, 0x0000000100000000)
  eden space 16384K, 0% used [0x00000000eab00000,0x00000000eab00000,0x00000000ebb00000)
  from space 1536K, 95% used [0x00000000ebd80000,0x00000000ebef0000,0x00000000ebf00000)
  to   space 2048K, 0% used [0x00000000ebb00000,0x00000000ebb00000,0x00000000ebd00000)
 ParOldGen       total 68608K, used 58554K [0x00000000c0000000, 0x00000000c4300000, 0x00000000eab00000)
  object space 68608K, 85% used [0x00000000c0000000,0x00000000c392e940,0x00000000c4300000)
 Metaspace       used 65053K, committed 66368K, reserved 1114112K
  class space    used 6885K, committed 7488K, reserved 1048576K
}
Event: 58.170 GC heap before
{Heap before GC invocations=48 (full 3):
 PSYoungGen      total 17920K, used 17856K [0x00000000eab00000, 0x00000000ebf00000, 0x0000000100000000)
  eden space 16384K, 100% used [0x00000000eab00000,0x00000000ebb00000,0x00000000ebb00000)
  from space 1536K, 95% used [0x00000000ebd80000,0x00000000ebef0000,0x00000000ebf00000)
  to   space 2048K, 0% used [0x00000000ebb00000,0x00000000ebb00000,0x00000000ebd00000)
 ParOldGen       total 68608K, used 58554K [0x00000000c0000000, 0x00000000c4300000, 0x00000000eab00000)
  object space 68608K, 85% used [0x00000000c0000000,0x00000000c392e940,0x00000000c4300000)
 Metaspace       used 65053K, committed 66368K, reserved 1114112K
  class space    used 6885K, committed 7488K, reserved 1048576K
}
Event: 58.176 GC heap after
{Heap after GC invocations=48 (full 3):
 PSYoungGen      total 18432K, used 1770K [0x00000000eab00000, 0x00000000ebf00000, 0x0000000100000000)
  eden space 16384K, 0% used [0x00000000eab00000,0x00000000eab00000,0x00000000ebb00000)
  from space 2048K, 86% used [0x00000000ebb00000,0x00000000ebcbab38,0x00000000ebd00000)
  to   space 2048K, 0% used [0x00000000ebd00000,0x00000000ebd00000,0x00000000ebf00000)
 ParOldGen       total 68608K, used 59963K [0x00000000c0000000, 0x00000000c4300000, 0x00000000eab00000)
  object space 68608K, 87% used [0x00000000c0000000,0x00000000c3a8ede8,0x00000000c4300000)
 Metaspace       used 65053K, committed 66368K, reserved 1114112K
  class space    used 6885K, committed 7488K, reserved 1048576K
}

