# JRE version: Java(TM) SE Runtime Environment (21.0.4+8) (build 21.0.4+8-LTS-274)
# Java VM: Java HotSpot(TM) 64-Bit Server VM (21.0.4+8-LTS-274, mixed mode, sharing, tiered, compressed oops, compressed class ptrs, g1 gc, windows-amd64)
GC Precious Log:
 CardTable entry size: 512
 Card Set container configuration: InlinePtr #cards 5 size 8 Array Of Cards #cards 12 size 40 Howl #buckets 4 coarsen threshold 1843 Howl Bitmap #cards 512 size 80 coarsen threshold 460 Card regions per heap region 1 cards per card region 2048
 CPUs: 8 total, 8 available
 Memory: 7952M
 Large Page Support: Disabled
 NUMA Support: Disabled
 Compressed Oops: Enabled (32-bit)
 Heap Region Size: 1M
 Heap Min Capacity: 256M
 Heap Initial Capacity: 256M
 Heap Max Capacity: 512M
 Pre-touch: Disabled
 Parallel Workers: 8
 Concurrent Workers: 2
 Concurrent Refinement Workers: 8
 Periodic GC: Disabled
Heap:
 garbage-first heap   total 262144K, used 158571K [0x00000000e0000000, 0x0000000100000000)
  region size 1024K, 130 young (133120K), 8 survivors (8192K)
 Metaspace       used 54293K, committed 55936K, reserved 393216K
  class space    used 7563K, committed 8384K, reserved 327680K
GC Heap History (12 events):
Event: 4.517 GC heap before
{Heap before GC invocations=0 (full 0):
 garbage-first heap   total 262144K, used 26624K [0x00000000e0000000, 0x0000000100000000)
  region size 1024K, 23 young (23552K), 0 survivors (0K)
 Metaspace       used 3237K, committed 3328K, reserved 393216K
  class space    used 408K, committed 448K, reserved 327680K
}
Event: 4.680 GC heap after
{Heap after GC invocations=1 (full 0):
 garbage-first heap   total 262144K, used 10666K [0x00000000e0000000, 0x0000000100000000)
  region size 1024K, 3 young (3072K), 3 survivors (3072K)
 Metaspace       used 3237K, committed 3328K, reserved 393216K
  class space    used 408K, committed 448K, reserved 327680K
}
Event: 7.134 GC heap before
{Heap before GC invocations=1 (full 0):
 garbage-first heap   total 262144K, used 39338K [0x00000000e0000000, 0x0000000100000000)
  region size 1024K, 31 young (31744K), 3 survivors (3072K)
 Metaspace       used 4169K, committed 4352K, reserved 393216K
  class space    used 507K, committed 640K, reserved 327680K
}
Event: 7.141 GC heap after
{Heap after GC invocations=2 (full 0):
 garbage-first heap   total 262144K, used 11959K [0x00000000e0000000, 0x0000000100000000)
  region size 1024K, 1 young (1024K), 1 survivors (1024K)
 Metaspace       used 4169K, committed 4352K, reserved 393216K
  class space    used 507K, committed 640K, reserved 327680K
}
Event: 34.519 GC heap before
{Heap before GC invocations=2 (full 0):
 garbage-first heap   total 262144K, used 115383K [0x00000000e0000000, 0x0000000100000000)
  region size 1024K, 103 young (105472K), 1 survivors (1024K)
 Metaspace       used 20856K, committed 21504K, reserved 393216K
  class space    used 3025K, committed 3328K, reserved 327680K
}
Event: 34.571 GC heap after
{Heap after GC invocations=3 (full 0):
 garbage-first heap   total 262144K, used 23835K [0x00000000e0000000, 0x0000000100000000)
  region size 1024K, 13 young (13312K), 13 survivors (13312K)
 Metaspace       used 20856K, committed 21504K, reserved 393216K
  class space    used 3025K, committed 3328K, reserved 327680K
}
Event: 47.004 GC heap before
{Heap before GC invocations=4 (full 0):
 garbage-first heap   total 262144K, used 107803K [0x00000000e0000000, 0x0000000100000000)
  region size 1024K, 97 young (99328K), 13 survivors (13312K)
 Metaspace       used 34768K, committed 35968K, reserved 393216K
  class space    used 4985K, committed 5632K, reserved 327680K
}
Event: 47.046 GC heap after
{Heap after GC invocations=5 (full 0):
 garbage-first heap   total 262144K, used 30521K [0x00000000e0000000, 0x0000000100000000)
  region size 1024K, 8 young (8192K), 8 survivors (8192K)
 Metaspace       used 34768K, committed 35968K, reserved 393216K
  class space    used 4985K, committed 5632K, reserved 327680K
}
Event: 48.166 GC heap before
{Heap before GC invocations=5 (full 0):
 garbage-first heap   total 262144K, used 49977K [0x00000000e0000000, 0x0000000100000000)
  region size 1024K, 28 young (28672K), 8 survivors (8192K)
 Metaspace       used 35100K, committed 36288K, reserved 393216K
  class space    used 5009K, committed 5632K, reserved 327680K
}
Event: 48.181 GC heap after
{Heap after GC invocations=6 (full 0):
 garbage-first heap   total 262144K, used 32216K [0x00000000e0000000, 0x0000000100000000)
  region size 1024K, 9 young (9216K), 9 survivors (9216K)
 Metaspace       used 35100K, committed 36288K, reserved 393216K
  class space    used 5009K, committed 5632K, reserved 327680K
}
Event: 48.612 GC heap before
{Heap before GC invocations=6 (full 0):
 garbage-first heap   total 262144K, used 43480K [0x00000000e0000000, 0x0000000100000000)
  region size 1024K, 17 young (17408K), 9 survivors (9216K)
 Metaspace       used 35456K, committed 36608K, reserved 393216K
  class space    used 5047K, committed 5632K, reserved 327680K
}
Event: 48.620 GC heap after
{Heap after GC invocations=7 (full 0):
 garbage-first heap   total 262144K, used 33643K [0x00000000e0000000, 0x0000000100000000)
  region size 1024K, 8 young (8192K), 8 survivors (8192K)
 Metaspace       used 35456K, committed 36608K, reserved 393216K
  class space    used 5047K, committed 5632K, reserved 327680K
}

