# JRE version: OpenJDK Runtime Environment Temurin-17.0.13+11 (17.0.13+11) (build 17.0.13+11)
# Java VM: OpenJDK 64-Bit Server VM Temurin-17.0.13+11 (17.0.13+11, mixed mode, tiered, compressed oops, compressed class ptrs, parallel gc, windows-amd64)
GC Precious Log:
 CPUs: 8 total, 8 available
 Memory: 7952M
 Large Page Support: Disabled
 NUMA Support: Disabled
 Compressed Oops: Enabled (32-bit)
 Alignments: Space 512K, Generation 512K, Heap 2M
 Heap Min Capacity: 100M
 Heap Initial Capacity: 100M
 Heap Max Capacity: 1G
 Pre-touch: Disabled
 Parallel Workers: 8
Heap:
 PSYoungGen      total 1536K, used 922K [0x00000000eab00000, 0x00000000ead80000, 0x0000000100000000)
  eden space 1024K, 65% used [0x00000000eab00000,0x00000000eaba68b8,0x00000000eac00000)
  from space 512K, 50% used [0x00000000ead00000,0x00000000ead40000,0x00000000ead80000)
  to   space 512K, 0% used [0x00000000eac80000,0x00000000eac80000,0x00000000ead00000)
 ParOldGen       total 215552K, used 203284K [0x00000000c0000000, 0x00000000cd280000, 0x00000000eab00000)
  object space 215552K, 94% used [0x00000000c0000000,0x00000000cc6853e8,0x00000000cd280000)
 Metaspace       used 83771K, committed 84992K, reserved 1179648K
  class space    used 9331K, committed 9856K, reserved 1048576K
GC Heap History (20 events):
Event: 382.051 GC heap before
{Heap before GC invocations=755 (full 17):
 PSYoungGen      total 1536K, used 1520K [0x00000000eab00000, 0x00000000eae00000, 0x0000000100000000)
  eden space 1024K, 100% used [0x00000000eab00000,0x00000000eac00000,0x00000000eac00000)
  from space 512K, 96% used [0x00000000ead00000,0x00000000ead7c010,0x00000000ead80000)
  to   space 1024K, 0% used [0x00000000eac00000,0x00000000eac00000,0x00000000ead00000)
 ParOldGen       total 215552K, used 201082K [0x00000000c0000000, 0x00000000cd280000, 0x00000000eab00000)
  object space 215552K, 93% used [0x00000000c0000000,0x00000000cc45ea08,0x00000000cd280000)
 Metaspace       used 83705K, committed 84928K, reserved 1179648K
  class space    used 9331K, committed 9856K, reserved 1048576K
}
Event: 382.055 GC heap after
{Heap after GC invocations=755 (full 17):
 PSYoungGen      total 2048K, used 480K [0x00000000eab00000, 0x00000000ead80000, 0x0000000100000000)
  eden space 1024K, 0% used [0x00000000eab00000,0x00000000eab00000,0x00000000eac00000)
  from space 1024K, 46% used [0x00000000eac00000,0x00000000eac78000,0x00000000ead00000)
  to   space 512K, 0% used [0x00000000ead00000,0x00000000ead00000,0x00000000ead80000)
 ParOldGen       total 215552K, used 201555K [0x00000000c0000000, 0x00000000cd280000, 0x00000000eab00000)
  object space 215552K, 93% used [0x00000000c0000000,0x00000000cc4d4cc8,0x00000000cd280000)
 Metaspace       used 83705K, committed 84928K, reserved 1179648K
  class space    used 9331K, committed 9856K, reserved 1048576K
}
Event: 382.063 GC heap before
{Heap before GC invocations=756 (full 17):
 PSYoungGen      total 2048K, used 1504K [0x00000000eab00000, 0x00000000ead80000, 0x0000000100000000)
  eden space 1024K, 100% used [0x00000000eab00000,0x00000000eac00000,0x00000000eac00000)
  from space 1024K, 46% used [0x00000000eac00000,0x00000000eac78000,0x00000000ead00000)
  to   space 512K, 0% used [0x00000000ead00000,0x00000000ead00000,0x00000000ead80000)
 ParOldGen       total 215552K, used 201555K [0x00000000c0000000, 0x00000000cd280000, 0x00000000eab00000)
  object space 215552K, 93% used [0x00000000c0000000,0x00000000cc4d4cc8,0x00000000cd280000)
 Metaspace       used 83706K, committed 84928K, reserved 1179648K
  class space    used 9331K, committed 9856K, reserved 1048576K
}
Event: 382.066 GC heap after
{Heap after GC invocations=756 (full 17):
 PSYoungGen      total 1536K, used 128K [0x00000000eab00000, 0x00000000ead80000, 0x0000000100000000)
  eden space 1024K, 0% used [0x00000000eab00000,0x00000000eab00000,0x00000000eac00000)
  from space 512K, 25% used [0x00000000ead00000,0x00000000ead20000,0x00000000ead80000)
  to   space 512K, 0% used [0x00000000eac80000,0x00000000eac80000,0x00000000ead00000)
 ParOldGen       total 215552K, used 201911K [0x00000000c0000000, 0x00000000cd280000, 0x00000000eab00000)
  object space 215552K, 93% used [0x00000000c0000000,0x00000000cc52dcd8,0x00000000cd280000)
 Metaspace       used 83706K, committed 84928K, reserved 1179648K
  class space    used 9331K, committed 9856K, reserved 1048576K
}
Event: 382.079 GC heap before
{Heap before GC invocations=757 (full 17):
 PSYoungGen      total 1536K, used 1152K [0x00000000eab00000, 0x00000000ead80000, 0x0000000100000000)
  eden space 1024K, 100% used [0x00000000eab00000,0x00000000eac00000,0x00000000eac00000)
  from space 512K, 25% used [0x00000000ead00000,0x00000000ead20000,0x00000000ead80000)
  to   space 512K, 0% used [0x00000000eac80000,0x00000000eac80000,0x00000000ead00000)
 ParOldGen       total 215552K, used 201911K [0x00000000c0000000, 0x00000000cd280000, 0x00000000eab00000)
  object space 215552K, 93% used [0x00000000c0000000,0x00000000cc52dcd8,0x00000000cd280000)
 Metaspace       used 83706K, committed 84928K, reserved 1179648K
  class space    used 9331K, committed 9856K, reserved 1048576K
}
Event: 382.081 GC heap after
{Heap after GC invocations=757 (full 17):
 PSYoungGen      total 1536K, used 224K [0x00000000eab00000, 0x00000000ead80000, 0x0000000100000000)
  eden space 1024K, 0% used [0x00000000eab00000,0x00000000eab00000,0x00000000eac00000)
  from space 512K, 43% used [0x00000000eac80000,0x00000000eacb8000,0x00000000ead00000)
  to   space 512K, 0% used [0x00000000ead00000,0x00000000ead00000,0x00000000ead80000)
 ParOldGen       total 215552K, used 201999K [0x00000000c0000000, 0x00000000cd280000, 0x00000000eab00000)
  object space 215552K, 93% used [0x00000000c0000000,0x00000000cc543cd8,0x00000000cd280000)
 Metaspace       used 83706K, committed 84928K, reserved 1179648K
  class space    used 9331K, committed 9856K, reserved 1048576K
}
Event: 382.131 GC heap before
{Heap before GC invocations=758 (full 17):
 PSYoungGen      total 1536K, used 1248K [0x00000000eab00000, 0x00000000ead80000, 0x0000000100000000)
  eden space 1024K, 100% used [0x00000000eab00000,0x00000000eac00000,0x00000000eac00000)
  from space 512K, 43% used [0x00000000eac80000,0x00000000eacb8000,0x00000000ead00000)
  to   space 512K, 0% used [0x00000000ead00000,0x00000000ead00000,0x00000000ead80000)
 ParOldGen       total 215552K, used 201999K [0x00000000c0000000, 0x00000000cd280000, 0x00000000eab00000)
  object space 215552K, 93% used [0x00000000c0000000,0x00000000cc543cd8,0x00000000cd280000)
 Metaspace       used 83712K, committed 84928K, reserved 1179648K
  class space    used 9331K, committed 9856K, reserved 1048576K
}
Event: 382.133 GC heap after
{Heap after GC invocations=758 (full 17):
 PSYoungGen      total 1536K, used 256K [0x00000000eab00000, 0x00000000ead80000, 0x0000000100000000)
  eden space 1024K, 0% used [0x00000000eab00000,0x00000000eab00000,0x00000000eac00000)
  from space 512K, 50% used [0x00000000ead00000,0x00000000ead40000,0x00000000ead80000)
  to   space 512K, 0% used [0x00000000eac80000,0x00000000eac80000,0x00000000ead00000)
 ParOldGen       total 215552K, used 202111K [0x00000000c0000000, 0x00000000cd280000, 0x00000000eab00000)
  object space 215552K, 93% used [0x00000000c0000000,0x00000000cc55fcd8,0x00000000cd280000)
 Metaspace       used 83712K, committed 84928K, reserved 1179648K
  class space    used 9331K, committed 9856K, reserved 1048576K
}
Event: 382.150 GC heap before
{Heap before GC invocations=759 (full 17):
 PSYoungGen      total 1536K, used 1279K [0x00000000eab00000, 0x00000000ead80000, 0x0000000100000000)
  eden space 1024K, 99% used [0x00000000eab00000,0x00000000eabfffe8,0x00000000eac00000)
  from space 512K, 50% used [0x00000000ead00000,0x00000000ead40000,0x00000000ead80000)
  to   space 512K, 0% used [0x00000000eac80000,0x00000000eac80000,0x00000000ead00000)
 ParOldGen       total 215552K, used 202111K [0x00000000c0000000, 0x00000000cd280000, 0x00000000eab00000)
  object space 215552K, 93% used [0x00000000c0000000,0x00000000cc55fcd8,0x00000000cd280000)
 Metaspace       used 83743K, committed 84928K, reserved 1179648K
  class space    used 9331K, committed 9856K, reserved 1048576K
}
Event: 382.152 GC heap after
{Heap after GC invocations=759 (full 17):
 PSYoungGen      total 1536K, used 224K [0x00000000eab00000, 0x00000000ead80000, 0x0000000100000000)
  eden space 1024K, 0% used [0x00000000eab00000,0x00000000eab00000,0x00000000eac00000)
  from space 512K, 43% used [0x00000000eac80000,0x00000000eacb8000,0x00000000ead00000)
  to   space 512K, 0% used [0x00000000ead00000,0x00000000ead00000,0x00000000ead80000)
 ParOldGen       total 215552K, used 202167K [0x00000000c0000000, 0x00000000cd280000, 0x00000000eab00000)
  object space 215552K, 93% used [0x00000000c0000000,0x00000000cc56dcd8,0x00000000cd280000)
 Metaspace       used 83743K, committed 84928K, reserved 1179648K
  class space    used 9331K, committed 9856K, reserved 1048576K
}
Event: 382.267 GC heap before
{Heap before GC invocations=760 (full 17):
 PSYoungGen      total 1536K, used 1248K [0x00000000eab00000, 0x00000000ead80000, 0x0000000100000000)
  eden space 1024K, 100% used [0x00000000eab00000,0x00000000eac00000,0x00000000eac00000)
  from space 512K, 43% used [0x00000000eac80000,0x00000000eacb8000,0x00000000ead00000)
  to   space 512K, 0% used [0x00000000ead00000,0x00000000ead00000,0x00000000ead80000)
 ParOldGen       total 215552K, used 202167K [0x00000000c0000000, 0x00000000cd280000, 0x00000000eab00000)
  object space 215552K, 93% used [0x00000000c0000000,0x00000000cc56dcd8,0x00000000cd280000)
 Metaspace       used 83746K, committed 84928K, reserved 1179648K
  class space    used 9331K, committed 9856K, reserved 1048576K
}
Event: 382.272 GC heap after
{Heap after GC invocations=760 (full 17):
 PSYoungGen      total 1536K, used 448K [0x00000000eab00000, 0x00000000ead80000, 0x0000000100000000)
  eden space 1024K, 0% used [0x00000000eab00000,0x00000000eab00000,0x00000000eac00000)
  from space 512K, 87% used [0x00000000ead00000,0x00000000ead70000,0x00000000ead80000)
  to   space 512K, 0% used [0x00000000eac80000,0x00000000eac80000,0x00000000ead00000)
 ParOldGen       total 215552K, used 202334K [0x00000000c0000000, 0x00000000cd280000, 0x00000000eab00000)
  object space 215552K, 93% used [0x00000000c0000000,0x00000000cc597b58,0x00000000cd280000)
 Metaspace       used 83746K, committed 84928K, reserved 1179648K
  class space    used 9331K, committed 9856K, reserved 1048576K
}
Event: 382.288 GC heap before
{Heap before GC invocations=761 (full 17):
 PSYoungGen      total 1536K, used 1472K [0x00000000eab00000, 0x00000000ead80000, 0x0000000100000000)
  eden space 1024K, 100% used [0x00000000eab00000,0x00000000eac00000,0x00000000eac00000)
  from space 512K, 87% used [0x00000000ead00000,0x00000000ead70000,0x00000000ead80000)
  to   space 512K, 0% used [0x00000000eac80000,0x00000000eac80000,0x00000000ead00000)
 ParOldGen       total 215552K, used 202334K [0x00000000c0000000, 0x00000000cd280000, 0x00000000eab00000)
  object space 215552K, 93% used [0x00000000c0000000,0x00000000cc597b58,0x00000000cd280000)
 Metaspace       used 83761K, committed 84992K, reserved 1179648K
  class space    used 9331K, committed 9856K, reserved 1048576K
}
Event: 382.290 GC heap after
{Heap after GC invocations=761 (full 17):
 PSYoungGen      total 1536K, used 416K [0x00000000eab00000, 0x00000000ead80000, 0x0000000100000000)
  eden space 1024K, 0% used [0x00000000eab00000,0x00000000eab00000,0x00000000eac00000)
  from space 512K, 81% used [0x00000000eac80000,0x00000000eace8000,0x00000000ead00000)
  to   space 512K, 0% used [0x00000000ead00000,0x00000000ead00000,0x00000000ead80000)
 ParOldGen       total 215552K, used 202792K [0x00000000c0000000, 0x00000000cd280000, 0x00000000eab00000)
  object space 215552K, 94% used [0x00000000c0000000,0x00000000cc60a3d8,0x00000000cd280000)
 Metaspace       used 83761K, committed 84992K, reserved 1179648K
  class space    used 9331K, committed 9856K, reserved 1048576K
}
Event: 382.312 GC heap before
{Heap before GC invocations=762 (full 17):
 PSYoungGen      total 1536K, used 1440K [0x00000000eab00000, 0x00000000ead80000, 0x0000000100000000)
  eden space 1024K, 100% used [0x00000000eab00000,0x00000000eac00000,0x00000000eac00000)
  from space 512K, 81% used [0x00000000eac80000,0x00000000eace8000,0x00000000ead00000)
  to   space 512K, 0% used [0x00000000ead00000,0x00000000ead00000,0x00000000ead80000)
 ParOldGen       total 215552K, used 202792K [0x00000000c0000000, 0x00000000cd280000, 0x00000000eab00000)
  object space 215552K, 94% used [0x00000000c0000000,0x00000000cc60a3d8,0x00000000cd280000)
 Metaspace       used 83761K, committed 84992K, reserved 1179648K
  class space    used 9331K, committed 9856K, reserved 1048576K
}
Event: 382.314 GC heap after
{Heap after GC invocations=762 (full 17):
 PSYoungGen      total 1536K, used 288K [0x00000000eab00000, 0x00000000ead80000, 0x0000000100000000)
  eden space 1024K, 0% used [0x00000000eab00000,0x00000000eab00000,0x00000000eac00000)
  from space 512K, 56% used [0x00000000ead00000,0x00000000ead48000,0x00000000ead80000)
  to   space 512K, 0% used [0x00000000eac80000,0x00000000eac80000,0x00000000ead00000)
 ParOldGen       total 215552K, used 203116K [0x00000000c0000000, 0x00000000cd280000, 0x00000000eab00000)
  object space 215552K, 94% used [0x00000000c0000000,0x00000000cc65b3e8,0x00000000cd280000)
 Metaspace       used 83761K, committed 84992K, reserved 1179648K
  class space    used 9331K, committed 9856K, reserved 1048576K
}
Event: 382.324 GC heap before
{Heap before GC invocations=763 (full 17):
 PSYoungGen      total 1536K, used 1312K [0x00000000eab00000, 0x00000000ead80000, 0x0000000100000000)
  eden space 1024K, 100% used [0x00000000eab00000,0x00000000eac00000,0x00000000eac00000)
  from space 512K, 56% used [0x00000000ead00000,0x00000000ead48000,0x00000000ead80000)
  to   space 512K, 0% used [0x00000000eac80000,0x00000000eac80000,0x00000000ead00000)
 ParOldGen       total 215552K, used 203116K [0x00000000c0000000, 0x00000000cd280000, 0x00000000eab00000)
  object space 215552K, 94% used [0x00000000c0000000,0x00000000cc65b3e8,0x00000000cd280000)
 Metaspace       used 83761K, committed 84992K, reserved 1179648K
  class space    used 9331K, committed 9856K, reserved 1048576K
}
Event: 382.326 GC heap after
{Heap after GC invocations=763 (full 17):
 PSYoungGen      total 1536K, used 224K [0x00000000eab00000, 0x00000000ead80000, 0x0000000100000000)
  eden space 1024K, 0% used [0x00000000eab00000,0x00000000eab00000,0x00000000eac00000)
  from space 512K, 43% used [0x00000000eac80000,0x00000000eacb8000,0x00000000ead00000)
  to   space 512K, 0% used [0x00000000ead00000,0x00000000ead00000,0x00000000ead80000)
 ParOldGen       total 215552K, used 203204K [0x00000000c0000000, 0x00000000cd280000, 0x00000000eab00000)
  object space 215552K, 94% used [0x00000000c0000000,0x00000000cc6713e8,0x00000000cd280000)
 Metaspace       used 83761K, committed 84992K, reserved 1179648K
  class space    used 9331K, committed 9856K, reserved 1048576K
}
Event: 382.342 GC heap before
{Heap before GC invocations=764 (full 17):
 PSYoungGen      total 1536K, used 1248K [0x00000000eab00000, 0x00000000ead80000, 0x0000000100000000)
  eden space 1024K, 100% used [0x00000000eab00000,0x00000000eac00000,0x00000000eac00000)
  from space 512K, 43% used [0x00000000eac80000,0x00000000eacb8000,0x00000000ead00000)
  to   space 512K, 0% used [0x00000000ead00000,0x00000000ead00000,0x00000000ead80000)
 ParOldGen       total 215552K, used 203204K [0x00000000c0000000, 0x00000000cd280000, 0x00000000eab00000)
  object space 215552K, 94% used [0x00000000c0000000,0x00000000cc6713e8,0x00000000cd280000)
 Metaspace       used 83768K, committed 84992K, reserved 1179648K
  class space    used 9331K, committed 9856K, reserved 1048576K
}
Event: 382.344 GC heap after
{Heap after GC invocations=764 (full 17):
 PSYoungGen      total 1536K, used 256K [0x00000000eab00000, 0x00000000ead80000, 0x0000000100000000)
  eden space 1024K, 0% used [0x00000000eab00000,0x00000000eab00000,0x00000000eac00000)
  from space 512K, 50% used [0x00000000ead00000,0x00000000ead40000,0x00000000ead80000)
  to   space 512K, 0% used [0x00000000eac80000,0x00000000eac80000,0x00000000ead00000)
 ParOldGen       total 215552K, used 203284K [0x00000000c0000000, 0x00000000cd280000, 0x00000000eab00000)
  object space 215552K, 94% used [0x00000000c0000000,0x00000000cc6853e8,0x00000000cd280000)
 Metaspace       used 83768K, committed 84992K, reserved 1179648K
  class space    used 9331K, committed 9856K, reserved 1048576K
}

