# JRE version: Java(TM) SE Runtime Environment (21.0.4+8) (build 21.0.4+8-LTS-274)
# Java VM: Java HotSpot(TM) 64-Bit Server VM (21.0.4+8-LTS-274, mixed mode, sharing, tiered, compressed oops, compressed class ptrs, g1 gc, windows-amd64)
GC Precious Log:
 CardTable entry size: 512
 Card Set container configuration: InlinePtr #cards 5 size 8 Array Of Cards #cards 12 size 40 Howl #buckets 4 coarsen threshold 1843 Howl Bitmap #cards 512 size 80 coarsen threshold 460 Card regions per heap region 1 cards per card region 2048
 CPUs: 8 total, 8 available
 Memory: 7952M
 Large Page Support: Disabled
 NUMA Support: Disabled
 Compressed Oops: Enabled (32-bit)
 Heap Region Size: 1M
 Heap Min Capacity: 256M
 Heap Initial Capacity: 256M
 Heap Max Capacity: 512M
 Pre-touch: Disabled
 Parallel Workers: 8
 Concurrent Workers: 2
 Concurrent Refinement Workers: 8
 Periodic GC: Disabled
Heap:
 garbage-first heap   total 262144K, used 142492K [0x00000000e0000000, 0x0000000100000000)
  region size 1024K, 111 young (113664K), 15 survivors (15360K)
 Metaspace       used 70479K, committed 72448K, reserved 393216K
  class space    used 9947K, committed 10944K, reserved 327680K
GC Heap History (12 events):
Event: 0.595 GC heap before
{Heap before GC invocations=0 (full 0):
 garbage-first heap   total 262144K, used 26624K [0x00000000e0000000, 0x0000000100000000)
  region size 1024K, 23 young (23552K), 0 survivors (0K)
 Metaspace       used 3182K, committed 3328K, reserved 393216K
  class space    used 406K, committed 448K, reserved 327680K
}
Event: 0.600 GC heap after
{Heap after GC invocations=1 (full 0):
 garbage-first heap   total 262144K, used 10447K [0x00000000e0000000, 0x0000000100000000)
  region size 1024K, 3 young (3072K), 3 survivors (3072K)
 Metaspace       used 3182K, committed 3328K, reserved 393216K
  class space    used 406K, committed 448K, reserved 327680K
}
Event: 1.154 GC heap before
{Heap before GC invocations=1 (full 0):
 garbage-first heap   total 262144K, used 39119K [0x00000000e0000000, 0x0000000100000000)
  region size 1024K, 32 young (32768K), 3 survivors (3072K)
 Metaspace       used 4142K, committed 4352K, reserved 393216K
  class space    used 506K, committed 640K, reserved 327680K
}
Event: 1.157 GC heap after
{Heap after GC invocations=2 (full 0):
 garbage-first heap   total 262144K, used 11351K [0x00000000e0000000, 0x0000000100000000)
  region size 1024K, 1 young (1024K), 1 survivors (1024K)
 Metaspace       used 4142K, committed 4352K, reserved 393216K
  class space    used 506K, committed 640K, reserved 327680K
}
Event: 3.680 GC heap before
{Heap before GC invocations=2 (full 0):
 garbage-first heap   total 262144K, used 117847K [0x00000000e0000000, 0x0000000100000000)
  region size 1024K, 105 young (107520K), 1 survivors (1024K)
 Metaspace       used 20802K, committed 21504K, reserved 393216K
  class space    used 3030K, committed 3392K, reserved 327680K
}
Event: 3.691 GC heap after
{Heap after GC invocations=3 (full 0):
 garbage-first heap   total 262144K, used 22932K [0x00000000e0000000, 0x0000000100000000)
  region size 1024K, 13 young (13312K), 13 survivors (13312K)
 Metaspace       used 20802K, committed 21504K, reserved 393216K
  class space    used 3030K, committed 3392K, reserved 327680K
}
Event: 5.317 GC heap before
{Heap before GC invocations=4 (full 0):
 garbage-first heap   total 262144K, used 130452K [0x00000000e0000000, 0x0000000100000000)
  region size 1024K, 119 young (121856K), 13 survivors (13312K)
 Metaspace       used 34742K, committed 35968K, reserved 393216K
  class space    used 4961K, committed 5568K, reserved 327680K
}
Event: 5.333 GC heap after
{Heap after GC invocations=5 (full 0):
 garbage-first heap   total 262144K, used 31981K [0x00000000e0000000, 0x0000000100000000)
  region size 1024K, 9 young (9216K), 9 survivors (9216K)
 Metaspace       used 34742K, committed 35968K, reserved 393216K
  class space    used 4961K, committed 5568K, reserved 327680K
}
Event: 7.567 GC heap before
{Heap before GC invocations=6 (full 0):
 garbage-first heap   total 262144K, used 185581K [0x00000000e0000000, 0x0000000100000000)
  region size 1024K, 153 young (156672K), 9 survivors (9216K)
 Metaspace       used 50298K, committed 52096K, reserved 393216K
  class space    used 7310K, committed 8192K, reserved 327680K
}
Event: 7.582 GC heap after
{Heap after GC invocations=7 (full 0):
 garbage-first heap   total 262144K, used 41748K [0x00000000e0000000, 0x0000000100000000)
  region size 1024K, 18 young (18432K), 18 survivors (18432K)
 Metaspace       used 50298K, committed 52096K, reserved 393216K
  class space    used 7310K, committed 8192K, reserved 327680K
}
Event: 8.547 GC heap before
{Heap before GC invocations=7 (full 0):
 garbage-first heap   total 262144K, used 86804K [0x00000000e0000000, 0x0000000100000000)
  region size 1024K, 64 young (65536K), 18 survivors (18432K)
 Metaspace       used 58297K, committed 60096K, reserved 393216K
  class space    used 8543K, committed 9408K, reserved 327680K
}
Event: 8.562 GC heap after
{Heap after GC invocations=8 (full 0):
 garbage-first heap   total 262144K, used 46236K [0x00000000e0000000, 0x0000000100000000)
  region size 1024K, 15 young (15360K), 15 survivors (15360K)
 Metaspace       used 58297K, committed 60096K, reserved 393216K
  class space    used 8543K, committed 9408K, reserved 327680K
}

