# JRE version: OpenJDK Runtime Environment Temurin-17.0.12+7 (17.0.12+7) (build 17.0.12+7)
# Java VM: OpenJDK 64-Bit Server VM Temurin-17.0.12+7 (17.0.12+7, mixed mode, tiered, compressed oops, compressed class ptrs, parallel gc, windows-amd64)
GC Precious Log:
 CPUs: 4 total, 4 available
 Memory: 7854M
 Large Page Support: Disabled
 NUMA Support: Disabled
 Compressed Oops: Enabled (32-bit)
 Alignments: Space 512K, Generation 512K, Heap 2M
 Heap Min Capacity: 100M
 Heap Initial Capacity: 100M
 Heap Max Capacity: 1G
 Pre-touch: Disabled
 Parallel Workers: 4
Heap:
 PSYoungGen      total 16384K, used 16370K [0x00000000eab00000, 0x00000000ec300000, 0x0000000100000000)
  eden space 14336K, 100% used [0x00000000eab00000,0x00000000eb900000,0x00000000eb900000)
  from space 2048K, 99% used [0x00000000eb900000,0x00000000ebafc8b8,0x00000000ebb00000)
  to   space 5120K, 47% used [0x00000000ebe00000,0x00000000ec05aca8,0x00000000ec300000)
 ParOldGen       total 68608K, used 59902K [0x00000000c0000000, 0x00000000c4300000, 0x00000000eab00000)
  object space 68608K, 87% used [0x00000000c0000000,0x00000000c3a7f828,0x00000000c4300000)
 Metaspace       used 70132K, committed 71296K, reserved 1114112K
  class space    used 7986K, committed 8448K, reserved 1048576K
GC Heap History (20 events):
Event: 11.345 GC heap after
{Heap after GC invocations=37 (full 3):
 PSYoungGen      total 15360K, used 658K [0x00000000eab00000, 0x00000000ebd80000, 0x0000000100000000)
  eden space 14336K, 0% used [0x00000000eab00000,0x00000000eab00000,0x00000000eb900000)
  from space 1024K, 64% used [0x00000000ebc80000,0x00000000ebd24840,0x00000000ebd80000)
  to   space 1024K, 0% used [0x00000000eb900000,0x00000000eb900000,0x00000000eba00000)
 ParOldGen       total 68608K, used 47066K [0x00000000c0000000, 0x00000000c4300000, 0x00000000eab00000)
  object space 68608K, 68% used [0x00000000c0000000,0x00000000c2df6958,0x00000000c4300000)
 Metaspace       used 62492K, committed 63616K, reserved 1114112K
  class space    used 7062K, committed 7552K, reserved 1048576K
}
Event: 11.457 GC heap before
{Heap before GC invocations=38 (full 3):
 PSYoungGen      total 15360K, used 14994K [0x00000000eab00000, 0x00000000ebd80000, 0x0000000100000000)
  eden space 14336K, 100% used [0x00000000eab00000,0x00000000eb900000,0x00000000eb900000)
  from space 1024K, 64% used [0x00000000ebc80000,0x00000000ebd24840,0x00000000ebd80000)
  to   space 1024K, 0% used [0x00000000eb900000,0x00000000eb900000,0x00000000eba00000)
 ParOldGen       total 68608K, used 47244K [0x00000000c0000000, 0x00000000c4300000, 0x00000000eab00000)
  object space 68608K, 68% used [0x00000000c0000000,0x00000000c2e23060,0x00000000c4300000)
 Metaspace       used 63067K, committed 64192K, reserved 1114112K
  class space    used 7135K, committed 7616K, reserved 1048576K
}
Event: 11.460 GC heap after
{Heap after GC invocations=38 (full 3):
 PSYoungGen      total 15360K, used 1000K [0x00000000eab00000, 0x00000000ebf00000, 0x0000000100000000)
  eden space 14336K, 0% used [0x00000000eab00000,0x00000000eab00000,0x00000000eb900000)
  from space 1024K, 97% used [0x00000000eb900000,0x00000000eb9fa060,0x00000000eba00000)
  to   space 3072K, 0% used [0x00000000ebc00000,0x00000000ebc00000,0x00000000ebf00000)
 ParOldGen       total 68608K, used 48566K [0x00000000c0000000, 0x00000000c4300000, 0x00000000eab00000)
  object space 68608K, 70% used [0x00000000c0000000,0x00000000c2f6db90,0x00000000c4300000)
 Metaspace       used 63067K, committed 64192K, reserved 1114112K
  class space    used 7135K, committed 7616K, reserved 1048576K
}
Event: 11.605 GC heap before
{Heap before GC invocations=39 (full 3):
 PSYoungGen      total 15360K, used 15336K [0x00000000eab00000, 0x00000000ebf00000, 0x0000000100000000)
  eden space 14336K, 100% used [0x00000000eab00000,0x00000000eb900000,0x00000000eb900000)
  from space 1024K, 97% used [0x00000000eb900000,0x00000000eb9fa060,0x00000000eba00000)
  to   space 3072K, 0% used [0x00000000ebc00000,0x00000000ebc00000,0x00000000ebf00000)
 ParOldGen       total 68608K, used 48566K [0x00000000c0000000, 0x00000000c4300000, 0x00000000eab00000)
  object space 68608K, 70% used [0x00000000c0000000,0x00000000c2f6db90,0x00000000c4300000)
 Metaspace       used 63488K, committed 64640K, reserved 1114112K
  class space    used 7203K, committed 7680K, reserved 1048576K
}
Event: 11.608 GC heap after
{Heap after GC invocations=39 (full 3):
 PSYoungGen      total 15872K, used 1032K [0x00000000eab00000, 0x00000000ebd80000, 0x0000000100000000)
  eden space 14336K, 0% used [0x00000000eab00000,0x00000000eab00000,0x00000000eb900000)
  from space 1536K, 67% used [0x00000000ebc00000,0x00000000ebd02110,0x00000000ebd80000)
  to   space 1536K, 0% used [0x00000000eba80000,0x00000000eba80000,0x00000000ebc00000)
 ParOldGen       total 68608K, used 49579K [0x00000000c0000000, 0x00000000c4300000, 0x00000000eab00000)
  object space 68608K, 72% used [0x00000000c0000000,0x00000000c306af48,0x00000000c4300000)
 Metaspace       used 63488K, committed 64640K, reserved 1114112K
  class space    used 7203K, committed 7680K, reserved 1048576K
}
Event: 11.666 GC heap before
{Heap before GC invocations=40 (full 3):
 PSYoungGen      total 15872K, used 15368K [0x00000000eab00000, 0x00000000ebd80000, 0x0000000100000000)
  eden space 14336K, 100% used [0x00000000eab00000,0x00000000eb900000,0x00000000eb900000)
  from space 1536K, 67% used [0x00000000ebc00000,0x00000000ebd02110,0x00000000ebd80000)
  to   space 1536K, 0% used [0x00000000eba80000,0x00000000eba80000,0x00000000ebc00000)
 ParOldGen       total 68608K, used 49579K [0x00000000c0000000, 0x00000000c4300000, 0x00000000eab00000)
  object space 68608K, 72% used [0x00000000c0000000,0x00000000c306af48,0x00000000c4300000)
 Metaspace       used 63739K, committed 64896K, reserved 1114112K
  class space    used 7233K, committed 7744K, reserved 1048576K
}
Event: 11.669 GC heap after
{Heap after GC invocations=40 (full 3):
 PSYoungGen      total 15360K, used 999K [0x00000000eab00000, 0x00000000ebc80000, 0x0000000100000000)
  eden space 14336K, 0% used [0x00000000eab00000,0x00000000eab00000,0x00000000eb900000)
  from space 1024K, 97% used [0x00000000eba80000,0x00000000ebb79ed0,0x00000000ebb80000)
  to   space 1024K, 0% used [0x00000000ebb80000,0x00000000ebb80000,0x00000000ebc80000)
 ParOldGen       total 68608K, used 49739K [0x00000000c0000000, 0x00000000c4300000, 0x00000000eab00000)
  object space 68608K, 72% used [0x00000000c0000000,0x00000000c3092dc0,0x00000000c4300000)
 Metaspace       used 63739K, committed 64896K, reserved 1114112K
  class space    used 7233K, committed 7744K, reserved 1048576K
}
Event: 11.880 GC heap before
{Heap before GC invocations=41 (full 3):
 PSYoungGen      total 15360K, used 15335K [0x00000000eab00000, 0x00000000ebc80000, 0x0000000100000000)
  eden space 14336K, 100% used [0x00000000eab00000,0x00000000eb900000,0x00000000eb900000)
  from space 1024K, 97% used [0x00000000eba80000,0x00000000ebb79ed0,0x00000000ebb80000)
  to   space 1024K, 0% used [0x00000000ebb80000,0x00000000ebb80000,0x00000000ebc80000)
 ParOldGen       total 68608K, used 49739K [0x00000000c0000000, 0x00000000c4300000, 0x00000000eab00000)
  object space 68608K, 72% used [0x00000000c0000000,0x00000000c3092dc0,0x00000000c4300000)
 Metaspace       used 65221K, committed 66368K, reserved 1114112K
  class space    used 7394K, committed 7936K, reserved 1048576K
}
Event: 11.883 GC heap after
{Heap after GC invocations=41 (full 3):
 PSYoungGen      total 15360K, used 864K [0x00000000eab00000, 0x00000000ebc80000, 0x0000000100000000)
  eden space 14336K, 0% used [0x00000000eab00000,0x00000000eab00000,0x00000000eb900000)
  from space 1024K, 84% used [0x00000000ebb80000,0x00000000ebc58000,0x00000000ebc80000)
  to   space 1024K, 0% used [0x00000000eba80000,0x00000000eba80000,0x00000000ebb80000)
 ParOldGen       total 68608K, used 49861K [0x00000000c0000000, 0x00000000c4300000, 0x00000000eab00000)
  object space 68608K, 72% used [0x00000000c0000000,0x00000000c30b1698,0x00000000c4300000)
 Metaspace       used 65221K, committed 66368K, reserved 1114112K
  class space    used 7394K, committed 7936K, reserved 1048576K
}
Event: 12.099 GC heap before
{Heap before GC invocations=42 (full 3):
 PSYoungGen      total 15360K, used 15192K [0x00000000eab00000, 0x00000000ebc80000, 0x0000000100000000)
  eden space 14336K, 99% used [0x00000000eab00000,0x00000000eb8fe398,0x00000000eb900000)
  from space 1024K, 84% used [0x00000000ebb80000,0x00000000ebc58000,0x00000000ebc80000)
  to   space 1024K, 0% used [0x00000000eba80000,0x00000000eba80000,0x00000000ebb80000)
 ParOldGen       total 68608K, used 49861K [0x00000000c0000000, 0x00000000c4300000, 0x00000000eab00000)
  object space 68608K, 72% used [0x00000000c0000000,0x00000000c30b1698,0x00000000c4300000)
 Metaspace       used 66553K, committed 67712K, reserved 1114112K
  class space    used 7551K, committed 8064K, reserved 1048576K
}
Event: 12.103 GC heap after
{Heap after GC invocations=42 (full 3):
 PSYoungGen      total 15360K, used 993K [0x00000000eab00000, 0x00000000ebe00000, 0x0000000100000000)
  eden space 14336K, 0% used [0x00000000eab00000,0x00000000eab00000,0x00000000eb900000)
  from space 1024K, 96% used [0x00000000eba80000,0x00000000ebb784c8,0x00000000ebb80000)
  to   space 2560K, 0% used [0x00000000ebb80000,0x00000000ebb80000,0x00000000ebe00000)
 ParOldGen       total 68608K, used 51111K [0x00000000c0000000, 0x00000000c4300000, 0x00000000eab00000)
  object space 68608K, 74% used [0x00000000c0000000,0x00000000c31e9db0,0x00000000c4300000)
 Metaspace       used 66553K, committed 67712K, reserved 1114112K
  class space    used 7551K, committed 8064K, reserved 1048576K
}
Event: 12.337 GC heap before
{Heap before GC invocations=43 (full 3):
 PSYoungGen      total 15360K, used 15329K [0x00000000eab00000, 0x00000000ebe00000, 0x0000000100000000)
  eden space 14336K, 100% used [0x00000000eab00000,0x00000000eb900000,0x00000000eb900000)
  from space 1024K, 96% used [0x00000000eba80000,0x00000000ebb784c8,0x00000000ebb80000)
  to   space 2560K, 0% used [0x00000000ebb80000,0x00000000ebb80000,0x00000000ebe00000)
 ParOldGen       total 68608K, used 51111K [0x00000000c0000000, 0x00000000c4300000, 0x00000000eab00000)
  object space 68608K, 74% used [0x00000000c0000000,0x00000000c31e9db0,0x00000000c4300000)
 Metaspace       used 67420K, committed 68672K, reserved 1114112K
  class space    used 7713K, committed 8256K, reserved 1048576K
}
Event: 12.342 GC heap after
{Heap after GC invocations=43 (full 3):
 PSYoungGen      total 16384K, used 1908K [0x00000000eab00000, 0x00000000ebd80000, 0x0000000100000000)
  eden space 14336K, 0% used [0x00000000eab00000,0x00000000eab00000,0x00000000eb900000)
  from space 2048K, 93% used [0x00000000ebb80000,0x00000000ebd5d388,0x00000000ebd80000)
  to   space 2048K, 0% used [0x00000000eb980000,0x00000000eb980000,0x00000000ebb80000)
 ParOldGen       total 68608K, used 52097K [0x00000000c0000000, 0x00000000c4300000, 0x00000000eab00000)
  object space 68608K, 75% used [0x00000000c0000000,0x00000000c32e0518,0x00000000c4300000)
 Metaspace       used 67420K, committed 68672K, reserved 1114112K
  class space    used 7713K, committed 8256K, reserved 1048576K
}
Event: 12.748 GC heap before
{Heap before GC invocations=44 (full 3):
 PSYoungGen      total 16384K, used 16244K [0x00000000eab00000, 0x00000000ebd80000, 0x0000000100000000)
  eden space 14336K, 100% used [0x00000000eab00000,0x00000000eb900000,0x00000000eb900000)
  from space 2048K, 93% used [0x00000000ebb80000,0x00000000ebd5d388,0x00000000ebd80000)
  to   space 2048K, 0% used [0x00000000eb980000,0x00000000eb980000,0x00000000ebb80000)
 ParOldGen       total 68608K, used 52097K [0x00000000c0000000, 0x00000000c4300000, 0x00000000eab00000)
  object space 68608K, 75% used [0x00000000c0000000,0x00000000c32e0518,0x00000000c4300000)
 Metaspace       used 68548K, committed 69760K, reserved 1114112K
  class space    used 7808K, committed 8320K, reserved 1048576K
}
Event: 12.755 GC heap after
{Heap after GC invocations=44 (full 3):
 PSYoungGen      total 16384K, used 1881K [0x00000000eab00000, 0x00000000ebd00000, 0x0000000100000000)
  eden space 14336K, 0% used [0x00000000eab00000,0x00000000eab00000,0x00000000eb900000)
  from space 2048K, 91% used [0x00000000eb980000,0x00000000ebb56738,0x00000000ebb80000)
  to   space 1536K, 0% used [0x00000000ebb80000,0x00000000ebb80000,0x00000000ebd00000)
 ParOldGen       total 68608K, used 53884K [0x00000000c0000000, 0x00000000c4300000, 0x00000000eab00000)
  object space 68608K, 78% used [0x00000000c0000000,0x00000000c349f1d8,0x00000000c4300000)
 Metaspace       used 68548K, committed 69760K, reserved 1114112K
  class space    used 7808K, committed 8320K, reserved 1048576K
}
Event: 13.489 GC heap before
{Heap before GC invocations=45 (full 3):
 PSYoungGen      total 16384K, used 16217K [0x00000000eab00000, 0x00000000ebd00000, 0x0000000100000000)
  eden space 14336K, 100% used [0x00000000eab00000,0x00000000eb900000,0x00000000eb900000)
  from space 2048K, 91% used [0x00000000eb980000,0x00000000ebb56738,0x00000000ebb80000)
  to   space 1536K, 0% used [0x00000000ebb80000,0x00000000ebb80000,0x00000000ebd00000)
 ParOldGen       total 68608K, used 53884K [0x00000000c0000000, 0x00000000c4300000, 0x00000000eab00000)
  object space 68608K, 78% used [0x00000000c0000000,0x00000000c349f1d8,0x00000000c4300000)
 Metaspace       used 69674K, committed 70848K, reserved 1114112K
  class space    used 7939K, committed 8448K, reserved 1048576K
}
Event: 13.495 GC heap after
{Heap after GC invocations=45 (full 3):
 PSYoungGen      total 15872K, used 1481K [0x00000000eab00000, 0x00000000ebd00000, 0x0000000100000000)
  eden space 14336K, 0% used [0x00000000eab00000,0x00000000eab00000,0x00000000eb900000)
  from space 1536K, 96% used [0x00000000ebb80000,0x00000000ebcf2778,0x00000000ebd00000)
  to   space 2048K, 0% used [0x00000000eb900000,0x00000000eb900000,0x00000000ebb00000)
 ParOldGen       total 68608K, used 55674K [0x00000000c0000000, 0x00000000c4300000, 0x00000000eab00000)
  object space 68608K, 81% used [0x00000000c0000000,0x00000000c365ea18,0x00000000c4300000)
 Metaspace       used 69674K, committed 70848K, reserved 1114112K
  class space    used 7939K, committed 8448K, reserved 1048576K
}
Event: 13.750 GC heap before
{Heap before GC invocations=46 (full 3):
 PSYoungGen      total 15872K, used 15817K [0x00000000eab00000, 0x00000000ebd00000, 0x0000000100000000)
  eden space 14336K, 100% used [0x00000000eab00000,0x00000000eb900000,0x00000000eb900000)
  from space 1536K, 96% used [0x00000000ebb80000,0x00000000ebcf2778,0x00000000ebd00000)
  to   space 2048K, 0% used [0x00000000eb900000,0x00000000eb900000,0x00000000ebb00000)
 ParOldGen       total 68608K, used 55674K [0x00000000c0000000, 0x00000000c4300000, 0x00000000eab00000)
  object space 68608K, 81% used [0x00000000c0000000,0x00000000c365ea18,0x00000000c4300000)
 Metaspace       used 69931K, committed 71040K, reserved 1114112K
  class space    used 7964K, committed 8448K, reserved 1048576K
}
Event: 13.757 GC heap after
{Heap after GC invocations=46 (full 3):
 PSYoungGen      total 16384K, used 2034K [0x00000000eab00000, 0x00000000ec300000, 0x0000000100000000)
  eden space 14336K, 0% used [0x00000000eab00000,0x00000000eab00000,0x00000000eb900000)
  from space 2048K, 99% used [0x00000000eb900000,0x00000000ebafc8b8,0x00000000ebb00000)
  to   space 5120K, 0% used [0x00000000ebe00000,0x00000000ebe00000,0x00000000ec300000)
 ParOldGen       total 68608K, used 57968K [0x00000000c0000000, 0x00000000c4300000, 0x00000000eab00000)
  object space 68608K, 84% used [0x00000000c0000000,0x00000000c389c0d0,0x00000000c4300000)
 Metaspace       used 69931K, committed 71040K, reserved 1114112K
  class space    used 7964K, committed 8448K, reserved 1048576K
}
Event: 13.955 GC heap before
{Heap before GC invocations=47 (full 3):
 PSYoungGen      total 16384K, used 16370K [0x00000000eab00000, 0x00000000ec300000, 0x0000000100000000)
  eden space 14336K, 100% used [0x00000000eab00000,0x00000000eb900000,0x00000000eb900000)
  from space 2048K, 99% used [0x00000000eb900000,0x00000000ebafc8b8,0x00000000ebb00000)
  to   space 5120K, 0% used [0x00000000ebe00000,0x00000000ebe00000,0x00000000ec300000)
 ParOldGen       total 68608K, used 57968K [0x00000000c0000000, 0x00000000c4300000, 0x00000000eab00000)
  object space 68608K, 84% used [0x00000000c0000000,0x00000000c389c0d0,0x00000000c4300000)
 Metaspace       used 70132K, committed 71296K, reserved 1114112K
  class space    used 7986K, committed 8448K, reserved 1048576K
}

