# JRE version: OpenJDK Runtime Environment Temurin-17.0.13+11 (17.0.13+11) (build 17.0.13+11)
# Java VM: OpenJDK 64-Bit Server VM Temurin-17.0.13+11 (17.0.13+11, mixed mode, tiered, compressed oops, compressed class ptrs, parallel gc, windows-amd64)
GC Precious Log:
 CPUs: 8 total, 8 available
 Memory: 7952M
 Large Page Support: Disabled
 NUMA Support: Disabled
 Compressed Oops: Enabled (32-bit)
 Alignments: Space 512K, Generation 512K, Heap 2M
 Heap Min Capacity: 100M
 Heap Initial Capacity: 100M
 Heap Max Capacity: 1G
 Pre-touch: Disabled
 Parallel Workers: 8
Heap:
 PSYoungGen      total 21504K, used 11340K [0x00000000eab00000, 0x00000000ec300000, 0x0000000100000000)
  eden space 18944K, 49% used [0x00000000eab00000,0x00000000eb413238,0x00000000ebd80000)
  from space 2560K, 80% used [0x00000000ec080000,0x00000000ec280020,0x00000000ec300000)
  to   space 2560K, 0% used [0x00000000ebe00000,0x00000000ebe00000,0x00000000ec080000)
 ParOldGen       total 68608K, used 38543K [0x00000000c0000000, 0x00000000c4300000, 0x00000000eab00000)
  object space 68608K, 56% used [0x00000000c0000000,0x00000000c25a3e30,0x00000000c4300000)
 Metaspace       used 55061K, committed 56000K, reserved 1114112K
  class space    used 5473K, committed 5888K, reserved 1048576K
GC Heap History (20 events):
Event: 24.825 GC heap before
{Heap before GC invocations=23 (full 2):
 PSYoungGen      total 21504K, used 21472K [0x00000000eab00000, 0x00000000ec200000, 0x0000000100000000)
  eden space 20480K, 100% used [0x00000000eab00000,0x00000000ebf00000,0x00000000ebf00000)
  from space 1024K, 96% used [0x00000000ec100000,0x00000000ec1f8040,0x00000000ec200000)
  to   space 1536K, 0% used [0x00000000ebf00000,0x00000000ebf00000,0x00000000ec080000)
 ParOldGen       total 68608K, used 23182K [0x00000000c0000000, 0x00000000c4300000, 0x00000000eab00000)
  object space 68608K, 33% used [0x00000000c0000000,0x00000000c16a3bc0,0x00000000c4300000)
 Metaspace       used 47610K, committed 48448K, reserved 1114112K
  class space    used 4779K, committed 5120K, reserved 1048576K
}
Event: 24.831 GC heap after
{Heap after GC invocations=23 (full 2):
 PSYoungGen      total 22016K, used 1536K [0x00000000eab00000, 0x00000000ec500000, 0x0000000100000000)
  eden space 20480K, 0% used [0x00000000eab00000,0x00000000eab00000,0x00000000ebf00000)
  from space 1536K, 100% used [0x00000000ebf00000,0x00000000ec080000,0x00000000ec080000)
  to   space 3072K, 0% used [0x00000000ec200000,0x00000000ec200000,0x00000000ec500000)
 ParOldGen       total 68608K, used 24199K [0x00000000c0000000, 0x00000000c4300000, 0x00000000eab00000)
  object space 68608K, 35% used [0x00000000c0000000,0x00000000c17a1d00,0x00000000c4300000)
 Metaspace       used 47610K, committed 48448K, reserved 1114112K
  class space    used 4779K, committed 5120K, reserved 1048576K
}
Event: 24.928 GC heap before
{Heap before GC invocations=24 (full 2):
 PSYoungGen      total 22016K, used 22016K [0x00000000eab00000, 0x00000000ec500000, 0x0000000100000000)
  eden space 20480K, 100% used [0x00000000eab00000,0x00000000ebf00000,0x00000000ebf00000)
  from space 1536K, 100% used [0x00000000ebf00000,0x00000000ec080000,0x00000000ec080000)
  to   space 3072K, 0% used [0x00000000ec200000,0x00000000ec200000,0x00000000ec500000)
 ParOldGen       total 68608K, used 24199K [0x00000000c0000000, 0x00000000c4300000, 0x00000000eab00000)
  object space 68608K, 35% used [0x00000000c0000000,0x00000000c17a1d00,0x00000000c4300000)
 Metaspace       used 47616K, committed 48448K, reserved 1114112K
  class space    used 4779K, committed 5120K, reserved 1048576K
}
Event: 24.933 GC heap after
{Heap after GC invocations=24 (full 2):
 PSYoungGen      total 23040K, used 2276K [0x00000000eab00000, 0x00000000ec480000, 0x0000000100000000)
  eden space 20480K, 0% used [0x00000000eab00000,0x00000000eab00000,0x00000000ebf00000)
  from space 2560K, 88% used [0x00000000ec200000,0x00000000ec439000,0x00000000ec480000)
  to   space 2560K, 0% used [0x00000000ebf80000,0x00000000ebf80000,0x00000000ec200000)
 ParOldGen       total 68608K, used 25707K [0x00000000c0000000, 0x00000000c4300000, 0x00000000eab00000)
  object space 68608K, 37% used [0x00000000c0000000,0x00000000c191ae00,0x00000000c4300000)
 Metaspace       used 47616K, committed 48448K, reserved 1114112K
  class space    used 4779K, committed 5120K, reserved 1048576K
}
Event: 25.013 GC heap before
{Heap before GC invocations=25 (full 2):
 PSYoungGen      total 23040K, used 22756K [0x00000000eab00000, 0x00000000ec480000, 0x0000000100000000)
  eden space 20480K, 100% used [0x00000000eab00000,0x00000000ebf00000,0x00000000ebf00000)
  from space 2560K, 88% used [0x00000000ec200000,0x00000000ec439000,0x00000000ec480000)
  to   space 2560K, 0% used [0x00000000ebf80000,0x00000000ebf80000,0x00000000ec200000)
 ParOldGen       total 68608K, used 25707K [0x00000000c0000000, 0x00000000c4300000, 0x00000000eab00000)
  object space 68608K, 37% used [0x00000000c0000000,0x00000000c191ae00,0x00000000c4300000)
 Metaspace       used 47634K, committed 48448K, reserved 1114112K
  class space    used 4783K, committed 5120K, reserved 1048576K
}
Event: 25.021 GC heap after
{Heap after GC invocations=25 (full 2):
 PSYoungGen      total 23040K, used 2192K [0x00000000eab00000, 0x00000000ec400000, 0x0000000100000000)
  eden space 20480K, 0% used [0x00000000eab00000,0x00000000eab00000,0x00000000ebf00000)
  from space 2560K, 85% used [0x00000000ebf80000,0x00000000ec1a4040,0x00000000ec200000)
  to   space 2048K, 0% used [0x00000000ec200000,0x00000000ec200000,0x00000000ec400000)
 ParOldGen       total 68608K, used 27871K [0x00000000c0000000, 0x00000000c4300000, 0x00000000eab00000)
  object space 68608K, 40% used [0x00000000c0000000,0x00000000c1b37e00,0x00000000c4300000)
 Metaspace       used 47634K, committed 48448K, reserved 1114112K
  class space    used 4783K, committed 5120K, reserved 1048576K
}
Event: 25.130 GC heap before
{Heap before GC invocations=26 (full 2):
 PSYoungGen      total 23040K, used 22672K [0x00000000eab00000, 0x00000000ec400000, 0x0000000100000000)
  eden space 20480K, 99% used [0x00000000eab00000,0x00000000ebefffe0,0x00000000ebf00000)
  from space 2560K, 85% used [0x00000000ebf80000,0x00000000ec1a4040,0x00000000ec200000)
  to   space 2048K, 0% used [0x00000000ec200000,0x00000000ec200000,0x00000000ec400000)
 ParOldGen       total 68608K, used 27871K [0x00000000c0000000, 0x00000000c4300000, 0x00000000eab00000)
  object space 68608K, 40% used [0x00000000c0000000,0x00000000c1b37e00,0x00000000c4300000)
 Metaspace       used 47853K, committed 48640K, reserved 1114112K
  class space    used 4794K, committed 5120K, reserved 1048576K
}
Event: 25.137 GC heap after
{Heap after GC invocations=26 (full 2):
 PSYoungGen      total 20992K, used 2040K [0x00000000eab00000, 0x00000000ec800000, 0x0000000100000000)
  eden space 18944K, 0% used [0x00000000eab00000,0x00000000eab00000,0x00000000ebd80000)
  from space 2048K, 99% used [0x00000000ec200000,0x00000000ec3fe240,0x00000000ec400000)
  to   space 4608K, 0% used [0x00000000ebd80000,0x00000000ebd80000,0x00000000ec200000)
 ParOldGen       total 68608K, used 29927K [0x00000000c0000000, 0x00000000c4300000, 0x00000000eab00000)
  object space 68608K, 43% used [0x00000000c0000000,0x00000000c1d39e30,0x00000000c4300000)
 Metaspace       used 47853K, committed 48640K, reserved 1114112K
  class space    used 4794K, committed 5120K, reserved 1048576K
}
Event: 25.611 GC heap before
{Heap before GC invocations=27 (full 2):
 PSYoungGen      total 20992K, used 20984K [0x00000000eab00000, 0x00000000ec800000, 0x0000000100000000)
  eden space 18944K, 100% used [0x00000000eab00000,0x00000000ebd80000,0x00000000ebd80000)
  from space 2048K, 99% used [0x00000000ec200000,0x00000000ec3fe240,0x00000000ec400000)
  to   space 4608K, 0% used [0x00000000ebd80000,0x00000000ebd80000,0x00000000ec200000)
 ParOldGen       total 68608K, used 29927K [0x00000000c0000000, 0x00000000c4300000, 0x00000000eab00000)
  object space 68608K, 43% used [0x00000000c0000000,0x00000000c1d39e30,0x00000000c4300000)
 Metaspace       used 49504K, committed 50304K, reserved 1114112K
  class space    used 4962K, committed 5312K, reserved 1048576K
}
Event: 25.618 GC heap after
{Heap after GC invocations=27 (full 2):
 PSYoungGen      total 22016K, used 2743K [0x00000000eab00000, 0x00000000ec480000, 0x0000000100000000)
  eden space 18944K, 0% used [0x00000000eab00000,0x00000000eab00000,0x00000000ebd80000)
  from space 3072K, 89% used [0x00000000ebd80000,0x00000000ec02df58,0x00000000ec080000)
  to   space 3584K, 0% used [0x00000000ec100000,0x00000000ec100000,0x00000000ec480000)
 ParOldGen       total 68608K, used 31875K [0x00000000c0000000, 0x00000000c4300000, 0x00000000eab00000)
  object space 68608K, 46% used [0x00000000c0000000,0x00000000c1f20eb8,0x00000000c4300000)
 Metaspace       used 49504K, committed 50304K, reserved 1114112K
  class space    used 4962K, committed 5312K, reserved 1048576K
}
Event: 25.927 GC heap before
{Heap before GC invocations=28 (full 2):
 PSYoungGen      total 22016K, used 21687K [0x00000000eab00000, 0x00000000ec480000, 0x0000000100000000)
  eden space 18944K, 100% used [0x00000000eab00000,0x00000000ebd80000,0x00000000ebd80000)
  from space 3072K, 89% used [0x00000000ebd80000,0x00000000ec02df58,0x00000000ec080000)
  to   space 3584K, 0% used [0x00000000ec100000,0x00000000ec100000,0x00000000ec480000)
 ParOldGen       total 68608K, used 31875K [0x00000000c0000000, 0x00000000c4300000, 0x00000000eab00000)
  object space 68608K, 46% used [0x00000000c0000000,0x00000000c1f20eb8,0x00000000c4300000)
 Metaspace       used 50454K, committed 51328K, reserved 1114112K
  class space    used 5057K, committed 5440K, reserved 1048576K
}
Event: 25.932 GC heap after
{Heap after GC invocations=28 (full 2):
 PSYoungGen      total 21504K, used 2284K [0x00000000eab00000, 0x00000000ec380000, 0x0000000100000000)
  eden space 18944K, 0% used [0x00000000eab00000,0x00000000eab00000,0x00000000ebd80000)
  from space 2560K, 89% used [0x00000000ec100000,0x00000000ec33b060,0x00000000ec380000)
  to   space 2560K, 0% used [0x00000000ebe80000,0x00000000ebe80000,0x00000000ec100000)
 ParOldGen       total 68608K, used 34361K [0x00000000c0000000, 0x00000000c4300000, 0x00000000eab00000)
  object space 68608K, 50% used [0x00000000c0000000,0x00000000c218e578,0x00000000c4300000)
 Metaspace       used 50454K, committed 51328K, reserved 1114112K
  class space    used 5057K, committed 5440K, reserved 1048576K
}
Event: 27.159 GC heap before
{Heap before GC invocations=29 (full 2):
 PSYoungGen      total 21504K, used 21228K [0x00000000eab00000, 0x00000000ec380000, 0x0000000100000000)
  eden space 18944K, 100% used [0x00000000eab00000,0x00000000ebd80000,0x00000000ebd80000)
  from space 2560K, 89% used [0x00000000ec100000,0x00000000ec33b060,0x00000000ec380000)
  to   space 2560K, 0% used [0x00000000ebe80000,0x00000000ebe80000,0x00000000ec100000)
 ParOldGen       total 68608K, used 34361K [0x00000000c0000000, 0x00000000c4300000, 0x00000000eab00000)
  object space 68608K, 50% used [0x00000000c0000000,0x00000000c218e578,0x00000000c4300000)
 Metaspace       used 51631K, committed 52544K, reserved 1114112K
  class space    used 5151K, committed 5568K, reserved 1048576K
}
Event: 27.165 GC heap after
{Heap after GC invocations=29 (full 2):
 PSYoungGen      total 20480K, used 1520K [0x00000000eab00000, 0x00000000ec180000, 0x0000000100000000)
  eden space 18944K, 0% used [0x00000000eab00000,0x00000000eab00000,0x00000000ebd80000)
  from space 1536K, 98% used [0x00000000ebe80000,0x00000000ebffc030,0x00000000ec000000)
  to   space 1536K, 0% used [0x00000000ec000000,0x00000000ec000000,0x00000000ec180000)
 ParOldGen       total 68608K, used 35630K [0x00000000c0000000, 0x00000000c4300000, 0x00000000eab00000)
  object space 68608K, 51% used [0x00000000c0000000,0x00000000c22cb9a8,0x00000000c4300000)
 Metaspace       used 51631K, committed 52544K, reserved 1114112K
  class space    used 5151K, committed 5568K, reserved 1048576K
}
Event: 34.375 GC heap before
{Heap before GC invocations=30 (full 2):
 PSYoungGen      total 20480K, used 20463K [0x00000000eab00000, 0x00000000ec180000, 0x0000000100000000)
  eden space 18944K, 99% used [0x00000000eab00000,0x00000000ebd7ffb0,0x00000000ebd80000)
  from space 1536K, 98% used [0x00000000ebe80000,0x00000000ebffc030,0x00000000ec000000)
  to   space 1536K, 0% used [0x00000000ec000000,0x00000000ec000000,0x00000000ec180000)
 ParOldGen       total 68608K, used 35630K [0x00000000c0000000, 0x00000000c4300000, 0x00000000eab00000)
  object space 68608K, 51% used [0x00000000c0000000,0x00000000c22cb9a8,0x00000000c4300000)
 Metaspace       used 52346K, committed 53312K, reserved 1114112K
  class space    used 5157K, committed 5568K, reserved 1048576K
}
Event: 34.380 GC heap after
{Heap after GC invocations=30 (full 2):
 PSYoungGen      total 20480K, used 1458K [0x00000000eab00000, 0x00000000ec180000, 0x0000000100000000)
  eden space 18944K, 0% used [0x00000000eab00000,0x00000000eab00000,0x00000000ebd80000)
  from space 1536K, 94% used [0x00000000ec000000,0x00000000ec16cb28,0x00000000ec180000)
  to   space 1536K, 0% used [0x00000000ebe80000,0x00000000ebe80000,0x00000000ec000000)
 ParOldGen       total 68608K, used 36246K [0x00000000c0000000, 0x00000000c4300000, 0x00000000eab00000)
  object space 68608K, 52% used [0x00000000c0000000,0x00000000c2365a10,0x00000000c4300000)
 Metaspace       used 52346K, committed 53312K, reserved 1114112K
  class space    used 5157K, committed 5568K, reserved 1048576K
}
Event: 35.772 GC heap before
{Heap before GC invocations=31 (full 2):
 PSYoungGen      total 20480K, used 20402K [0x00000000eab00000, 0x00000000ec180000, 0x0000000100000000)
  eden space 18944K, 100% used [0x00000000eab00000,0x00000000ebd80000,0x00000000ebd80000)
  from space 1536K, 94% used [0x00000000ec000000,0x00000000ec16cb28,0x00000000ec180000)
  to   space 1536K, 0% used [0x00000000ebe80000,0x00000000ebe80000,0x00000000ec000000)
 ParOldGen       total 68608K, used 36246K [0x00000000c0000000, 0x00000000c4300000, 0x00000000eab00000)
  object space 68608K, 52% used [0x00000000c0000000,0x00000000c2365a10,0x00000000c4300000)
 Metaspace       used 54216K, committed 55168K, reserved 1114112K
  class space    used 5400K, committed 5824K, reserved 1048576K
}
Event: 35.786 GC heap after
{Heap after GC invocations=31 (full 2):
 PSYoungGen      total 20480K, used 1509K [0x00000000eab00000, 0x00000000ec380000, 0x0000000100000000)
  eden space 18944K, 0% used [0x00000000eab00000,0x00000000eab00000,0x00000000ebd80000)
  from space 1536K, 98% used [0x00000000ebe80000,0x00000000ebff94a8,0x00000000ec000000)
  to   space 3072K, 0% used [0x00000000ec080000,0x00000000ec080000,0x00000000ec380000)
 ParOldGen       total 68608K, used 37249K [0x00000000c0000000, 0x00000000c4300000, 0x00000000eab00000)
  object space 68608K, 54% used [0x00000000c0000000,0x00000000c2460790,0x00000000c4300000)
 Metaspace       used 54216K, committed 55168K, reserved 1114112K
  class space    used 5400K, committed 5824K, reserved 1048576K
}
Event: 49.092 GC heap before
{Heap before GC invocations=32 (full 2):
 PSYoungGen      total 20480K, used 20453K [0x00000000eab00000, 0x00000000ec380000, 0x0000000100000000)
  eden space 18944K, 100% used [0x00000000eab00000,0x00000000ebd80000,0x00000000ebd80000)
  from space 1536K, 98% used [0x00000000ebe80000,0x00000000ebff94a8,0x00000000ec000000)
  to   space 3072K, 0% used [0x00000000ec080000,0x00000000ec080000,0x00000000ec380000)
 ParOldGen       total 68608K, used 37249K [0x00000000c0000000, 0x00000000c4300000, 0x00000000eab00000)
  object space 68608K, 54% used [0x00000000c0000000,0x00000000c2460790,0x00000000c4300000)
 Metaspace       used 54632K, committed 55552K, reserved 1114112K
  class space    used 5420K, committed 5824K, reserved 1048576K
}
Event: 49.099 GC heap after
{Heap after GC invocations=32 (full 2):
 PSYoungGen      total 21504K, used 2048K [0x00000000eab00000, 0x00000000ec300000, 0x0000000100000000)
  eden space 18944K, 0% used [0x00000000eab00000,0x00000000eab00000,0x00000000ebd80000)
  from space 2560K, 80% used [0x00000000ec080000,0x00000000ec280020,0x00000000ec300000)
  to   space 2560K, 0% used [0x00000000ebe00000,0x00000000ebe00000,0x00000000ec080000)
 ParOldGen       total 68608K, used 38543K [0x00000000c0000000, 0x00000000c4300000, 0x00000000eab00000)
  object space 68608K, 56% used [0x00000000c0000000,0x00000000c25a3e30,0x00000000c4300000)
 Metaspace       used 54632K, committed 55552K, reserved 1114112K
  class space    used 5420K, committed 5824K, reserved 1048576K
}

