# JRE version: OpenJDK Runtime Environment Temurin-17.0.12+7 (17.0.12+7) (build 17.0.12+7)
# Java VM: OpenJDK 64-Bit Server VM Temurin-17.0.12+7 (17.0.12+7, mixed mode, tiered, compressed oops, compressed class ptrs, parallel gc, windows-amd64)
GC Precious Log:
 CPUs: 4 total, 4 available
 Memory: 7854M
 Large Page Support: Disabled
 NUMA Support: Disabled
 Compressed Oops: Enabled (32-bit)
 Alignments: Space 512K, Generation 512K, Heap 2M
 Heap Min Capacity: 100M
 Heap Initial Capacity: 100M
 Heap Max Capacity: 1G
 Pre-touch: Disabled
 Parallel Workers: 4
Heap:
 PSYoungGen      total 23040K, used 4117K [0x00000000eab00000, 0x00000000ec580000, 0x0000000100000000)
  eden space 22016K, 14% used [0x00000000eab00000,0x00000000eae072d8,0x00000000ec080000)
  from space 1024K, 99% used [0x00000000ec300000,0x00000000ec3fe470,0x00000000ec400000)
  to   space 2560K, 0% used [0x00000000ec080000,0x00000000ec080000,0x00000000ec300000)
 ParOldGen       total 68608K, used 18570K [0x00000000c0000000, 0x00000000c4300000, 0x00000000eab00000)
  object space 68608K, 27% used [0x00000000c0000000,0x00000000c1222828,0x00000000c4300000)
 Metaspace       used 47736K, committed 48704K, reserved 1114112K
  class space    used 5120K, committed 5504K, reserved 1048576K
GC Heap History (20 events):
Event: 4.105 GC heap before
{Heap before GC invocations=8 (full 1):
 PSYoungGen      total 26624K, used 26499K [0x00000000eab00000, 0x00000000eca80000, 0x0000000100000000)
  eden space 25088K, 100% used [0x00000000eab00000,0x00000000ec380000,0x00000000ec380000)
  from space 1536K, 91% used [0x00000000ec900000,0x00000000eca60e70,0x00000000eca80000)
  to   space 3072K, 0% used [0x00000000ec480000,0x00000000ec480000,0x00000000ec780000)
 ParOldGen       total 68608K, used 10617K [0x00000000c0000000, 0x00000000c4300000, 0x00000000eab00000)
  object space 68608K, 15% used [0x00000000c0000000,0x00000000c0a5e488,0x00000000c4300000)
 Metaspace       used 27414K, committed 28096K, reserved 1114112K
  class space    used 2826K, committed 3072K, reserved 1048576K
}
Event: 4.107 GC heap after
{Heap after GC invocations=8 (full 1):
 PSYoungGen      total 27648K, used 2798K [0x00000000eab00000, 0x00000000ec980000, 0x0000000100000000)
  eden space 24576K, 0% used [0x00000000eab00000,0x00000000eab00000,0x00000000ec300000)
  from space 3072K, 91% used [0x00000000ec480000,0x00000000ec73bbb0,0x00000000ec780000)
  to   space 2048K, 0% used [0x00000000ec780000,0x00000000ec780000,0x00000000ec980000)
 ParOldGen       total 68608K, used 10625K [0x00000000c0000000, 0x00000000c4300000, 0x00000000eab00000)
  object space 68608K, 15% used [0x00000000c0000000,0x00000000c0a60488,0x00000000c4300000)
 Metaspace       used 27414K, committed 28096K, reserved 1114112K
  class space    used 2826K, committed 3072K, reserved 1048576K
}
Event: 4.711 GC heap before
{Heap before GC invocations=9 (full 1):
 PSYoungGen      total 27648K, used 27371K [0x00000000eab00000, 0x00000000ec980000, 0x0000000100000000)
  eden space 24576K, 99% used [0x00000000eab00000,0x00000000ec2ff398,0x00000000ec300000)
  from space 3072K, 91% used [0x00000000ec480000,0x00000000ec73bbb0,0x00000000ec780000)
  to   space 2048K, 0% used [0x00000000ec780000,0x00000000ec780000,0x00000000ec980000)
 ParOldGen       total 68608K, used 10625K [0x00000000c0000000, 0x00000000c4300000, 0x00000000eab00000)
  object space 68608K, 15% used [0x00000000c0000000,0x00000000c0a60488,0x00000000c4300000)
 Metaspace       used 29768K, committed 30464K, reserved 1114112K
  class space    used 2981K, committed 3264K, reserved 1048576K
}
Event: 4.714 GC heap after
{Heap after GC invocations=9 (full 1):
 PSYoungGen      total 26112K, used 2021K [0x00000000eab00000, 0x00000000eca80000, 0x0000000100000000)
  eden space 24064K, 0% used [0x00000000eab00000,0x00000000eab00000,0x00000000ec280000)
  from space 2048K, 98% used [0x00000000ec780000,0x00000000ec9796f0,0x00000000ec980000)
  to   space 4096K, 0% used [0x00000000ec280000,0x00000000ec280000,0x00000000ec680000)
 ParOldGen       total 68608K, used 12406K [0x00000000c0000000, 0x00000000c4300000, 0x00000000eab00000)
  object space 68608K, 18% used [0x00000000c0000000,0x00000000c0c1db28,0x00000000c4300000)
 Metaspace       used 29768K, committed 30464K, reserved 1114112K
  class space    used 2981K, committed 3264K, reserved 1048576K
}
Event: 5.114 GC heap before
{Heap before GC invocations=10 (full 1):
 PSYoungGen      total 26112K, used 26085K [0x00000000eab00000, 0x00000000eca80000, 0x0000000100000000)
  eden space 24064K, 100% used [0x00000000eab00000,0x00000000ec280000,0x00000000ec280000)
  from space 2048K, 98% used [0x00000000ec780000,0x00000000ec9796f0,0x00000000ec980000)
  to   space 4096K, 0% used [0x00000000ec280000,0x00000000ec280000,0x00000000ec680000)
 ParOldGen       total 68608K, used 12406K [0x00000000c0000000, 0x00000000c4300000, 0x00000000eab00000)
  object space 68608K, 18% used [0x00000000c0000000,0x00000000c0c1db28,0x00000000c4300000)
 Metaspace       used 33266K, committed 34048K, reserved 1114112K
  class space    used 3269K, committed 3584K, reserved 1048576K
}
Event: 5.117 GC heap after
{Heap after GC invocations=10 (full 1):
 PSYoungGen      total 25600K, used 1666K [0x00000000eab00000, 0x00000000ec800000, 0x0000000100000000)
  eden space 23552K, 0% used [0x00000000eab00000,0x00000000eab00000,0x00000000ec200000)
  from space 2048K, 81% used [0x00000000ec280000,0x00000000ec420920,0x00000000ec480000)
  to   space 2560K, 0% used [0x00000000ec580000,0x00000000ec580000,0x00000000ec800000)
 ParOldGen       total 68608K, used 13042K [0x00000000c0000000, 0x00000000c4300000, 0x00000000eab00000)
  object space 68608K, 19% used [0x00000000c0000000,0x00000000c0cbc848,0x00000000c4300000)
 Metaspace       used 33266K, committed 34048K, reserved 1114112K
  class space    used 3269K, committed 3584K, reserved 1048576K
}
Event: 5.331 GC heap before
{Heap before GC invocations=11 (full 1):
 PSYoungGen      total 25600K, used 25218K [0x00000000eab00000, 0x00000000ec800000, 0x0000000100000000)
  eden space 23552K, 100% used [0x00000000eab00000,0x00000000ec200000,0x00000000ec200000)
  from space 2048K, 81% used [0x00000000ec280000,0x00000000ec420920,0x00000000ec480000)
  to   space 2560K, 0% used [0x00000000ec580000,0x00000000ec580000,0x00000000ec800000)
 ParOldGen       total 68608K, used 13042K [0x00000000c0000000, 0x00000000c4300000, 0x00000000eab00000)
  object space 68608K, 19% used [0x00000000c0000000,0x00000000c0cbc848,0x00000000c4300000)
 Metaspace       used 34652K, committed 35456K, reserved 1114112K
  class space    used 3425K, committed 3776K, reserved 1048576K
}
Event: 5.335 GC heap after
{Heap after GC invocations=11 (full 1):
 PSYoungGen      total 25088K, used 2549K [0x00000000eab00000, 0x00000000eca80000, 0x0000000100000000)
  eden space 22528K, 0% used [0x00000000eab00000,0x00000000eab00000,0x00000000ec100000)
  from space 2560K, 99% used [0x00000000ec580000,0x00000000ec7fd778,0x00000000ec800000)
  to   space 4608K, 0% used [0x00000000ec100000,0x00000000ec100000,0x00000000ec580000)
 ParOldGen       total 68608K, used 14407K [0x00000000c0000000, 0x00000000c4300000, 0x00000000eab00000)
  object space 68608K, 20% used [0x00000000c0000000,0x00000000c0e11e98,0x00000000c4300000)
 Metaspace       used 34652K, committed 35456K, reserved 1114112K
  class space    used 3425K, committed 3776K, reserved 1048576K
}
Event: 5.375 GC heap before
{Heap before GC invocations=12 (full 1):
 PSYoungGen      total 25088K, used 6263K [0x00000000eab00000, 0x00000000eca80000, 0x0000000100000000)
  eden space 22528K, 16% used [0x00000000eab00000,0x00000000eaea0870,0x00000000ec100000)
  from space 2560K, 99% used [0x00000000ec580000,0x00000000ec7fd778,0x00000000ec800000)
  to   space 4608K, 0% used [0x00000000ec100000,0x00000000ec100000,0x00000000ec580000)
 ParOldGen       total 68608K, used 14407K [0x00000000c0000000, 0x00000000c4300000, 0x00000000eab00000)
  object space 68608K, 20% used [0x00000000c0000000,0x00000000c0e11e98,0x00000000c4300000)
 Metaspace       used 35094K, committed 35840K, reserved 1114112K
  class space    used 3468K, committed 3776K, reserved 1048576K
}
Event: 5.379 GC heap after
{Heap after GC invocations=12 (full 1):
 PSYoungGen      total 23040K, used 123K [0x00000000eab00000, 0x00000000ec600000, 0x0000000100000000)
  eden space 22528K, 0% used [0x00000000eab00000,0x00000000eab00000,0x00000000ec100000)
  from space 512K, 24% used [0x00000000ec100000,0x00000000ec11ecd0,0x00000000ec180000)
  to   space 1536K, 0% used [0x00000000ec480000,0x00000000ec480000,0x00000000ec600000)
 ParOldGen       total 68608K, used 16618K [0x00000000c0000000, 0x00000000c4300000, 0x00000000eab00000)
  object space 68608K, 24% used [0x00000000c0000000,0x00000000c103aa28,0x00000000c4300000)
 Metaspace       used 35094K, committed 35840K, reserved 1114112K
  class space    used 3468K, committed 3776K, reserved 1048576K
}
Event: 5.379 GC heap before
{Heap before GC invocations=13 (full 2):
 PSYoungGen      total 23040K, used 123K [0x00000000eab00000, 0x00000000ec600000, 0x0000000100000000)
  eden space 22528K, 0% used [0x00000000eab00000,0x00000000eab00000,0x00000000ec100000)
  from space 512K, 24% used [0x00000000ec100000,0x00000000ec11ecd0,0x00000000ec180000)
  to   space 1536K, 0% used [0x00000000ec480000,0x00000000ec480000,0x00000000ec600000)
 ParOldGen       total 68608K, used 16618K [0x00000000c0000000, 0x00000000c4300000, 0x00000000eab00000)
  object space 68608K, 24% used [0x00000000c0000000,0x00000000c103aa28,0x00000000c4300000)
 Metaspace       used 35094K, committed 35840K, reserved 1114112K
  class space    used 3468K, committed 3776K, reserved 1048576K
}
Event: 5.419 GC heap after
{Heap after GC invocations=13 (full 2):
 PSYoungGen      total 23040K, used 0K [0x00000000eab00000, 0x00000000ec600000, 0x0000000100000000)
  eden space 22528K, 0% used [0x00000000eab00000,0x00000000eab00000,0x00000000ec100000)
  from space 512K, 0% used [0x00000000ec100000,0x00000000ec100000,0x00000000ec180000)
  to   space 1536K, 0% used [0x00000000ec480000,0x00000000ec480000,0x00000000ec600000)
 ParOldGen       total 68608K, used 14532K [0x00000000c0000000, 0x00000000c4300000, 0x00000000eab00000)
  object space 68608K, 21% used [0x00000000c0000000,0x00000000c0e310b0,0x00000000c4300000)
 Metaspace       used 35057K, committed 35840K, reserved 1114112K
  class space    used 3458K, committed 3776K, reserved 1048576K
}
Event: 5.814 GC heap before
{Heap before GC invocations=14 (full 2):
 PSYoungGen      total 23040K, used 22528K [0x00000000eab00000, 0x00000000ec600000, 0x0000000100000000)
  eden space 22528K, 100% used [0x00000000eab00000,0x00000000ec100000,0x00000000ec100000)
  from space 512K, 0% used [0x00000000ec100000,0x00000000ec100000,0x00000000ec180000)
  to   space 1536K, 0% used [0x00000000ec480000,0x00000000ec480000,0x00000000ec600000)
 ParOldGen       total 68608K, used 14532K [0x00000000c0000000, 0x00000000c4300000, 0x00000000eab00000)
  object space 68608K, 21% used [0x00000000c0000000,0x00000000c0e310b0,0x00000000c4300000)
 Metaspace       used 38253K, committed 39104K, reserved 1114112K
  class space    used 3842K, committed 4160K, reserved 1048576K
}
Event: 5.818 GC heap after
{Heap after GC invocations=14 (full 2):
 PSYoungGen      total 23552K, used 1437K [0x00000000eab00000, 0x00000000ec600000, 0x0000000100000000)
  eden space 22016K, 0% used [0x00000000eab00000,0x00000000eab00000,0x00000000ec080000)
  from space 1536K, 93% used [0x00000000ec480000,0x00000000ec5e7790,0x00000000ec600000)
  to   space 2048K, 0% used [0x00000000ec200000,0x00000000ec200000,0x00000000ec400000)
 ParOldGen       total 68608K, used 14540K [0x00000000c0000000, 0x00000000c4300000, 0x00000000eab00000)
  object space 68608K, 21% used [0x00000000c0000000,0x00000000c0e330b0,0x00000000c4300000)
 Metaspace       used 38253K, committed 39104K, reserved 1114112K
  class space    used 3842K, committed 4160K, reserved 1048576K
}
Event: 6.485 GC heap before
{Heap before GC invocations=15 (full 2):
 PSYoungGen      total 23552K, used 23453K [0x00000000eab00000, 0x00000000ec600000, 0x0000000100000000)
  eden space 22016K, 100% used [0x00000000eab00000,0x00000000ec080000,0x00000000ec080000)
  from space 1536K, 93% used [0x00000000ec480000,0x00000000ec5e7790,0x00000000ec600000)
  to   space 2048K, 0% used [0x00000000ec200000,0x00000000ec200000,0x00000000ec400000)
 ParOldGen       total 68608K, used 14540K [0x00000000c0000000, 0x00000000c4300000, 0x00000000eab00000)
  object space 68608K, 21% used [0x00000000c0000000,0x00000000c0e330b0,0x00000000c4300000)
 Metaspace       used 40447K, committed 41408K, reserved 1114112K
  class space    used 4128K, committed 4480K, reserved 1048576K
}
Event: 6.489 GC heap after
{Heap after GC invocations=15 (full 2):
 PSYoungGen      total 23040K, used 941K [0x00000000eab00000, 0x00000000ec500000, 0x0000000100000000)
  eden space 22016K, 0% used [0x00000000eab00000,0x00000000eab00000,0x00000000ec080000)
  from space 1024K, 91% used [0x00000000ec200000,0x00000000ec2eb500,0x00000000ec300000)
  to   space 1536K, 0% used [0x00000000ec380000,0x00000000ec380000,0x00000000ec500000)
 ParOldGen       total 68608K, used 15740K [0x00000000c0000000, 0x00000000c4300000, 0x00000000eab00000)
  object space 68608K, 22% used [0x00000000c0000000,0x00000000c0f5f2c8,0x00000000c4300000)
 Metaspace       used 40447K, committed 41408K, reserved 1114112K
  class space    used 4128K, committed 4480K, reserved 1048576K
}
Event: 6.825 GC heap before
{Heap before GC invocations=16 (full 2):
 PSYoungGen      total 23040K, used 22951K [0x00000000eab00000, 0x00000000ec500000, 0x0000000100000000)
  eden space 22016K, 99% used [0x00000000eab00000,0x00000000ec07e948,0x00000000ec080000)
  from space 1024K, 91% used [0x00000000ec200000,0x00000000ec2eb500,0x00000000ec300000)
  to   space 1536K, 0% used [0x00000000ec380000,0x00000000ec380000,0x00000000ec500000)
 ParOldGen       total 68608K, used 15740K [0x00000000c0000000, 0x00000000c4300000, 0x00000000eab00000)
  object space 68608K, 22% used [0x00000000c0000000,0x00000000c0f5f2c8,0x00000000c4300000)
 Metaspace       used 42715K, committed 43584K, reserved 1114112K
  class space    used 4444K, committed 4800K, reserved 1048576K
}
Event: 6.828 GC heap after
{Heap after GC invocations=16 (full 2):
 PSYoungGen      total 23552K, used 1097K [0x00000000eab00000, 0x00000000ec500000, 0x0000000100000000)
  eden space 22016K, 0% used [0x00000000eab00000,0x00000000eab00000,0x00000000ec080000)
  from space 1536K, 71% used [0x00000000ec380000,0x00000000ec492628,0x00000000ec500000)
  to   space 1536K, 0% used [0x00000000ec200000,0x00000000ec200000,0x00000000ec380000)
 ParOldGen       total 68608K, used 16611K [0x00000000c0000000, 0x00000000c4300000, 0x00000000eab00000)
  object space 68608K, 24% used [0x00000000c0000000,0x00000000c1038f58,0x00000000c4300000)
 Metaspace       used 42715K, committed 43584K, reserved 1114112K
  class space    used 4444K, committed 4800K, reserved 1048576K
}
Event: 7.077 GC heap before
{Heap before GC invocations=17 (full 2):
 PSYoungGen      total 23552K, used 23113K [0x00000000eab00000, 0x00000000ec500000, 0x0000000100000000)
  eden space 22016K, 100% used [0x00000000eab00000,0x00000000ec080000,0x00000000ec080000)
  from space 1536K, 71% used [0x00000000ec380000,0x00000000ec492628,0x00000000ec500000)
  to   space 1536K, 0% used [0x00000000ec200000,0x00000000ec200000,0x00000000ec380000)
 ParOldGen       total 68608K, used 16611K [0x00000000c0000000, 0x00000000c4300000, 0x00000000eab00000)
  object space 68608K, 24% used [0x00000000c0000000,0x00000000c1038f58,0x00000000c4300000)
 Metaspace       used 44959K, committed 45888K, reserved 1114112K
  class space    used 4760K, committed 5120K, reserved 1048576K
}
Event: 7.080 GC heap after
{Heap after GC invocations=17 (full 2):
 PSYoungGen      total 23040K, used 954K [0x00000000eab00000, 0x00000000ec400000, 0x0000000100000000)
  eden space 22016K, 0% used [0x00000000eab00000,0x00000000eab00000,0x00000000ec080000)
  from space 1024K, 93% used [0x00000000ec200000,0x00000000ec2eeb68,0x00000000ec300000)
  to   space 1024K, 0% used [0x00000000ec300000,0x00000000ec300000,0x00000000ec400000)
 ParOldGen       total 68608K, used 17482K [0x00000000c0000000, 0x00000000c4300000, 0x00000000eab00000)
  object space 68608K, 25% used [0x00000000c0000000,0x00000000c1112818,0x00000000c4300000)
 Metaspace       used 44959K, committed 45888K, reserved 1114112K
  class space    used 4760K, committed 5120K, reserved 1048576K
}

