# JRE version: OpenJDK Runtime Environment Temurin-17.0.12+7 (17.0.12+7) (build 17.0.12+7)
# Java VM: OpenJDK 64-Bit Server VM Temurin-17.0.12+7 (17.0.12+7, mixed mode, tiered, compressed oops, compressed class ptrs, parallel gc, windows-amd64)
GC Precious Log:
 CPUs: 4 total, 4 available
 Memory: 7854M
 Large Page Support: Disabled
 NUMA Support: Disabled
 Compressed Oops: Enabled (32-bit)
 Alignments: Space 512K, Generation 512K, Heap 2M
 Heap Min Capacity: 100M
 Heap Initial Capacity: 100M
 Heap Max Capacity: 1G
 Pre-touch: Disabled
 Parallel Workers: 4
Heap:
 PSYoungGen      total 4096K, used 1142K [0x00000000eab00000, 0x00000000eb100000, 0x0000000100000000)
  eden space 2560K, 0% used [0x00000000eab00000,0x00000000eab00000,0x00000000ead80000)
  from space 1536K, 74% used [0x00000000eaf80000,0x00000000eb09d9e8,0x00000000eb100000)
  to   space 1536K, 0% used [0x00000000ead80000,0x00000000ead80000,0x00000000eaf00000)
 ParOldGen       total 219136K, used 218648K [0x00000000c0000000, 0x00000000cd600000, 0x00000000eab00000)
  object space 219136K, 99% used [0x00000000c0000000,0x00000000cd586178,0x00000000cd600000)
 Metaspace       used 86499K, committed 87872K, reserved 1179648K
  class space    used 10227K, committed 10816K, reserved 1048576K
GC Heap History (20 events):
Event: 159.185 GC heap after
{Heap after GC invocations=478 (full 11):
 PSYoungGen      total 4096K, used 1506K [0x00000000eab00000, 0x00000000eb180000, 0x0000000100000000)
  eden space 2560K, 0% used [0x00000000eab00000,0x00000000eab00000,0x00000000ead80000)
  from space 1536K, 98% used [0x00000000ead80000,0x00000000eaef8a10,0x00000000eaf00000)
  to   space 2048K, 0% used [0x00000000eaf80000,0x00000000eaf80000,0x00000000eb180000)
 ParOldGen       total 219136K, used 212310K [0x00000000c0000000, 0x00000000cd600000, 0x00000000eab00000)
  object space 219136K, 96% used [0x00000000c0000000,0x00000000ccf55958,0x00000000cd600000)
 Metaspace       used 86499K, committed 87872K, reserved 1179648K
  class space    used 10227K, committed 10816K, reserved 1048576K
}
Event: 159.786 GC heap before
{Heap before GC invocations=479 (full 11):
 PSYoungGen      total 4096K, used 4066K [0x00000000eab00000, 0x00000000eb180000, 0x0000000100000000)
  eden space 2560K, 100% used [0x00000000eab00000,0x00000000ead80000,0x00000000ead80000)
  from space 1536K, 98% used [0x00000000ead80000,0x00000000eaef8a10,0x00000000eaf00000)
  to   space 2048K, 0% used [0x00000000eaf80000,0x00000000eaf80000,0x00000000eb180000)
 ParOldGen       total 219136K, used 212310K [0x00000000c0000000, 0x00000000cd600000, 0x00000000eab00000)
  object space 219136K, 96% used [0x00000000c0000000,0x00000000ccf55958,0x00000000cd600000)
 Metaspace       used 86499K, committed 87872K, reserved 1179648K
  class space    used 10227K, committed 10816K, reserved 1048576K
}
Event: 159.793 GC heap after
{Heap after GC invocations=479 (full 11):
 PSYoungGen      total 4096K, used 1192K [0x00000000eab00000, 0x00000000eb100000, 0x0000000100000000)
  eden space 2560K, 0% used [0x00000000eab00000,0x00000000eab00000,0x00000000ead80000)
  from space 1536K, 77% used [0x00000000eaf80000,0x00000000eb0aa050,0x00000000eb100000)
  to   space 1536K, 0% used [0x00000000ead80000,0x00000000ead80000,0x00000000eaf00000)
 ParOldGen       total 219136K, used 213323K [0x00000000c0000000, 0x00000000cd600000, 0x00000000eab00000)
  object space 219136K, 97% used [0x00000000c0000000,0x00000000cd052d80,0x00000000cd600000)
 Metaspace       used 86499K, committed 87872K, reserved 1179648K
  class space    used 10227K, committed 10816K, reserved 1048576K
}
Event: 160.648 GC heap before
{Heap before GC invocations=480 (full 11):
 PSYoungGen      total 4096K, used 3745K [0x00000000eab00000, 0x00000000eb100000, 0x0000000100000000)
  eden space 2560K, 99% used [0x00000000eab00000,0x00000000ead7e430,0x00000000ead80000)
  from space 1536K, 77% used [0x00000000eaf80000,0x00000000eb0aa050,0x00000000eb100000)
  to   space 1536K, 0% used [0x00000000ead80000,0x00000000ead80000,0x00000000eaf00000)
 ParOldGen       total 219136K, used 213323K [0x00000000c0000000, 0x00000000cd600000, 0x00000000eab00000)
  object space 219136K, 97% used [0x00000000c0000000,0x00000000cd052d80,0x00000000cd600000)
 Metaspace       used 86499K, committed 87872K, reserved 1179648K
  class space    used 10227K, committed 10816K, reserved 1048576K
}
Event: 160.650 GC heap after
{Heap after GC invocations=480 (full 11):
 PSYoungGen      total 4096K, used 1507K [0x00000000eab00000, 0x00000000eb180000, 0x0000000100000000)
  eden space 2560K, 0% used [0x00000000eab00000,0x00000000eab00000,0x00000000ead80000)
  from space 1536K, 98% used [0x00000000ead80000,0x00000000eaef8c18,0x00000000eaf00000)
  to   space 2048K, 0% used [0x00000000eaf80000,0x00000000eaf80000,0x00000000eb180000)
 ParOldGen       total 219136K, used 213593K [0x00000000c0000000, 0x00000000cd600000, 0x00000000eab00000)
  object space 219136K, 97% used [0x00000000c0000000,0x00000000cd096698,0x00000000cd600000)
 Metaspace       used 86499K, committed 87872K, reserved 1179648K
  class space    used 10227K, committed 10816K, reserved 1048576K
}
Event: 160.697 GC heap before
{Heap before GC invocations=481 (full 11):
 PSYoungGen      total 4096K, used 4067K [0x00000000eab00000, 0x00000000eb180000, 0x0000000100000000)
  eden space 2560K, 100% used [0x00000000eab00000,0x00000000ead80000,0x00000000ead80000)
  from space 1536K, 98% used [0x00000000ead80000,0x00000000eaef8c18,0x00000000eaf00000)
  to   space 2048K, 0% used [0x00000000eaf80000,0x00000000eaf80000,0x00000000eb180000)
 ParOldGen       total 219136K, used 213593K [0x00000000c0000000, 0x00000000cd600000, 0x00000000eab00000)
  object space 219136K, 97% used [0x00000000c0000000,0x00000000cd096698,0x00000000cd600000)
 Metaspace       used 86499K, committed 87872K, reserved 1179648K
  class space    used 10227K, committed 10816K, reserved 1048576K
}
Event: 160.700 GC heap after
{Heap after GC invocations=481 (full 11):
 PSYoungGen      total 4096K, used 1304K [0x00000000eab00000, 0x00000000eb100000, 0x0000000100000000)
  eden space 2560K, 0% used [0x00000000eab00000,0x00000000eab00000,0x00000000ead80000)
  from space 1536K, 84% used [0x00000000eaf80000,0x00000000eb0c6120,0x00000000eb100000)
  to   space 1536K, 0% used [0x00000000ead80000,0x00000000ead80000,0x00000000eaf00000)
 ParOldGen       total 219136K, used 214592K [0x00000000c0000000, 0x00000000cd600000, 0x00000000eab00000)
  object space 219136K, 97% used [0x00000000c0000000,0x00000000cd190398,0x00000000cd600000)
 Metaspace       used 86499K, committed 87872K, reserved 1179648K
  class space    used 10227K, committed 10816K, reserved 1048576K
}
Event: 160.959 GC heap before
{Heap before GC invocations=482 (full 11):
 PSYoungGen      total 4096K, used 3864K [0x00000000eab00000, 0x00000000eb100000, 0x0000000100000000)
  eden space 2560K, 100% used [0x00000000eab00000,0x00000000ead80000,0x00000000ead80000)
  from space 1536K, 84% used [0x00000000eaf80000,0x00000000eb0c6120,0x00000000eb100000)
  to   space 1536K, 0% used [0x00000000ead80000,0x00000000ead80000,0x00000000eaf00000)
 ParOldGen       total 219136K, used 214592K [0x00000000c0000000, 0x00000000cd600000, 0x00000000eab00000)
  object space 219136K, 97% used [0x00000000c0000000,0x00000000cd190398,0x00000000cd600000)
 Metaspace       used 86499K, committed 87872K, reserved 1179648K
  class space    used 10227K, committed 10816K, reserved 1048576K
}
Event: 160.962 GC heap after
{Heap after GC invocations=482 (full 11):
 PSYoungGen      total 4096K, used 1526K [0x00000000eab00000, 0x00000000eb280000, 0x0000000100000000)
  eden space 2560K, 0% used [0x00000000eab00000,0x00000000eab00000,0x00000000ead80000)
  from space 1536K, 99% used [0x00000000ead80000,0x00000000eaefd850,0x00000000eaf00000)
  to   space 2560K, 0% used [0x00000000eb000000,0x00000000eb000000,0x00000000eb280000)
 ParOldGen       total 219136K, used 215222K [0x00000000c0000000, 0x00000000cd600000, 0x00000000eab00000)
  object space 219136K, 98% used [0x00000000c0000000,0x00000000cd22da20,0x00000000cd600000)
 Metaspace       used 86499K, committed 87872K, reserved 1179648K
  class space    used 10227K, committed 10816K, reserved 1048576K
}
Event: 161.015 GC heap before
{Heap before GC invocations=483 (full 11):
 PSYoungGen      total 4096K, used 4086K [0x00000000eab00000, 0x00000000eb280000, 0x0000000100000000)
  eden space 2560K, 100% used [0x00000000eab00000,0x00000000ead80000,0x00000000ead80000)
  from space 1536K, 99% used [0x00000000ead80000,0x00000000eaefd850,0x00000000eaf00000)
  to   space 2560K, 0% used [0x00000000eb000000,0x00000000eb000000,0x00000000eb280000)
 ParOldGen       total 219136K, used 215222K [0x00000000c0000000, 0x00000000cd600000, 0x00000000eab00000)
  object space 219136K, 98% used [0x00000000c0000000,0x00000000cd22da20,0x00000000cd600000)
 Metaspace       used 86499K, committed 87872K, reserved 1179648K
  class space    used 10227K, committed 10816K, reserved 1048576K
}
Event: 161.018 GC heap after
{Heap after GC invocations=483 (full 11):
 PSYoungGen      total 4096K, used 1150K [0x00000000eab00000, 0x00000000eb180000, 0x0000000100000000)
  eden space 2560K, 0% used [0x00000000eab00000,0x00000000eab00000,0x00000000ead80000)
  from space 1536K, 74% used [0x00000000eb000000,0x00000000eb11f9c0,0x00000000eb180000)
  to   space 1536K, 0% used [0x00000000ead80000,0x00000000ead80000,0x00000000eaf00000)
 ParOldGen       total 219136K, used 216244K [0x00000000c0000000, 0x00000000cd600000, 0x00000000eab00000)
  object space 219136K, 98% used [0x00000000c0000000,0x00000000cd32d300,0x00000000cd600000)
 Metaspace       used 86499K, committed 87872K, reserved 1179648K
  class space    used 10227K, committed 10816K, reserved 1048576K
}
Event: 161.066 GC heap before
{Heap before GC invocations=484 (full 11):
 PSYoungGen      total 4096K, used 3710K [0x00000000eab00000, 0x00000000eb180000, 0x0000000100000000)
  eden space 2560K, 100% used [0x00000000eab00000,0x00000000ead80000,0x00000000ead80000)
  from space 1536K, 74% used [0x00000000eb000000,0x00000000eb11f9c0,0x00000000eb180000)
  to   space 1536K, 0% used [0x00000000ead80000,0x00000000ead80000,0x00000000eaf00000)
 ParOldGen       total 219136K, used 216244K [0x00000000c0000000, 0x00000000cd600000, 0x00000000eab00000)
  object space 219136K, 98% used [0x00000000c0000000,0x00000000cd32d300,0x00000000cd600000)
 Metaspace       used 86499K, committed 87872K, reserved 1179648K
  class space    used 10227K, committed 10816K, reserved 1048576K
}
Event: 161.069 GC heap after
{Heap after GC invocations=484 (full 11):
 PSYoungGen      total 4096K, used 1514K [0x00000000eab00000, 0x00000000eb180000, 0x0000000100000000)
  eden space 2560K, 0% used [0x00000000eab00000,0x00000000eab00000,0x00000000ead80000)
  from space 1536K, 98% used [0x00000000ead80000,0x00000000eaefa958,0x00000000eaf00000)
  to   space 2048K, 0% used [0x00000000eaf80000,0x00000000eaf80000,0x00000000eb180000)
 ParOldGen       total 219136K, used 216399K [0x00000000c0000000, 0x00000000cd600000, 0x00000000eab00000)
  object space 219136K, 98% used [0x00000000c0000000,0x00000000cd353c58,0x00000000cd600000)
 Metaspace       used 86499K, committed 87872K, reserved 1179648K
  class space    used 10227K, committed 10816K, reserved 1048576K
}
Event: 161.437 GC heap before
{Heap before GC invocations=485 (full 11):
 PSYoungGen      total 4096K, used 4074K [0x00000000eab00000, 0x00000000eb180000, 0x0000000100000000)
  eden space 2560K, 100% used [0x00000000eab00000,0x00000000ead80000,0x00000000ead80000)
  from space 1536K, 98% used [0x00000000ead80000,0x00000000eaefa958,0x00000000eaf00000)
  to   space 2048K, 0% used [0x00000000eaf80000,0x00000000eaf80000,0x00000000eb180000)
 ParOldGen       total 219136K, used 216399K [0x00000000c0000000, 0x00000000cd600000, 0x00000000eab00000)
  object space 219136K, 98% used [0x00000000c0000000,0x00000000cd353c58,0x00000000cd600000)
 Metaspace       used 86499K, committed 87872K, reserved 1179648K
  class space    used 10227K, committed 10816K, reserved 1048576K
}
Event: 161.443 GC heap after
{Heap after GC invocations=485 (full 11):
 PSYoungGen      total 4096K, used 1219K [0x00000000eab00000, 0x00000000eb100000, 0x0000000100000000)
  eden space 2560K, 0% used [0x00000000eab00000,0x00000000eab00000,0x00000000ead80000)
  from space 1536K, 79% used [0x00000000eaf80000,0x00000000eb0b0ce0,0x00000000eb100000)
  to   space 1536K, 0% used [0x00000000ead80000,0x00000000ead80000,0x00000000eaf00000)
 ParOldGen       total 219136K, used 217430K [0x00000000c0000000, 0x00000000cd600000, 0x00000000eab00000)
  object space 219136K, 99% used [0x00000000c0000000,0x00000000cd455ab8,0x00000000cd600000)
 Metaspace       used 86499K, committed 87872K, reserved 1179648K
  class space    used 10227K, committed 10816K, reserved 1048576K
}
Event: 161.735 GC heap before
{Heap before GC invocations=486 (full 11):
 PSYoungGen      total 4096K, used 3779K [0x00000000eab00000, 0x00000000eb100000, 0x0000000100000000)
  eden space 2560K, 100% used [0x00000000eab00000,0x00000000ead80000,0x00000000ead80000)
  from space 1536K, 79% used [0x00000000eaf80000,0x00000000eb0b0ce0,0x00000000eb100000)
  to   space 1536K, 0% used [0x00000000ead80000,0x00000000ead80000,0x00000000eaf00000)
 ParOldGen       total 219136K, used 217430K [0x00000000c0000000, 0x00000000cd600000, 0x00000000eab00000)
  object space 219136K, 99% used [0x00000000c0000000,0x00000000cd455ab8,0x00000000cd600000)
 Metaspace       used 86499K, committed 87872K, reserved 1179648K
  class space    used 10227K, committed 10816K, reserved 1048576K
}
Event: 161.737 GC heap after
{Heap after GC invocations=486 (full 11):
 PSYoungGen      total 4096K, used 1520K [0x00000000eab00000, 0x00000000eb180000, 0x0000000100000000)
  eden space 2560K, 0% used [0x00000000eab00000,0x00000000eab00000,0x00000000ead80000)
  from space 1536K, 98% used [0x00000000ead80000,0x00000000eaefc0c8,0x00000000eaf00000)
  to   space 2048K, 0% used [0x00000000eaf80000,0x00000000eaf80000,0x00000000eb180000)
 ParOldGen       total 219136K, used 217617K [0x00000000c0000000, 0x00000000cd600000, 0x00000000eab00000)
  object space 219136K, 99% used [0x00000000c0000000,0x00000000cd4845a8,0x00000000cd600000)
 Metaspace       used 86499K, committed 87872K, reserved 1179648K
  class space    used 10227K, committed 10816K, reserved 1048576K
}
Event: 162.963 GC heap before
{Heap before GC invocations=487 (full 11):
 PSYoungGen      total 4096K, used 4080K [0x00000000eab00000, 0x00000000eb180000, 0x0000000100000000)
  eden space 2560K, 99% used [0x00000000eab00000,0x00000000ead7fff0,0x00000000ead80000)
  from space 1536K, 98% used [0x00000000ead80000,0x00000000eaefc0c8,0x00000000eaf00000)
  to   space 2048K, 0% used [0x00000000eaf80000,0x00000000eaf80000,0x00000000eb180000)
 ParOldGen       total 219136K, used 217617K [0x00000000c0000000, 0x00000000cd600000, 0x00000000eab00000)
  object space 219136K, 99% used [0x00000000c0000000,0x00000000cd4845a8,0x00000000cd600000)
 Metaspace       used 86499K, committed 87872K, reserved 1179648K
  class space    used 10227K, committed 10816K, reserved 1048576K
}
Event: 162.966 GC heap after
{Heap after GC invocations=487 (full 11):
 PSYoungGen      total 4096K, used 1142K [0x00000000eab00000, 0x00000000eb100000, 0x0000000100000000)
  eden space 2560K, 0% used [0x00000000eab00000,0x00000000eab00000,0x00000000ead80000)
  from space 1536K, 74% used [0x00000000eaf80000,0x00000000eb09d9e8,0x00000000eb100000)
  to   space 1536K, 0% used [0x00000000ead80000,0x00000000ead80000,0x00000000eaf00000)
 ParOldGen       total 219136K, used 218648K [0x00000000c0000000, 0x00000000cd600000, 0x00000000eab00000)
  object space 219136K, 99% used [0x00000000c0000000,0x00000000cd586178,0x00000000cd600000)
 Metaspace       used 86499K, committed 87872K, reserved 1179648K
  class space    used 10227K, committed 10816K, reserved 1048576K
}
Event: 162.966 GC heap before
{Heap before GC invocations=488 (full 12):
 PSYoungGen      total 4096K, used 1142K [0x00000000eab00000, 0x00000000eb100000, 0x0000000100000000)
  eden space 2560K, 0% used [0x00000000eab00000,0x00000000eab00000,0x00000000ead80000)
  from space 1536K, 74% used [0x00000000eaf80000,0x00000000eb09d9e8,0x00000000eb100000)
  to   space 1536K, 0% used [0x00000000ead80000,0x00000000ead80000,0x00000000eaf00000)
 ParOldGen       total 219136K, used 218648K [0x00000000c0000000, 0x00000000cd600000, 0x00000000eab00000)
  object space 219136K, 99% used [0x00000000c0000000,0x00000000cd586178,0x00000000cd600000)
 Metaspace       used 86499K, committed 87872K, reserved 1179648K
  class space    used 10227K, committed 10816K, reserved 1048576K
}

