# JRE version: OpenJDK Runtime Environment Temurin-17.0.12+7 (17.0.12+7) (build 17.0.12+7)
# Java VM: OpenJDK 64-Bit Server VM Temurin-17.0.12+7 (17.0.12+7, mixed mode, tiered, compressed oops, compressed class ptrs, parallel gc, windows-amd64)
GC Precious Log:
 CPUs: 4 total, 4 available
 Memory: 7854M
 Large Page Support: Disabled
 NUMA Support: Disabled
 Compressed Oops: Enabled (32-bit)
 Alignments: Space 512K, Generation 512K, Heap 2M
 Heap Min Capacity: 100M
 Heap Initial Capacity: 100M
 Heap Max Capacity: 1G
 Pre-touch: Disabled
 Parallel Workers: 4
Heap:
 PSYoungGen      total 10752K, used 3545K [0x00000000eab00000, 0x00000000eb980000, 0x0000000100000000)
  eden space 5632K, 0% used [0x00000000eab00000,0x00000000eab00000,0x00000000eb080000)
  from space 5120K, 69% used [0x00000000eb080000,0x00000000eb3f6750,0x00000000eb580000)
  to   space 4096K, 0% used [0x00000000eb580000,0x00000000eb580000,0x00000000eb980000)
 ParOldGen       total 258560K, used 257689K [0x00000000c0000000, 0x00000000cfc80000, 0x00000000eab00000)
  object space 258560K, 99% used [0x00000000c0000000,0x00000000cfba6710,0x00000000cfc80000)
 Metaspace       used 83101K, committed 84288K, reserved 1179648K
  class space    used 9358K, committed 9856K, reserved 1048576K
GC Heap History (20 events):
Event: 180.342 GC heap after
{Heap after GC invocations=408 (full 12):
 PSYoungGen      total 9728K, used 4064K [0x00000000eab00000, 0x00000000ebb80000, 0x0000000100000000)
  eden space 5632K, 0% used [0x00000000eab00000,0x00000000eab00000,0x00000000eb080000)
  from space 4096K, 99% used [0x00000000eb580000,0x00000000eb978390,0x00000000eb980000)
  to   space 5120K, 0% used [0x00000000eb080000,0x00000000eb080000,0x00000000eb580000)
 ParOldGen       total 258560K, used 246222K [0x00000000c0000000, 0x00000000cfc80000, 0x00000000eab00000)
  object space 258560K, 95% used [0x00000000c0000000,0x00000000cf073888,0x00000000cfc80000)
 Metaspace       used 83077K, committed 84224K, reserved 1179648K
  class space    used 9358K, committed 9856K, reserved 1048576K
}
Event: 180.506 GC heap before
{Heap before GC invocations=409 (full 12):
 PSYoungGen      total 9728K, used 9696K [0x00000000eab00000, 0x00000000ebb80000, 0x0000000100000000)
  eden space 5632K, 100% used [0x00000000eab00000,0x00000000eb080000,0x00000000eb080000)
  from space 4096K, 99% used [0x00000000eb580000,0x00000000eb978390,0x00000000eb980000)
  to   space 5120K, 0% used [0x00000000eb080000,0x00000000eb080000,0x00000000eb580000)
 ParOldGen       total 258560K, used 246222K [0x00000000c0000000, 0x00000000cfc80000, 0x00000000eab00000)
  object space 258560K, 95% used [0x00000000c0000000,0x00000000cf073888,0x00000000cfc80000)
 Metaspace       used 83101K, committed 84288K, reserved 1179648K
  class space    used 9358K, committed 9856K, reserved 1048576K
}
Event: 180.515 GC heap after
{Heap after GC invocations=409 (full 12):
 PSYoungGen      total 10752K, used 3459K [0x00000000eab00000, 0x00000000eb980000, 0x0000000100000000)
  eden space 5632K, 0% used [0x00000000eab00000,0x00000000eab00000,0x00000000eb080000)
  from space 5120K, 67% used [0x00000000eb080000,0x00000000eb3e0d40,0x00000000eb580000)
  to   space 4096K, 0% used [0x00000000eb580000,0x00000000eb580000,0x00000000eb980000)
 ParOldGen       total 258560K, used 247937K [0x00000000c0000000, 0x00000000cfc80000, 0x00000000eab00000)
  object space 258560K, 95% used [0x00000000c0000000,0x00000000cf2207a0,0x00000000cfc80000)
 Metaspace       used 83101K, committed 84288K, reserved 1179648K
  class space    used 9358K, committed 9856K, reserved 1048576K
}
Event: 180.586 GC heap before
{Heap before GC invocations=410 (full 12):
 PSYoungGen      total 10752K, used 9091K [0x00000000eab00000, 0x00000000eb980000, 0x0000000100000000)
  eden space 5632K, 100% used [0x00000000eab00000,0x00000000eb080000,0x00000000eb080000)
  from space 5120K, 67% used [0x00000000eb080000,0x00000000eb3e0d40,0x00000000eb580000)
  to   space 4096K, 0% used [0x00000000eb580000,0x00000000eb580000,0x00000000eb980000)
 ParOldGen       total 258560K, used 247937K [0x00000000c0000000, 0x00000000cfc80000, 0x00000000eab00000)
  object space 258560K, 95% used [0x00000000c0000000,0x00000000cf2207a0,0x00000000cfc80000)
 Metaspace       used 83101K, committed 84288K, reserved 1179648K
  class space    used 9358K, committed 9856K, reserved 1048576K
}
Event: 180.591 GC heap after
{Heap after GC invocations=410 (full 12):
 PSYoungGen      total 9728K, used 4089K [0x00000000eab00000, 0x00000000ebb80000, 0x0000000100000000)
  eden space 5632K, 0% used [0x00000000eab00000,0x00000000eab00000,0x00000000eb080000)
  from space 4096K, 99% used [0x00000000eb580000,0x00000000eb97e7f8,0x00000000eb980000)
  to   space 5120K, 0% used [0x00000000eb080000,0x00000000eb080000,0x00000000eb580000)
 ParOldGen       total 258560K, used 248418K [0x00000000c0000000, 0x00000000cfc80000, 0x00000000eab00000)
  object space 258560K, 96% used [0x00000000c0000000,0x00000000cf2989a0,0x00000000cfc80000)
 Metaspace       used 83101K, committed 84288K, reserved 1179648K
  class space    used 9358K, committed 9856K, reserved 1048576K
}
Event: 180.655 GC heap before
{Heap before GC invocations=411 (full 12):
 PSYoungGen      total 9728K, used 9721K [0x00000000eab00000, 0x00000000ebb80000, 0x0000000100000000)
  eden space 5632K, 100% used [0x00000000eab00000,0x00000000eb080000,0x00000000eb080000)
  from space 4096K, 99% used [0x00000000eb580000,0x00000000eb97e7f8,0x00000000eb980000)
  to   space 5120K, 0% used [0x00000000eb080000,0x00000000eb080000,0x00000000eb580000)
 ParOldGen       total 258560K, used 248418K [0x00000000c0000000, 0x00000000cfc80000, 0x00000000eab00000)
  object space 258560K, 96% used [0x00000000c0000000,0x00000000cf2989a0,0x00000000cfc80000)
 Metaspace       used 83101K, committed 84288K, reserved 1179648K
  class space    used 9358K, committed 9856K, reserved 1048576K
}
Event: 180.664 GC heap after
{Heap after GC invocations=411 (full 12):
 PSYoungGen      total 10752K, used 3375K [0x00000000eab00000, 0x00000000eb980000, 0x0000000100000000)
  eden space 5632K, 0% used [0x00000000eab00000,0x00000000eab00000,0x00000000eb080000)
  from space 5120K, 65% used [0x00000000eb080000,0x00000000eb3cbe98,0x00000000eb580000)
  to   space 4096K, 0% used [0x00000000eb580000,0x00000000eb580000,0x00000000eb980000)
 ParOldGen       total 258560K, used 250487K [0x00000000c0000000, 0x00000000cfc80000, 0x00000000eab00000)
  object space 258560K, 96% used [0x00000000c0000000,0x00000000cf49dc50,0x00000000cfc80000)
 Metaspace       used 83101K, committed 84288K, reserved 1179648K
  class space    used 9358K, committed 9856K, reserved 1048576K
}
Event: 180.731 GC heap before
{Heap before GC invocations=412 (full 12):
 PSYoungGen      total 10752K, used 9007K [0x00000000eab00000, 0x00000000eb980000, 0x0000000100000000)
  eden space 5632K, 100% used [0x00000000eab00000,0x00000000eb080000,0x00000000eb080000)
  from space 5120K, 65% used [0x00000000eb080000,0x00000000eb3cbe98,0x00000000eb580000)
  to   space 4096K, 0% used [0x00000000eb580000,0x00000000eb580000,0x00000000eb980000)
 ParOldGen       total 258560K, used 250487K [0x00000000c0000000, 0x00000000cfc80000, 0x00000000eab00000)
  object space 258560K, 96% used [0x00000000c0000000,0x00000000cf49dc50,0x00000000cfc80000)
 Metaspace       used 83101K, committed 84288K, reserved 1179648K
  class space    used 9358K, committed 9856K, reserved 1048576K
}
Event: 180.742 GC heap after
{Heap after GC invocations=412 (full 12):
 PSYoungGen      total 9728K, used 4080K [0x00000000eab00000, 0x00000000ebb80000, 0x0000000100000000)
  eden space 5632K, 0% used [0x00000000eab00000,0x00000000eab00000,0x00000000eb080000)
  from space 4096K, 99% used [0x00000000eb580000,0x00000000eb97c2e0,0x00000000eb980000)
  to   space 5120K, 0% used [0x00000000eb080000,0x00000000eb080000,0x00000000eb580000)
 ParOldGen       total 258560K, used 251043K [0x00000000c0000000, 0x00000000cfc80000, 0x00000000eab00000)
  object space 258560K, 97% used [0x00000000c0000000,0x00000000cf528cc8,0x00000000cfc80000)
 Metaspace       used 83101K, committed 84288K, reserved 1179648K
  class space    used 9358K, committed 9856K, reserved 1048576K
}
Event: 180.804 GC heap before
{Heap before GC invocations=413 (full 12):
 PSYoungGen      total 9728K, used 9712K [0x00000000eab00000, 0x00000000ebb80000, 0x0000000100000000)
  eden space 5632K, 100% used [0x00000000eab00000,0x00000000eb080000,0x00000000eb080000)
  from space 4096K, 99% used [0x00000000eb580000,0x00000000eb97c2e0,0x00000000eb980000)
  to   space 5120K, 0% used [0x00000000eb080000,0x00000000eb080000,0x00000000eb580000)
 ParOldGen       total 258560K, used 251043K [0x00000000c0000000, 0x00000000cfc80000, 0x00000000eab00000)
  object space 258560K, 97% used [0x00000000c0000000,0x00000000cf528cc8,0x00000000cfc80000)
 Metaspace       used 83101K, committed 84288K, reserved 1179648K
  class space    used 9358K, committed 9856K, reserved 1048576K
}
Event: 180.814 GC heap after
{Heap after GC invocations=413 (full 12):
 PSYoungGen      total 10752K, used 3490K [0x00000000eab00000, 0x00000000eb980000, 0x0000000100000000)
  eden space 5632K, 0% used [0x00000000eab00000,0x00000000eab00000,0x00000000eb080000)
  from space 5120K, 68% used [0x00000000eb080000,0x00000000eb3e8ad8,0x00000000eb580000)
  to   space 4096K, 0% used [0x00000000eb580000,0x00000000eb580000,0x00000000eb980000)
 ParOldGen       total 258560K, used 252885K [0x00000000c0000000, 0x00000000cfc80000, 0x00000000eab00000)
  object space 258560K, 97% used [0x00000000c0000000,0x00000000cf6f57c8,0x00000000cfc80000)
 Metaspace       used 83101K, committed 84288K, reserved 1179648K
  class space    used 9358K, committed 9856K, reserved 1048576K
}
Event: 180.888 GC heap before
{Heap before GC invocations=414 (full 12):
 PSYoungGen      total 10752K, used 9122K [0x00000000eab00000, 0x00000000eb980000, 0x0000000100000000)
  eden space 5632K, 100% used [0x00000000eab00000,0x00000000eb080000,0x00000000eb080000)
  from space 5120K, 68% used [0x00000000eb080000,0x00000000eb3e8ad8,0x00000000eb580000)
  to   space 4096K, 0% used [0x00000000eb580000,0x00000000eb580000,0x00000000eb980000)
 ParOldGen       total 258560K, used 252885K [0x00000000c0000000, 0x00000000cfc80000, 0x00000000eab00000)
  object space 258560K, 97% used [0x00000000c0000000,0x00000000cf6f57c8,0x00000000cfc80000)
 Metaspace       used 83101K, committed 84288K, reserved 1179648K
  class space    used 9358K, committed 9856K, reserved 1048576K
}
Event: 180.897 GC heap after
{Heap after GC invocations=414 (full 12):
 PSYoungGen      total 9728K, used 4068K [0x00000000eab00000, 0x00000000ebb80000, 0x0000000100000000)
  eden space 5632K, 0% used [0x00000000eab00000,0x00000000eab00000,0x00000000eb080000)
  from space 4096K, 99% used [0x00000000eb580000,0x00000000eb9790f8,0x00000000eb980000)
  to   space 5120K, 0% used [0x00000000eb080000,0x00000000eb080000,0x00000000eb580000)
 ParOldGen       total 258560K, used 253436K [0x00000000c0000000, 0x00000000cfc80000, 0x00000000eab00000)
  object space 258560K, 98% used [0x00000000c0000000,0x00000000cf77f3e8,0x00000000cfc80000)
 Metaspace       used 83101K, committed 84288K, reserved 1179648K
  class space    used 9358K, committed 9856K, reserved 1048576K
}
Event: 180.976 GC heap before
{Heap before GC invocations=415 (full 12):
 PSYoungGen      total 9728K, used 9700K [0x00000000eab00000, 0x00000000ebb80000, 0x0000000100000000)
  eden space 5632K, 100% used [0x00000000eab00000,0x00000000eb080000,0x00000000eb080000)
  from space 4096K, 99% used [0x00000000eb580000,0x00000000eb9790f8,0x00000000eb980000)
  to   space 5120K, 0% used [0x00000000eb080000,0x00000000eb080000,0x00000000eb580000)
 ParOldGen       total 258560K, used 253436K [0x00000000c0000000, 0x00000000cfc80000, 0x00000000eab00000)
  object space 258560K, 98% used [0x00000000c0000000,0x00000000cf77f3e8,0x00000000cfc80000)
 Metaspace       used 83101K, committed 84288K, reserved 1179648K
  class space    used 9358K, committed 9856K, reserved 1048576K
}
Event: 180.983 GC heap after
{Heap after GC invocations=415 (full 12):
 PSYoungGen      total 10752K, used 3509K [0x00000000eab00000, 0x00000000eb980000, 0x0000000100000000)
  eden space 5632K, 0% used [0x00000000eab00000,0x00000000eab00000,0x00000000eb080000)
  from space 5120K, 68% used [0x00000000eb080000,0x00000000eb3ed698,0x00000000eb580000)
  to   space 4096K, 0% used [0x00000000eb580000,0x00000000eb580000,0x00000000eb980000)
 ParOldGen       total 258560K, used 255331K [0x00000000c0000000, 0x00000000cfc80000, 0x00000000eab00000)
  object space 258560K, 98% used [0x00000000c0000000,0x00000000cf958d70,0x00000000cfc80000)
 Metaspace       used 83101K, committed 84288K, reserved 1179648K
  class space    used 9358K, committed 9856K, reserved 1048576K
}
Event: 181.047 GC heap before
{Heap before GC invocations=416 (full 12):
 PSYoungGen      total 10752K, used 9141K [0x00000000eab00000, 0x00000000eb980000, 0x0000000100000000)
  eden space 5632K, 100% used [0x00000000eab00000,0x00000000eb080000,0x00000000eb080000)
  from space 5120K, 68% used [0x00000000eb080000,0x00000000eb3ed698,0x00000000eb580000)
  to   space 4096K, 0% used [0x00000000eb580000,0x00000000eb580000,0x00000000eb980000)
 ParOldGen       total 258560K, used 255331K [0x00000000c0000000, 0x00000000cfc80000, 0x00000000eab00000)
  object space 258560K, 98% used [0x00000000c0000000,0x00000000cf958d70,0x00000000cfc80000)
 Metaspace       used 83101K, committed 84288K, reserved 1179648K
  class space    used 9358K, committed 9856K, reserved 1048576K
}
Event: 181.059 GC heap after
{Heap after GC invocations=416 (full 12):
 PSYoungGen      total 9728K, used 4090K [0x00000000eab00000, 0x00000000ebb80000, 0x0000000100000000)
  eden space 5632K, 0% used [0x00000000eab00000,0x00000000eab00000,0x00000000eb080000)
  from space 4096K, 99% used [0x00000000eb580000,0x00000000eb97ebe8,0x00000000eb980000)
  to   space 5120K, 0% used [0x00000000eb080000,0x00000000eb080000,0x00000000eb580000)
 ParOldGen       total 258560K, used 255974K [0x00000000c0000000, 0x00000000cfc80000, 0x00000000eab00000)
  object space 258560K, 98% used [0x00000000c0000000,0x00000000cf9f9848,0x00000000cfc80000)
 Metaspace       used 83101K, committed 84288K, reserved 1179648K
  class space    used 9358K, committed 9856K, reserved 1048576K
}
Event: 181.121 GC heap before
{Heap before GC invocations=417 (full 12):
 PSYoungGen      total 9728K, used 9722K [0x00000000eab00000, 0x00000000ebb80000, 0x0000000100000000)
  eden space 5632K, 100% used [0x00000000eab00000,0x00000000eb080000,0x00000000eb080000)
  from space 4096K, 99% used [0x00000000eb580000,0x00000000eb97ebe8,0x00000000eb980000)
  to   space 5120K, 0% used [0x00000000eb080000,0x00000000eb080000,0x00000000eb580000)
 ParOldGen       total 258560K, used 255974K [0x00000000c0000000, 0x00000000cfc80000, 0x00000000eab00000)
  object space 258560K, 98% used [0x00000000c0000000,0x00000000cf9f9848,0x00000000cfc80000)
 Metaspace       used 83101K, committed 84288K, reserved 1179648K
  class space    used 9358K, committed 9856K, reserved 1048576K
}
Event: 181.133 GC heap after
{Heap after GC invocations=417 (full 12):
 PSYoungGen      total 10752K, used 3545K [0x00000000eab00000, 0x00000000eb980000, 0x0000000100000000)
  eden space 5632K, 0% used [0x00000000eab00000,0x00000000eab00000,0x00000000eb080000)
  from space 5120K, 69% used [0x00000000eb080000,0x00000000eb3f6750,0x00000000eb580000)
  to   space 4096K, 0% used [0x00000000eb580000,0x00000000eb580000,0x00000000eb980000)
 ParOldGen       total 258560K, used 257689K [0x00000000c0000000, 0x00000000cfc80000, 0x00000000eab00000)
  object space 258560K, 99% used [0x00000000c0000000,0x00000000cfba6710,0x00000000cfc80000)
 Metaspace       used 83101K, committed 84288K, reserved 1179648K
  class space    used 9358K, committed 9856K, reserved 1048576K
}
Event: 181.133 GC heap before
{Heap before GC invocations=418 (full 13):
 PSYoungGen      total 10752K, used 3545K [0x00000000eab00000, 0x00000000eb980000, 0x0000000100000000)
  eden space 5632K, 0% used [0x00000000eab00000,0x00000000eab00000,0x00000000eb080000)
  from space 5120K, 69% used [0x00000000eb080000,0x00000000eb3f6750,0x00000000eb580000)
  to   space 4096K, 0% used [0x00000000eb580000,0x00000000eb580000,0x00000000eb980000)
 ParOldGen       total 258560K, used 257689K [0x00000000c0000000, 0x00000000cfc80000, 0x00000000eab00000)
  object space 258560K, 99% used [0x00000000c0000000,0x00000000cfba6710,0x00000000cfc80000)
 Metaspace       used 83101K, committed 84288K, reserved 1179648K
  class space    used 9358K, committed 9856K, reserved 1048576K
}

