# JRE version: OpenJDK Runtime Environment Temurin-17.0.12+7 (17.0.12+7) (build 17.0.12+7)
# Java VM: OpenJDK 64-Bit Server VM Temurin-17.0.12+7 (17.0.12+7, mixed mode, tiered, compressed oops, compressed class ptrs, parallel gc, windows-amd64)
GC Precious Log:
 CPUs: 4 total, 4 available
 Memory: 7854M
 Large Page Support: Disabled
 NUMA Support: Disabled
 Compressed Oops: Enabled (32-bit)
 Alignments: Space 512K, Generation 512K, Heap 2M
 Heap Min Capacity: 100M
 Heap Initial Capacity: 100M
 Heap Max Capacity: 1G
 Pre-touch: Disabled
 Parallel Workers: 4
Heap:
 PSYoungGen      total 4096K, used 832K [0x00000000eab00000, 0x00000000eb080000, 0x0000000100000000)
  eden space 3072K, 0% used [0x00000000eab00000,0x00000000eab00000,0x00000000eae00000)
  from space 1024K, 81% used [0x00000000eaf80000,0x00000000eb050000,0x00000000eb080000)
  to   space 1024K, 0% used [0x00000000eae80000,0x00000000eae80000,0x00000000eaf80000)
 ParOldGen       total 141824K, used 141711K [0x00000000c0000000, 0x00000000c8a80000, 0x00000000eab00000)
  object space 141824K, 99% used [0x00000000c0000000,0x00000000c8a63e30,0x00000000c8a80000)
 Metaspace       used 82120K, committed 83392K, reserved 1179648K
  class space    used 9169K, committed 9728K, reserved 1048576K
GC Heap History (20 events):
Event: 42.728 GC heap after
{Heap after GC invocations=84 (full 6):
 PSYoungGen      total 5632K, used 990K [0x00000000eab00000, 0x00000000eb180000, 0x0000000100000000)
  eden space 4096K, 0% used [0x00000000eab00000,0x00000000eab00000,0x00000000eaf00000)
  from space 1536K, 64% used [0x00000000eaf00000,0x00000000eaff7b58,0x00000000eb080000)
  to   space 1024K, 0% used [0x00000000eb080000,0x00000000eb080000,0x00000000eb180000)
 ParOldGen       total 141824K, used 133603K [0x00000000c0000000, 0x00000000c8a80000, 0x00000000eab00000)
  object space 141824K, 94% used [0x00000000c0000000,0x00000000c8278da8,0x00000000c8a80000)
 Metaspace       used 82028K, committed 83264K, reserved 1179648K
  class space    used 9165K, committed 9728K, reserved 1048576K
}
Event: 42.750 GC heap before
{Heap before GC invocations=85 (full 6):
 PSYoungGen      total 5632K, used 5086K [0x00000000eab00000, 0x00000000eb180000, 0x0000000100000000)
  eden space 4096K, 100% used [0x00000000eab00000,0x00000000eaf00000,0x00000000eaf00000)
  from space 1536K, 64% used [0x00000000eaf00000,0x00000000eaff7b58,0x00000000eb080000)
  to   space 1024K, 0% used [0x00000000eb080000,0x00000000eb080000,0x00000000eb180000)
 ParOldGen       total 141824K, used 133603K [0x00000000c0000000, 0x00000000c8a80000, 0x00000000eab00000)
  object space 141824K, 94% used [0x00000000c0000000,0x00000000c8278da8,0x00000000c8a80000)
 Metaspace       used 82028K, committed 83264K, reserved 1179648K
  class space    used 9165K, committed 9728K, reserved 1048576K
}
Event: 42.755 GC heap after
{Heap after GC invocations=85 (full 6):
 PSYoungGen      total 5120K, used 1018K [0x00000000eab00000, 0x00000000eb180000, 0x0000000100000000)
  eden space 4096K, 0% used [0x00000000eab00000,0x00000000eab00000,0x00000000eaf00000)
  from space 1024K, 99% used [0x00000000eb080000,0x00000000eb17e9a0,0x00000000eb180000)
  to   space 1024K, 0% used [0x00000000eaf80000,0x00000000eaf80000,0x00000000eb080000)
 ParOldGen       total 141824K, used 134518K [0x00000000c0000000, 0x00000000c8a80000, 0x00000000eab00000)
  object space 141824K, 94% used [0x00000000c0000000,0x00000000c835dba8,0x00000000c8a80000)
 Metaspace       used 82028K, committed 83264K, reserved 1179648K
  class space    used 9165K, committed 9728K, reserved 1048576K
}
Event: 42.839 GC heap before
{Heap before GC invocations=86 (full 6):
 PSYoungGen      total 5120K, used 5113K [0x00000000eab00000, 0x00000000eb180000, 0x0000000100000000)
  eden space 4096K, 99% used [0x00000000eab00000,0x00000000eaeffc08,0x00000000eaf00000)
  from space 1024K, 99% used [0x00000000eb080000,0x00000000eb17e9a0,0x00000000eb180000)
  to   space 1024K, 0% used [0x00000000eaf80000,0x00000000eaf80000,0x00000000eb080000)
 ParOldGen       total 141824K, used 134518K [0x00000000c0000000, 0x00000000c8a80000, 0x00000000eab00000)
  object space 141824K, 94% used [0x00000000c0000000,0x00000000c835dba8,0x00000000c8a80000)
 Metaspace       used 82063K, committed 83328K, reserved 1179648K
  class space    used 9167K, committed 9728K, reserved 1048576K
}
Event: 42.842 GC heap after
{Heap after GC invocations=86 (full 6):
 PSYoungGen      total 5120K, used 992K [0x00000000eab00000, 0x00000000eb100000, 0x0000000100000000)
  eden space 4096K, 0% used [0x00000000eab00000,0x00000000eab00000,0x00000000eaf00000)
  from space 1024K, 96% used [0x00000000eaf80000,0x00000000eb078020,0x00000000eb080000)
  to   space 512K, 0% used [0x00000000eb080000,0x00000000eb080000,0x00000000eb100000)
 ParOldGen       total 141824K, used 135410K [0x00000000c0000000, 0x00000000c8a80000, 0x00000000eab00000)
  object space 141824K, 95% used [0x00000000c0000000,0x00000000c843c8f8,0x00000000c8a80000)
 Metaspace       used 82063K, committed 83328K, reserved 1179648K
  class space    used 9167K, committed 9728K, reserved 1048576K
}
Event: 42.898 GC heap before
{Heap before GC invocations=87 (full 6):
 PSYoungGen      total 5120K, used 5088K [0x00000000eab00000, 0x00000000eb100000, 0x0000000100000000)
  eden space 4096K, 100% used [0x00000000eab00000,0x00000000eaf00000,0x00000000eaf00000)
  from space 1024K, 96% used [0x00000000eaf80000,0x00000000eb078020,0x00000000eb080000)
  to   space 512K, 0% used [0x00000000eb080000,0x00000000eb080000,0x00000000eb100000)
 ParOldGen       total 141824K, used 135410K [0x00000000c0000000, 0x00000000c8a80000, 0x00000000eab00000)
  object space 141824K, 95% used [0x00000000c0000000,0x00000000c843c8f8,0x00000000c8a80000)
 Metaspace       used 82063K, committed 83328K, reserved 1179648K
  class space    used 9167K, committed 9728K, reserved 1048576K
}
Event: 42.902 GC heap after
{Heap after GC invocations=87 (full 6):
 PSYoungGen      total 3584K, used 480K [0x00000000eab00000, 0x00000000eb400000, 0x0000000100000000)
  eden space 3072K, 0% used [0x00000000eab00000,0x00000000eab00000,0x00000000eae00000)
  from space 512K, 93% used [0x00000000eb080000,0x00000000eb0f8060,0x00000000eb100000)
  to   space 2560K, 0% used [0x00000000eae00000,0x00000000eae00000,0x00000000eb080000)
 ParOldGen       total 141824K, used 136868K [0x00000000c0000000, 0x00000000c8a80000, 0x00000000eab00000)
  object space 141824K, 96% used [0x00000000c0000000,0x00000000c85a9260,0x00000000c8a80000)
 Metaspace       used 82063K, committed 83328K, reserved 1179648K
  class space    used 9167K, committed 9728K, reserved 1048576K
}
Event: 42.933 GC heap before
{Heap before GC invocations=88 (full 6):
 PSYoungGen      total 3584K, used 3552K [0x00000000eab00000, 0x00000000eb400000, 0x0000000100000000)
  eden space 3072K, 100% used [0x00000000eab00000,0x00000000eae00000,0x00000000eae00000)
  from space 512K, 93% used [0x00000000eb080000,0x00000000eb0f8060,0x00000000eb100000)
  to   space 2560K, 0% used [0x00000000eae00000,0x00000000eae00000,0x00000000eb080000)
 ParOldGen       total 141824K, used 136868K [0x00000000c0000000, 0x00000000c8a80000, 0x00000000eab00000)
  object space 141824K, 96% used [0x00000000c0000000,0x00000000c85a9260,0x00000000c8a80000)
 Metaspace       used 82069K, committed 83328K, reserved 1179648K
  class space    used 9167K, committed 9728K, reserved 1048576K
}
Event: 42.936 GC heap after
{Heap after GC invocations=88 (full 6):
 PSYoungGen      total 4096K, used 851K [0x00000000eab00000, 0x00000000eb100000, 0x0000000100000000)
  eden space 3072K, 0% used [0x00000000eab00000,0x00000000eab00000,0x00000000eae00000)
  from space 1024K, 83% used [0x00000000eae00000,0x00000000eaed4ee0,0x00000000eaf00000)
  to   space 1536K, 0% used [0x00000000eaf80000,0x00000000eaf80000,0x00000000eb100000)
 ParOldGen       total 141824K, used 137332K [0x00000000c0000000, 0x00000000c8a80000, 0x00000000eab00000)
  object space 141824K, 96% used [0x00000000c0000000,0x00000000c861d2c0,0x00000000c8a80000)
 Metaspace       used 82069K, committed 83328K, reserved 1179648K
  class space    used 9167K, committed 9728K, reserved 1048576K
}
Event: 42.952 GC heap before
{Heap before GC invocations=89 (full 6):
 PSYoungGen      total 4096K, used 3923K [0x00000000eab00000, 0x00000000eb100000, 0x0000000100000000)
  eden space 3072K, 100% used [0x00000000eab00000,0x00000000eae00000,0x00000000eae00000)
  from space 1024K, 83% used [0x00000000eae00000,0x00000000eaed4ee0,0x00000000eaf00000)
  to   space 1536K, 0% used [0x00000000eaf80000,0x00000000eaf80000,0x00000000eb100000)
 ParOldGen       total 141824K, used 137332K [0x00000000c0000000, 0x00000000c8a80000, 0x00000000eab00000)
  object space 141824K, 96% used [0x00000000c0000000,0x00000000c861d2c0,0x00000000c8a80000)
 Metaspace       used 82084K, committed 83328K, reserved 1179648K
  class space    used 9168K, committed 9728K, reserved 1048576K
}
Event: 42.955 GC heap after
{Heap after GC invocations=89 (full 6):
 PSYoungGen      total 4096K, used 707K [0x00000000eab00000, 0x00000000eb080000, 0x0000000100000000)
  eden space 3072K, 0% used [0x00000000eab00000,0x00000000eab00000,0x00000000eae00000)
  from space 1024K, 69% used [0x00000000eaf80000,0x00000000eb030fe8,0x00000000eb080000)
  to   space 1024K, 0% used [0x00000000eae00000,0x00000000eae00000,0x00000000eaf00000)
 ParOldGen       total 141824K, used 138117K [0x00000000c0000000, 0x00000000c8a80000, 0x00000000eab00000)
  object space 141824K, 97% used [0x00000000c0000000,0x00000000c86e16a0,0x00000000c8a80000)
 Metaspace       used 82084K, committed 83328K, reserved 1179648K
  class space    used 9168K, committed 9728K, reserved 1048576K
}
Event: 42.998 GC heap before
{Heap before GC invocations=90 (full 6):
 PSYoungGen      total 4096K, used 3779K [0x00000000eab00000, 0x00000000eb080000, 0x0000000100000000)
  eden space 3072K, 99% used [0x00000000eab00000,0x00000000eadfffe8,0x00000000eae00000)
  from space 1024K, 69% used [0x00000000eaf80000,0x00000000eb030fe8,0x00000000eb080000)
  to   space 1024K, 0% used [0x00000000eae00000,0x00000000eae00000,0x00000000eaf00000)
 ParOldGen       total 141824K, used 138117K [0x00000000c0000000, 0x00000000c8a80000, 0x00000000eab00000)
  object space 141824K, 97% used [0x00000000c0000000,0x00000000c86e16a0,0x00000000c8a80000)
 Metaspace       used 82108K, committed 83392K, reserved 1179648K
  class space    used 9168K, committed 9728K, reserved 1048576K
}
Event: 43.001 GC heap after
{Heap after GC invocations=90 (full 6):
 PSYoungGen      total 4096K, used 1003K [0x00000000eab00000, 0x00000000eb200000, 0x0000000100000000)
  eden space 3072K, 0% used [0x00000000eab00000,0x00000000eab00000,0x00000000eae00000)
  from space 1024K, 98% used [0x00000000eae00000,0x00000000eaefaff0,0x00000000eaf00000)
  to   space 2048K, 0% used [0x00000000eb000000,0x00000000eb000000,0x00000000eb200000)
 ParOldGen       total 141824K, used 138786K [0x00000000c0000000, 0x00000000c8a80000, 0x00000000eab00000)
  object space 141824K, 97% used [0x00000000c0000000,0x00000000c8788ae8,0x00000000c8a80000)
 Metaspace       used 82108K, committed 83392K, reserved 1179648K
  class space    used 9168K, committed 9728K, reserved 1048576K
}
Event: 43.031 GC heap before
{Heap before GC invocations=91 (full 6):
 PSYoungGen      total 4096K, used 4075K [0x00000000eab00000, 0x00000000eb200000, 0x0000000100000000)
  eden space 3072K, 100% used [0x00000000eab00000,0x00000000eae00000,0x00000000eae00000)
  from space 1024K, 98% used [0x00000000eae00000,0x00000000eaefaff0,0x00000000eaf00000)
  to   space 2048K, 0% used [0x00000000eb000000,0x00000000eb000000,0x00000000eb200000)
 ParOldGen       total 141824K, used 138786K [0x00000000c0000000, 0x00000000c8a80000, 0x00000000eab00000)
  object space 141824K, 97% used [0x00000000c0000000,0x00000000c8788ae8,0x00000000c8a80000)
 Metaspace       used 82108K, committed 83392K, reserved 1179648K
  class space    used 9168K, committed 9728K, reserved 1048576K
}
Event: 43.033 GC heap after
{Heap after GC invocations=91 (full 6):
 PSYoungGen      total 4096K, used 778K [0x00000000eab00000, 0x00000000eb100000, 0x0000000100000000)
  eden space 3072K, 0% used [0x00000000eab00000,0x00000000eab00000,0x00000000eae00000)
  from space 1024K, 76% used [0x00000000eb000000,0x00000000eb0c2a18,0x00000000eb100000)
  to   space 1536K, 0% used [0x00000000eae00000,0x00000000eae00000,0x00000000eaf80000)
 ParOldGen       total 141824K, used 139751K [0x00000000c0000000, 0x00000000c8a80000, 0x00000000eab00000)
  object space 141824K, 98% used [0x00000000c0000000,0x00000000c8879c00,0x00000000c8a80000)
 Metaspace       used 82108K, committed 83392K, reserved 1179648K
  class space    used 9168K, committed 9728K, reserved 1048576K
}
Event: 43.115 GC heap before
{Heap before GC invocations=92 (full 6):
 PSYoungGen      total 4096K, used 3850K [0x00000000eab00000, 0x00000000eb100000, 0x0000000100000000)
  eden space 3072K, 100% used [0x00000000eab00000,0x00000000eae00000,0x00000000eae00000)
  from space 1024K, 76% used [0x00000000eb000000,0x00000000eb0c2a18,0x00000000eb100000)
  to   space 1536K, 0% used [0x00000000eae00000,0x00000000eae00000,0x00000000eaf80000)
 ParOldGen       total 141824K, used 139751K [0x00000000c0000000, 0x00000000c8a80000, 0x00000000eab00000)
  object space 141824K, 98% used [0x00000000c0000000,0x00000000c8879c00,0x00000000c8a80000)
 Metaspace       used 82109K, committed 83392K, reserved 1179648K
  class space    used 9168K, committed 9728K, reserved 1048576K
}
Event: 43.117 GC heap after
{Heap after GC invocations=92 (full 6):
 PSYoungGen      total 4608K, used 1280K [0x00000000eab00000, 0x00000000eb100000, 0x0000000100000000)
  eden space 3072K, 0% used [0x00000000eab00000,0x00000000eab00000,0x00000000eae00000)
  from space 1536K, 83% used [0x00000000eae00000,0x00000000eaf40000,0x00000000eaf80000)
  to   space 1536K, 0% used [0x00000000eaf80000,0x00000000eaf80000,0x00000000eb100000)
 ParOldGen       total 141824K, used 140487K [0x00000000c0000000, 0x00000000c8a80000, 0x00000000eab00000)
  object space 141824K, 99% used [0x00000000c0000000,0x00000000c8931e30,0x00000000c8a80000)
 Metaspace       used 82109K, committed 83392K, reserved 1179648K
  class space    used 9168K, committed 9728K, reserved 1048576K
}
Event: 43.140 GC heap before
{Heap before GC invocations=93 (full 6):
 PSYoungGen      total 4608K, used 4352K [0x00000000eab00000, 0x00000000eb100000, 0x0000000100000000)
  eden space 3072K, 100% used [0x00000000eab00000,0x00000000eae00000,0x00000000eae00000)
  from space 1536K, 83% used [0x00000000eae00000,0x00000000eaf40000,0x00000000eaf80000)
  to   space 1536K, 0% used [0x00000000eaf80000,0x00000000eaf80000,0x00000000eb100000)
 ParOldGen       total 141824K, used 140487K [0x00000000c0000000, 0x00000000c8a80000, 0x00000000eab00000)
  object space 141824K, 99% used [0x00000000c0000000,0x00000000c8931e30,0x00000000c8a80000)
 Metaspace       used 82120K, committed 83392K, reserved 1179648K
  class space    used 9169K, committed 9728K, reserved 1048576K
}
Event: 43.144 GC heap after
{Heap after GC invocations=93 (full 6):
 PSYoungGen      total 4096K, used 832K [0x00000000eab00000, 0x00000000eb080000, 0x0000000100000000)
  eden space 3072K, 0% used [0x00000000eab00000,0x00000000eab00000,0x00000000eae00000)
  from space 1024K, 81% used [0x00000000eaf80000,0x00000000eb050000,0x00000000eb080000)
  to   space 1024K, 0% used [0x00000000eae80000,0x00000000eae80000,0x00000000eaf80000)
 ParOldGen       total 141824K, used 141711K [0x00000000c0000000, 0x00000000c8a80000, 0x00000000eab00000)
  object space 141824K, 99% used [0x00000000c0000000,0x00000000c8a63e30,0x00000000c8a80000)
 Metaspace       used 82120K, committed 83392K, reserved 1179648K
  class space    used 9169K, committed 9728K, reserved 1048576K
}
Event: 43.144 GC heap before
{Heap before GC invocations=94 (full 7):
 PSYoungGen      total 4096K, used 832K [0x00000000eab00000, 0x00000000eb080000, 0x0000000100000000)
  eden space 3072K, 0% used [0x00000000eab00000,0x00000000eab00000,0x00000000eae00000)
  from space 1024K, 81% used [0x00000000eaf80000,0x00000000eb050000,0x00000000eb080000)
  to   space 1024K, 0% used [0x00000000eae80000,0x00000000eae80000,0x00000000eaf80000)
 ParOldGen       total 141824K, used 141711K [0x00000000c0000000, 0x00000000c8a80000, 0x00000000eab00000)
  object space 141824K, 99% used [0x00000000c0000000,0x00000000c8a63e30,0x00000000c8a80000)
 Metaspace       used 82120K, committed 83392K, reserved 1179648K
  class space    used 9169K, committed 9728K, reserved 1048576K
}

