# JRE version: OpenJDK Runtime Environment Temurin-17.0.12+7 (17.0.12+7) (build 17.0.12+7)
# Java VM: OpenJDK 64-Bit Server VM Temurin-17.0.12+7 (17.0.12+7, mixed mode, tiered, compressed oops, compressed class ptrs, parallel gc, windows-amd64)
GC Precious Log:
 CPUs: 4 total, 4 available
 Memory: 7854M
 Large Page Support: Disabled
 NUMA Support: Disabled
 Compressed Oops: Enabled (32-bit)
 Alignments: Space 512K, Generation 512K, Heap 2M
 Heap Min Capacity: 100M
 Heap Initial Capacity: 100M
 Heap Max Capacity: 1G
 Pre-touch: Disabled
 Parallel Workers: 4
Heap:
 PSYoungGen      total 18944K, used 7312K [0x00000000eab00000, 0x00000000ec680000, 0x0000000100000000)
  eden space 11264K, 0% used [0x00000000eab00000,0x00000000eab00000,0x00000000eb600000)
  from space 7680K, 95% used [0x00000000ebf00000,0x00000000ec6241b0,0x00000000ec680000)
  to   space 7680K, 0% used [0x00000000eb780000,0x00000000eb780000,0x00000000ebf00000)
 ParOldGen       total 218624K, used 217988K [0x00000000c0000000, 0x00000000cd580000, 0x00000000eab00000)
  object space 218624K, 99% used [0x00000000c0000000,0x00000000cd4e1078,0x00000000cd580000)
 Metaspace       used 81302K, committed 82624K, reserved 1179648K
  class space    used 9092K, committed 9664K, reserved 1048576K
GC Heap History (20 events):
Event: 85.416 GC heap after
{Heap after GC invocations=248 (full 10):
 PSYoungGen      total 11776K, used 4603K [0x00000000eab00000, 0x00000000ebd80000, 0x0000000100000000)
  eden space 7168K, 0% used [0x00000000eab00000,0x00000000eab00000,0x00000000eb200000)
  from space 4608K, 99% used [0x00000000eb200000,0x00000000eb67ef18,0x00000000eb680000)
  to   space 5632K, 0% used [0x00000000eb800000,0x00000000eb800000,0x00000000ebd80000)
 ParOldGen       total 218624K, used 204410K [0x00000000c0000000, 0x00000000cd580000, 0x00000000eab00000)
  object space 218624K, 93% used [0x00000000c0000000,0x00000000cc79ea38,0x00000000cd580000)
 Metaspace       used 79791K, committed 81088K, reserved 1179648K
  class space    used 8924K, committed 9472K, reserved 1048576K
}
Event: 85.902 GC heap before
{Heap before GC invocations=249 (full 10):
 PSYoungGen      total 11776K, used 11771K [0x00000000eab00000, 0x00000000ebd80000, 0x0000000100000000)
  eden space 7168K, 100% used [0x00000000eab00000,0x00000000eb200000,0x00000000eb200000)
  from space 4608K, 99% used [0x00000000eb200000,0x00000000eb67ef18,0x00000000eb680000)
  to   space 5632K, 0% used [0x00000000eb800000,0x00000000eb800000,0x00000000ebd80000)
 ParOldGen       total 218624K, used 204410K [0x00000000c0000000, 0x00000000cd580000, 0x00000000eab00000)
  object space 218624K, 93% used [0x00000000c0000000,0x00000000cc79ea38,0x00000000cd580000)
 Metaspace       used 79976K, committed 81280K, reserved 1179648K
  class space    used 8939K, committed 9472K, reserved 1048576K
}
Event: 85.913 GC heap after
{Heap after GC invocations=249 (full 10):
 PSYoungGen      total 11264K, used 3332K [0x00000000eab00000, 0x00000000ebb80000, 0x0000000100000000)
  eden space 7680K, 0% used [0x00000000eab00000,0x00000000eab00000,0x00000000eb280000)
  from space 3584K, 92% used [0x00000000eb800000,0x00000000ebb411c8,0x00000000ebb80000)
  to   space 4096K, 0% used [0x00000000eb380000,0x00000000eb380000,0x00000000eb780000)
 ParOldGen       total 218624K, used 206194K [0x00000000c0000000, 0x00000000cd580000, 0x00000000eab00000)
  object space 218624K, 94% used [0x00000000c0000000,0x00000000cc95c930,0x00000000cd580000)
 Metaspace       used 79976K, committed 81280K, reserved 1179648K
  class space    used 8939K, committed 9472K, reserved 1048576K
}
Event: 86.644 GC heap before
{Heap before GC invocations=250 (full 10):
 PSYoungGen      total 11264K, used 11012K [0x00000000eab00000, 0x00000000ebb80000, 0x0000000100000000)
  eden space 7680K, 100% used [0x00000000eab00000,0x00000000eb280000,0x00000000eb280000)
  from space 3584K, 92% used [0x00000000eb800000,0x00000000ebb411c8,0x00000000ebb80000)
  to   space 4096K, 0% used [0x00000000eb380000,0x00000000eb380000,0x00000000eb780000)
 ParOldGen       total 218624K, used 206194K [0x00000000c0000000, 0x00000000cd580000, 0x00000000eab00000)
  object space 218624K, 94% used [0x00000000c0000000,0x00000000cc95c930,0x00000000cd580000)
 Metaspace       used 80027K, committed 81280K, reserved 1179648K
  class space    used 8941K, committed 9472K, reserved 1048576K
}
Event: 86.649 GC heap after
{Heap after GC invocations=250 (full 10):
 PSYoungGen      total 12288K, used 4083K [0x00000000eab00000, 0x00000000ebe00000, 0x0000000100000000)
  eden space 8192K, 0% used [0x00000000eab00000,0x00000000eab00000,0x00000000eb300000)
  from space 4096K, 99% used [0x00000000eb380000,0x00000000eb77ccd8,0x00000000eb780000)
  to   space 5632K, 0% used [0x00000000eb880000,0x00000000eb880000,0x00000000ebe00000)
 ParOldGen       total 218624K, used 207206K [0x00000000c0000000, 0x00000000cd580000, 0x00000000eab00000)
  object space 218624K, 94% used [0x00000000c0000000,0x00000000cca59ad0,0x00000000cd580000)
 Metaspace       used 80027K, committed 81280K, reserved 1179648K
  class space    used 8941K, committed 9472K, reserved 1048576K
}
Event: 86.814 GC heap before
{Heap before GC invocations=251 (full 10):
 PSYoungGen      total 12288K, used 12275K [0x00000000eab00000, 0x00000000ebe00000, 0x0000000100000000)
  eden space 8192K, 100% used [0x00000000eab00000,0x00000000eb300000,0x00000000eb300000)
  from space 4096K, 99% used [0x00000000eb380000,0x00000000eb77ccd8,0x00000000eb780000)
  to   space 5632K, 0% used [0x00000000eb880000,0x00000000eb880000,0x00000000ebe00000)
 ParOldGen       total 218624K, used 207206K [0x00000000c0000000, 0x00000000cd580000, 0x00000000eab00000)
  object space 218624K, 94% used [0x00000000c0000000,0x00000000cca59ad0,0x00000000cd580000)
 Metaspace       used 80285K, committed 81600K, reserved 1179648K
  class space    used 8970K, committed 9536K, reserved 1048576K
}
Event: 86.824 GC heap after
{Heap after GC invocations=251 (full 10):
 PSYoungGen      total 13824K, used 5069K [0x00000000eab00000, 0x00000000ebe80000, 0x0000000100000000)
  eden space 8192K, 0% used [0x00000000eab00000,0x00000000eab00000,0x00000000eb300000)
  from space 5632K, 90% used [0x00000000eb880000,0x00000000ebd73440,0x00000000ebe00000)
  to   space 5632K, 0% used [0x00000000eb300000,0x00000000eb300000,0x00000000eb880000)
 ParOldGen       total 218624K, used 208458K [0x00000000c0000000, 0x00000000cd580000, 0x00000000eab00000)
  object space 218624K, 95% used [0x00000000c0000000,0x00000000ccb92a30,0x00000000cd580000)
 Metaspace       used 80285K, committed 81600K, reserved 1179648K
  class space    used 8970K, committed 9536K, reserved 1048576K
}
Event: 86.911 GC heap before
{Heap before GC invocations=252 (full 10):
 PSYoungGen      total 13824K, used 13209K [0x00000000eab00000, 0x00000000ebe80000, 0x0000000100000000)
  eden space 8192K, 99% used [0x00000000eab00000,0x00000000eb2f3170,0x00000000eb300000)
  from space 5632K, 90% used [0x00000000eb880000,0x00000000ebd73440,0x00000000ebe00000)
  to   space 5632K, 0% used [0x00000000eb300000,0x00000000eb300000,0x00000000eb880000)
 ParOldGen       total 218624K, used 208458K [0x00000000c0000000, 0x00000000cd580000, 0x00000000eab00000)
  object space 218624K, 95% used [0x00000000c0000000,0x00000000ccb92a30,0x00000000cd580000)
 Metaspace       used 80597K, committed 81856K, reserved 1179648K
  class space    used 8994K, committed 9536K, reserved 1048576K
}
Event: 86.917 GC heap after
{Heap after GC invocations=252 (full 10):
 PSYoungGen      total 13824K, used 5627K [0x00000000eab00000, 0x00000000ec180000, 0x0000000100000000)
  eden space 8192K, 0% used [0x00000000eab00000,0x00000000eab00000,0x00000000eb300000)
  from space 5632K, 99% used [0x00000000eb300000,0x00000000eb87ee18,0x00000000eb880000)
  to   space 7168K, 0% used [0x00000000eba80000,0x00000000eba80000,0x00000000ec180000)
 ParOldGen       total 218624K, used 209580K [0x00000000c0000000, 0x00000000cd580000, 0x00000000eab00000)
  object space 218624K, 95% used [0x00000000c0000000,0x00000000cccab360,0x00000000cd580000)
 Metaspace       used 80597K, committed 81856K, reserved 1179648K
  class space    used 8994K, committed 9536K, reserved 1048576K
}
Event: 86.974 GC heap before
{Heap before GC invocations=253 (full 10):
 PSYoungGen      total 13824K, used 13819K [0x00000000eab00000, 0x00000000ec180000, 0x0000000100000000)
  eden space 8192K, 100% used [0x00000000eab00000,0x00000000eb300000,0x00000000eb300000)
  from space 5632K, 99% used [0x00000000eb300000,0x00000000eb87ee18,0x00000000eb880000)
  to   space 7168K, 0% used [0x00000000eba80000,0x00000000eba80000,0x00000000ec180000)
 ParOldGen       total 218624K, used 209580K [0x00000000c0000000, 0x00000000cd580000, 0x00000000eab00000)
  object space 218624K, 95% used [0x00000000c0000000,0x00000000cccab360,0x00000000cd580000)
 Metaspace       used 80809K, committed 82112K, reserved 1179648K
  class space    used 9008K, committed 9536K, reserved 1048576K
}
Event: 86.981 GC heap after
{Heap after GC invocations=253 (full 10):
 PSYoungGen      total 15360K, used 6271K [0x00000000eab00000, 0x00000000ec100000, 0x0000000100000000)
  eden space 8704K, 0% used [0x00000000eab00000,0x00000000eab00000,0x00000000eb380000)
  from space 6656K, 94% used [0x00000000eba80000,0x00000000ec09fc98,0x00000000ec100000)
  to   space 6656K, 0% used [0x00000000eb400000,0x00000000eb400000,0x00000000eba80000)
 ParOldGen       total 218624K, used 210691K [0x00000000c0000000, 0x00000000cd580000, 0x00000000eab00000)
  object space 218624K, 96% used [0x00000000c0000000,0x00000000ccdc0c78,0x00000000cd580000)
 Metaspace       used 80809K, committed 82112K, reserved 1179648K
  class space    used 9008K, committed 9536K, reserved 1048576K
}
Event: 87.051 GC heap before
{Heap before GC invocations=254 (full 10):
 PSYoungGen      total 15360K, used 14975K [0x00000000eab00000, 0x00000000ec100000, 0x0000000100000000)
  eden space 8704K, 100% used [0x00000000eab00000,0x00000000eb380000,0x00000000eb380000)
  from space 6656K, 94% used [0x00000000eba80000,0x00000000ec09fc98,0x00000000ec100000)
  to   space 6656K, 0% used [0x00000000eb400000,0x00000000eb400000,0x00000000eba80000)
 ParOldGen       total 218624K, used 210691K [0x00000000c0000000, 0x00000000cd580000, 0x00000000eab00000)
  object space 218624K, 96% used [0x00000000c0000000,0x00000000ccdc0c78,0x00000000cd580000)
 Metaspace       used 81039K, committed 82304K, reserved 1179648K
  class space    used 9056K, committed 9600K, reserved 1048576K
}
Event: 87.061 GC heap after
{Heap after GC invocations=254 (full 10):
 PSYoungGen      total 15872K, used 6651K [0x00000000eab00000, 0x00000000ec400000, 0x0000000100000000)
  eden space 9216K, 0% used [0x00000000eab00000,0x00000000eab00000,0x00000000eb400000)
  from space 6656K, 99% used [0x00000000eb400000,0x00000000eba7ee80,0x00000000eba80000)
  to   space 8192K, 0% used [0x00000000ebc00000,0x00000000ebc00000,0x00000000ec400000)
 ParOldGen       total 218624K, used 211859K [0x00000000c0000000, 0x00000000cd580000, 0x00000000eab00000)
  object space 218624K, 96% used [0x00000000c0000000,0x00000000ccee4d08,0x00000000cd580000)
 Metaspace       used 81039K, committed 82304K, reserved 1179648K
  class space    used 9056K, committed 9600K, reserved 1048576K
}
Event: 87.173 GC heap before
{Heap before GC invocations=255 (full 10):
 PSYoungGen      total 15872K, used 15867K [0x00000000eab00000, 0x00000000ec400000, 0x0000000100000000)
  eden space 9216K, 100% used [0x00000000eab00000,0x00000000eb400000,0x00000000eb400000)
  from space 6656K, 99% used [0x00000000eb400000,0x00000000eba7ee80,0x00000000eba80000)
  to   space 8192K, 0% used [0x00000000ebc00000,0x00000000ebc00000,0x00000000ec400000)
 ParOldGen       total 218624K, used 211859K [0x00000000c0000000, 0x00000000cd580000, 0x00000000eab00000)
  object space 218624K, 96% used [0x00000000c0000000,0x00000000ccee4d08,0x00000000cd580000)
 Metaspace       used 81185K, committed 82432K, reserved 1179648K
  class space    used 9074K, committed 9600K, reserved 1048576K
}
Event: 87.185 GC heap after
{Heap after GC invocations=255 (full 10):
 PSYoungGen      total 17408K, used 6236K [0x00000000eab00000, 0x00000000ec300000, 0x0000000100000000)
  eden space 10240K, 0% used [0x00000000eab00000,0x00000000eab00000,0x00000000eb500000)
  from space 7168K, 87% used [0x00000000ebc00000,0x00000000ec2173a8,0x00000000ec300000)
  to   space 7168K, 0% used [0x00000000eb500000,0x00000000eb500000,0x00000000ebc00000)
 ParOldGen       total 218624K, used 214446K [0x00000000c0000000, 0x00000000cd580000, 0x00000000eab00000)
  object space 218624K, 98% used [0x00000000c0000000,0x00000000cd16bb18,0x00000000cd580000)
 Metaspace       used 81185K, committed 82432K, reserved 1179648K
  class space    used 9074K, committed 9600K, reserved 1048576K
}
Event: 87.299 GC heap before
{Heap before GC invocations=256 (full 10):
 PSYoungGen      total 17408K, used 16476K [0x00000000eab00000, 0x00000000ec300000, 0x0000000100000000)
  eden space 10240K, 100% used [0x00000000eab00000,0x00000000eb500000,0x00000000eb500000)
  from space 7168K, 87% used [0x00000000ebc00000,0x00000000ec2173a8,0x00000000ec300000)
  to   space 7168K, 0% used [0x00000000eb500000,0x00000000eb500000,0x00000000ebc00000)
 ParOldGen       total 218624K, used 214446K [0x00000000c0000000, 0x00000000cd580000, 0x00000000eab00000)
  object space 218624K, 98% used [0x00000000c0000000,0x00000000cd16bb18,0x00000000cd580000)
 Metaspace       used 81285K, committed 82624K, reserved 1179648K
  class space    used 9092K, committed 9664K, reserved 1048576K
}
Event: 87.313 GC heap after
{Heap after GC invocations=256 (full 10):
 PSYoungGen      total 17408K, used 7139K [0x00000000eab00000, 0x00000000ec800000, 0x0000000100000000)
  eden space 10240K, 0% used [0x00000000eab00000,0x00000000eab00000,0x00000000eb500000)
  from space 7168K, 99% used [0x00000000eb500000,0x00000000ebbf8c48,0x00000000ebc00000)
  to   space 9216K, 0% used [0x00000000ebf00000,0x00000000ebf00000,0x00000000ec800000)
 ParOldGen       total 218624K, used 215640K [0x00000000c0000000, 0x00000000cd580000, 0x00000000eab00000)
  object space 218624K, 98% used [0x00000000c0000000,0x00000000cd2961a0,0x00000000cd580000)
 Metaspace       used 81285K, committed 82624K, reserved 1179648K
  class space    used 9092K, committed 9664K, reserved 1048576K
}
Event: 87.534 GC heap before
{Heap before GC invocations=257 (full 10):
 PSYoungGen      total 17408K, used 17379K [0x00000000eab00000, 0x00000000ec800000, 0x0000000100000000)
  eden space 10240K, 100% used [0x00000000eab00000,0x00000000eb500000,0x00000000eb500000)
  from space 7168K, 99% used [0x00000000eb500000,0x00000000ebbf8c48,0x00000000ebc00000)
  to   space 9216K, 0% used [0x00000000ebf00000,0x00000000ebf00000,0x00000000ec800000)
 ParOldGen       total 218624K, used 215640K [0x00000000c0000000, 0x00000000cd580000, 0x00000000eab00000)
  object space 218624K, 98% used [0x00000000c0000000,0x00000000cd2961a0,0x00000000cd580000)
 Metaspace       used 81302K, committed 82624K, reserved 1179648K
  class space    used 9092K, committed 9664K, reserved 1048576K
}
Event: 87.544 GC heap after
{Heap after GC invocations=257 (full 10):
 PSYoungGen      total 18944K, used 7312K [0x00000000eab00000, 0x00000000ec680000, 0x0000000100000000)
  eden space 11264K, 0% used [0x00000000eab00000,0x00000000eab00000,0x00000000eb600000)
  from space 7680K, 95% used [0x00000000ebf00000,0x00000000ec6241b0,0x00000000ec680000)
  to   space 7680K, 0% used [0x00000000eb780000,0x00000000eb780000,0x00000000ebf00000)
 ParOldGen       total 218624K, used 217988K [0x00000000c0000000, 0x00000000cd580000, 0x00000000eab00000)
  object space 218624K, 99% used [0x00000000c0000000,0x00000000cd4e1078,0x00000000cd580000)
 Metaspace       used 81302K, committed 82624K, reserved 1179648K
  class space    used 9092K, committed 9664K, reserved 1048576K
}
Event: 87.544 GC heap before
{Heap before GC invocations=258 (full 11):
 PSYoungGen      total 18944K, used 7312K [0x00000000eab00000, 0x00000000ec680000, 0x0000000100000000)
  eden space 11264K, 0% used [0x00000000eab00000,0x00000000eab00000,0x00000000eb600000)
  from space 7680K, 95% used [0x00000000ebf00000,0x00000000ec6241b0,0x00000000ec680000)
  to   space 7680K, 0% used [0x00000000eb780000,0x00000000eb780000,0x00000000ebf00000)
 ParOldGen       total 218624K, used 217988K [0x00000000c0000000, 0x00000000cd580000, 0x00000000eab00000)
  object space 218624K, 99% used [0x00000000c0000000,0x00000000cd4e1078,0x00000000cd580000)
 Metaspace       used 81302K, committed 82624K, reserved 1179648K
  class space    used 9092K, committed 9664K, reserved 1048576K
}

