# JRE version: OpenJDK Runtime Environment Temurin-17.0.12+7 (17.0.12+7) (build 17.0.12+7)
# Java VM: OpenJDK 64-Bit Server VM Temurin-17.0.12+7 (17.0.12+7, mixed mode, tiered, compressed oops, compressed class ptrs, parallel gc, windows-amd64)
GC Precious Log:
 CPUs: 4 total, 4 available
 Memory: 7854M
 Large Page Support: Disabled
 NUMA Support: Disabled
 Compressed Oops: Enabled (32-bit)
 Alignments: Space 512K, Generation 512K, Heap 2M
 Heap Min Capacity: 100M
 Heap Initial Capacity: 100M
 Heap Max Capacity: 1G
 Pre-touch: Disabled
 Parallel Workers: 4
Heap:
 PSYoungGen      total 18432K, used 8473K [0x00000000eab00000, 0x00000000ebf80000, 0x0000000100000000)
  eden space 16384K, 40% used [0x00000000eab00000,0x00000000eb18d6c0,0x00000000ebb00000)
  from space 2048K, 86% used [0x00000000ebb80000,0x00000000ebd390c0,0x00000000ebd80000)
  to   space 2048K, 0% used [0x00000000ebd80000,0x00000000ebd80000,0x00000000ebf80000)
 ParOldGen       total 68608K, used 47053K [0x00000000c0000000, 0x00000000c4300000, 0x00000000eab00000)
  object space 68608K, 68% used [0x00000000c0000000,0x00000000c2df3798,0x00000000c4300000)
 Metaspace       used 64676K, committed 65856K, reserved 1114112K
  class space    used 6917K, committed 7424K, reserved 1048576K
GC Heap History (20 events):
Event: 25.930 GC heap before
{Heap before GC invocations=29 (full 2):
 PSYoungGen      total 22528K, used 22079K [0x00000000eab00000, 0x00000000ec280000, 0x0000000100000000)
  eden space 20992K, 100% used [0x00000000eab00000,0x00000000ebf80000,0x00000000ebf80000)
  from space 1536K, 70% used [0x00000000ec100000,0x00000000ec20fe18,0x00000000ec280000)
  to   space 1536K, 0% used [0x00000000ebf80000,0x00000000ebf80000,0x00000000ec100000)
 ParOldGen       total 68608K, used 34305K [0x00000000c0000000, 0x00000000c4300000, 0x00000000eab00000)
  object space 68608K, 50% used [0x00000000c0000000,0x00000000c2180590,0x00000000c4300000)
 Metaspace       used 57449K, committed 58624K, reserved 1114112K
  class space    used 6174K, committed 6656K, reserved 1048576K
}
Event: 25.933 GC heap after
{Heap after GC invocations=29 (full 2):
 PSYoungGen      total 22528K, used 1010K [0x00000000eab00000, 0x00000000ec280000, 0x0000000100000000)
  eden space 20992K, 0% used [0x00000000eab00000,0x00000000eab00000,0x00000000ebf80000)
  from space 1536K, 65% used [0x00000000ebf80000,0x00000000ec07cb10,0x00000000ec100000)
  to   space 1536K, 0% used [0x00000000ec100000,0x00000000ec100000,0x00000000ec280000)
 ParOldGen       total 68608K, used 35329K [0x00000000c0000000, 0x00000000c4300000, 0x00000000eab00000)
  object space 68608K, 51% used [0x00000000c0000000,0x00000000c22806a8,0x00000000c4300000)
 Metaspace       used 57449K, committed 58624K, reserved 1114112K
  class space    used 6174K, committed 6656K, reserved 1048576K
}
Event: 26.610 GC heap before
{Heap before GC invocations=30 (full 2):
 PSYoungGen      total 22528K, used 22002K [0x00000000eab00000, 0x00000000ec280000, 0x0000000100000000)
  eden space 20992K, 100% used [0x00000000eab00000,0x00000000ebf80000,0x00000000ebf80000)
  from space 1536K, 65% used [0x00000000ebf80000,0x00000000ec07cb10,0x00000000ec100000)
  to   space 1536K, 0% used [0x00000000ec100000,0x00000000ec100000,0x00000000ec280000)
 ParOldGen       total 68608K, used 35329K [0x00000000c0000000, 0x00000000c4300000, 0x00000000eab00000)
  object space 68608K, 51% used [0x00000000c0000000,0x00000000c22806a8,0x00000000c4300000)
 Metaspace       used 58399K, committed 59584K, reserved 1114112K
  class space    used 6258K, committed 6720K, reserved 1048576K
}
Event: 26.614 GC heap after
{Heap after GC invocations=30 (full 2):
 PSYoungGen      total 20480K, used 1504K [0x00000000eab00000, 0x00000000ec680000, 0x0000000100000000)
  eden space 18944K, 0% used [0x00000000eab00000,0x00000000eab00000,0x00000000ebd80000)
  from space 1536K, 97% used [0x00000000ec100000,0x00000000ec2780e0,0x00000000ec280000)
  to   space 3584K, 0% used [0x00000000ebd80000,0x00000000ebd80000,0x00000000ec100000)
 ParOldGen       total 68608K, used 36904K [0x00000000c0000000, 0x00000000c4300000, 0x00000000eab00000)
  object space 68608K, 53% used [0x00000000c0000000,0x00000000c240a218,0x00000000c4300000)
 Metaspace       used 58399K, committed 59584K, reserved 1114112K
  class space    used 6258K, committed 6720K, reserved 1048576K
}
Event: 27.635 GC heap before
{Heap before GC invocations=31 (full 2):
 PSYoungGen      total 20480K, used 20448K [0x00000000eab00000, 0x00000000ec680000, 0x0000000100000000)
  eden space 18944K, 100% used [0x00000000eab00000,0x00000000ebd80000,0x00000000ebd80000)
  from space 1536K, 97% used [0x00000000ec100000,0x00000000ec2780e0,0x00000000ec280000)
  to   space 3584K, 0% used [0x00000000ebd80000,0x00000000ebd80000,0x00000000ec100000)
 ParOldGen       total 68608K, used 36904K [0x00000000c0000000, 0x00000000c4300000, 0x00000000eab00000)
  object space 68608K, 53% used [0x00000000c0000000,0x00000000c240a218,0x00000000c4300000)
 Metaspace       used 58473K, committed 59648K, reserved 1114112K
  class space    used 6258K, committed 6720K, reserved 1048576K
}
Event: 27.639 GC heap after
{Heap after GC invocations=31 (full 2):
 PSYoungGen      total 20480K, used 1441K [0x00000000eab00000, 0x00000000ec180000, 0x0000000100000000)
  eden space 18944K, 0% used [0x00000000eab00000,0x00000000eab00000,0x00000000ebd80000)
  from space 1536K, 93% used [0x00000000ebd80000,0x00000000ebee8480,0x00000000ebf00000)
  to   space 2048K, 0% used [0x00000000ebf80000,0x00000000ebf80000,0x00000000ec180000)
 ParOldGen       total 68608K, used 38400K [0x00000000c0000000, 0x00000000c4300000, 0x00000000eab00000)
  object space 68608K, 55% used [0x00000000c0000000,0x00000000c2580088,0x00000000c4300000)
 Metaspace       used 58473K, committed 59648K, reserved 1114112K
  class space    used 6258K, committed 6720K, reserved 1048576K
}
Event: 29.627 GC heap before
{Heap before GC invocations=32 (full 2):
 PSYoungGen      total 20480K, used 12407K [0x00000000eab00000, 0x00000000ec180000, 0x0000000100000000)
  eden space 18944K, 57% used [0x00000000eab00000,0x00000000eb5b57a0,0x00000000ebd80000)
  from space 1536K, 93% used [0x00000000ebd80000,0x00000000ebee8480,0x00000000ebf00000)
  to   space 2048K, 0% used [0x00000000ebf80000,0x00000000ebf80000,0x00000000ec180000)
 ParOldGen       total 68608K, used 38400K [0x00000000c0000000, 0x00000000c4300000, 0x00000000eab00000)
  object space 68608K, 55% used [0x00000000c0000000,0x00000000c2580088,0x00000000c4300000)
 Metaspace       used 58640K, committed 59776K, reserved 1114112K
  class space    used 6258K, committed 6720K, reserved 1048576K
}
Event: 29.629 GC heap after
{Heap after GC invocations=32 (full 2):
 PSYoungGen      total 19968K, used 903K [0x00000000eab00000, 0x00000000ec080000, 0x0000000100000000)
  eden space 18944K, 0% used [0x00000000eab00000,0x00000000eab00000,0x00000000ebd80000)
  from space 1024K, 88% used [0x00000000ebf80000,0x00000000ec061f30,0x00000000ec080000)
  to   space 1536K, 0% used [0x00000000ebd80000,0x00000000ebd80000,0x00000000ebf00000)
 ParOldGen       total 68608K, used 39009K [0x00000000c0000000, 0x00000000c4300000, 0x00000000eab00000)
  object space 68608K, 56% used [0x00000000c0000000,0x00000000c26184c8,0x00000000c4300000)
 Metaspace       used 58640K, committed 59776K, reserved 1114112K
  class space    used 6258K, committed 6720K, reserved 1048576K
}
Event: 29.629 GC heap before
{Heap before GC invocations=33 (full 3):
 PSYoungGen      total 19968K, used 903K [0x00000000eab00000, 0x00000000ec080000, 0x0000000100000000)
  eden space 18944K, 0% used [0x00000000eab00000,0x00000000eab00000,0x00000000ebd80000)
  from space 1024K, 88% used [0x00000000ebf80000,0x00000000ec061f30,0x00000000ec080000)
  to   space 1536K, 0% used [0x00000000ebd80000,0x00000000ebd80000,0x00000000ebf00000)
 ParOldGen       total 68608K, used 39009K [0x00000000c0000000, 0x00000000c4300000, 0x00000000eab00000)
  object space 68608K, 56% used [0x00000000c0000000,0x00000000c26184c8,0x00000000c4300000)
 Metaspace       used 58640K, committed 59776K, reserved 1114112K
  class space    used 6258K, committed 6720K, reserved 1048576K
}
Event: 29.777 GC heap after
{Heap after GC invocations=33 (full 3):
 PSYoungGen      total 19968K, used 0K [0x00000000eab00000, 0x00000000ec080000, 0x0000000100000000)
  eden space 18944K, 0% used [0x00000000eab00000,0x00000000eab00000,0x00000000ebd80000)
  from space 1024K, 0% used [0x00000000ebf80000,0x00000000ebf80000,0x00000000ec080000)
  to   space 1536K, 0% used [0x00000000ebd80000,0x00000000ebd80000,0x00000000ebf00000)
 ParOldGen       total 68608K, used 36168K [0x00000000c0000000, 0x00000000c4300000, 0x00000000eab00000)
  object space 68608K, 52% used [0x00000000c0000000,0x00000000c2352250,0x00000000c4300000)
 Metaspace       used 58640K, committed 59776K, reserved 1114112K
  class space    used 6258K, committed 6720K, reserved 1048576K
}
Event: 32.479 GC heap before
{Heap before GC invocations=34 (full 3):
 PSYoungGen      total 19968K, used 18944K [0x00000000eab00000, 0x00000000ec080000, 0x0000000100000000)
  eden space 18944K, 100% used [0x00000000eab00000,0x00000000ebd80000,0x00000000ebd80000)
  from space 1024K, 0% used [0x00000000ebf80000,0x00000000ebf80000,0x00000000ec080000)
  to   space 1536K, 0% used [0x00000000ebd80000,0x00000000ebd80000,0x00000000ebf00000)
 ParOldGen       total 68608K, used 36168K [0x00000000c0000000, 0x00000000c4300000, 0x00000000eab00000)
  object space 68608K, 52% used [0x00000000c0000000,0x00000000c2352250,0x00000000c4300000)
 Metaspace       used 60750K, committed 61952K, reserved 1114112K
  class space    used 6441K, committed 6912K, reserved 1048576K
}
Event: 32.487 GC heap after
{Heap after GC invocations=34 (full 3):
 PSYoungGen      total 20480K, used 1520K [0x00000000eab00000, 0x00000000ec380000, 0x0000000100000000)
  eden space 18944K, 0% used [0x00000000eab00000,0x00000000eab00000,0x00000000ebd80000)
  from space 1536K, 98% used [0x00000000ebd80000,0x00000000ebefc0e8,0x00000000ebf00000)
  to   space 3072K, 0% used [0x00000000ec080000,0x00000000ec080000,0x00000000ec380000)
 ParOldGen       total 68608K, used 37066K [0x00000000c0000000, 0x00000000c4300000, 0x00000000eab00000)
  object space 68608K, 54% used [0x00000000c0000000,0x00000000c24328a8,0x00000000c4300000)
 Metaspace       used 60750K, committed 61952K, reserved 1114112K
  class space    used 6441K, committed 6912K, reserved 1048576K
}
Event: 33.580 GC heap before
{Heap before GC invocations=35 (full 3):
 PSYoungGen      total 20480K, used 20464K [0x00000000eab00000, 0x00000000ec380000, 0x0000000100000000)
  eden space 18944K, 100% used [0x00000000eab00000,0x00000000ebd80000,0x00000000ebd80000)
  from space 1536K, 98% used [0x00000000ebd80000,0x00000000ebefc0e8,0x00000000ebf00000)
  to   space 3072K, 0% used [0x00000000ec080000,0x00000000ec080000,0x00000000ec380000)
 ParOldGen       total 68608K, used 37066K [0x00000000c0000000, 0x00000000c4300000, 0x00000000eab00000)
  object space 68608K, 54% used [0x00000000c0000000,0x00000000c24328a8,0x00000000c4300000)
 Metaspace       used 61754K, committed 62848K, reserved 1114112K
  class space    used 6548K, committed 6976K, reserved 1048576K
}
Event: 33.588 GC heap after
{Heap after GC invocations=35 (full 3):
 PSYoungGen      total 19456K, used 3061K [0x00000000eab00000, 0x00000000ec880000, 0x0000000100000000)
  eden space 16384K, 0% used [0x00000000eab00000,0x00000000eab00000,0x00000000ebb00000)
  from space 3072K, 99% used [0x00000000ec080000,0x00000000ec37d5a8,0x00000000ec380000)
  to   space 5632K, 0% used [0x00000000ebb00000,0x00000000ebb00000,0x00000000ec080000)
 ParOldGen       total 68608K, used 38720K [0x00000000c0000000, 0x00000000c4300000, 0x00000000eab00000)
  object space 68608K, 56% used [0x00000000c0000000,0x00000000c25d03e0,0x00000000c4300000)
 Metaspace       used 61754K, committed 62848K, reserved 1114112K
  class space    used 6548K, committed 6976K, reserved 1048576K
}
Event: 34.529 GC heap before
{Heap before GC invocations=36 (full 3):
 PSYoungGen      total 19456K, used 19445K [0x00000000eab00000, 0x00000000ec880000, 0x0000000100000000)
  eden space 16384K, 100% used [0x00000000eab00000,0x00000000ebb00000,0x00000000ebb00000)
  from space 3072K, 99% used [0x00000000ec080000,0x00000000ec37d5a8,0x00000000ec380000)
  to   space 5632K, 0% used [0x00000000ebb00000,0x00000000ebb00000,0x00000000ec080000)
 ParOldGen       total 68608K, used 38720K [0x00000000c0000000, 0x00000000c4300000, 0x00000000eab00000)
  object space 68608K, 56% used [0x00000000c0000000,0x00000000c25d03e0,0x00000000c4300000)
 Metaspace       used 62242K, committed 63424K, reserved 1114112K
  class space    used 6565K, committed 7040K, reserved 1048576K
}
Event: 34.540 GC heap after
{Heap after GC invocations=36 (full 3):
 PSYoungGen      total 19968K, used 3390K [0x00000000eab00000, 0x00000000ec300000, 0x0000000100000000)
  eden space 16384K, 0% used [0x00000000eab00000,0x00000000eab00000,0x00000000ebb00000)
  from space 3584K, 94% used [0x00000000ebb00000,0x00000000ebe4f8b8,0x00000000ebe80000)
  to   space 4096K, 0% used [0x00000000ebf00000,0x00000000ebf00000,0x00000000ec300000)
 ParOldGen       total 68608K, used 41688K [0x00000000c0000000, 0x00000000c4300000, 0x00000000eab00000)
  object space 68608K, 60% used [0x00000000c0000000,0x00000000c28b6328,0x00000000c4300000)
 Metaspace       used 62242K, committed 63424K, reserved 1114112K
  class space    used 6565K, committed 7040K, reserved 1048576K
}
Event: 39.101 GC heap before
{Heap before GC invocations=37 (full 3):
 PSYoungGen      total 19968K, used 19774K [0x00000000eab00000, 0x00000000ec300000, 0x0000000100000000)
  eden space 16384K, 100% used [0x00000000eab00000,0x00000000ebb00000,0x00000000ebb00000)
  from space 3584K, 94% used [0x00000000ebb00000,0x00000000ebe4f8b8,0x00000000ebe80000)
  to   space 4096K, 0% used [0x00000000ebf00000,0x00000000ebf00000,0x00000000ec300000)
 ParOldGen       total 68608K, used 41688K [0x00000000c0000000, 0x00000000c4300000, 0x00000000eab00000)
  object space 68608K, 60% used [0x00000000c0000000,0x00000000c28b6328,0x00000000c4300000)
 Metaspace       used 63014K, committed 64128K, reserved 1114112K
  class space    used 6661K, committed 7104K, reserved 1048576K
}
Event: 39.112 GC heap after
{Heap after GC invocations=37 (full 3):
 PSYoungGen      total 18944K, used 2299K [0x00000000eab00000, 0x00000000ec180000, 0x0000000100000000)
  eden space 16384K, 0% used [0x00000000eab00000,0x00000000eab00000,0x00000000ebb00000)
  from space 2560K, 89% used [0x00000000ebf00000,0x00000000ec13ee58,0x00000000ec180000)
  to   space 3072K, 0% used [0x00000000ebb80000,0x00000000ebb80000,0x00000000ebe80000)
 ParOldGen       total 68608K, used 44883K [0x00000000c0000000, 0x00000000c4300000, 0x00000000eab00000)
  object space 68608K, 65% used [0x00000000c0000000,0x00000000c2bd4e18,0x00000000c4300000)
 Metaspace       used 63014K, committed 64128K, reserved 1114112K
  class space    used 6661K, committed 7104K, reserved 1048576K
}
Event: 40.080 GC heap before
{Heap before GC invocations=38 (full 3):
 PSYoungGen      total 18944K, used 18683K [0x00000000eab00000, 0x00000000ec180000, 0x0000000100000000)
  eden space 16384K, 100% used [0x00000000eab00000,0x00000000ebb00000,0x00000000ebb00000)
  from space 2560K, 89% used [0x00000000ebf00000,0x00000000ec13ee58,0x00000000ec180000)
  to   space 3072K, 0% used [0x00000000ebb80000,0x00000000ebb80000,0x00000000ebe80000)
 ParOldGen       total 68608K, used 44883K [0x00000000c0000000, 0x00000000c4300000, 0x00000000eab00000)
  object space 68608K, 65% used [0x00000000c0000000,0x00000000c2bd4e18,0x00000000c4300000)
 Metaspace       used 64131K, committed 65216K, reserved 1114112K
  class space    used 6815K, committed 7232K, reserved 1048576K
}
Event: 40.088 GC heap after
{Heap after GC invocations=38 (full 3):
 PSYoungGen      total 18432K, used 1764K [0x00000000eab00000, 0x00000000ebf80000, 0x0000000100000000)
  eden space 16384K, 0% used [0x00000000eab00000,0x00000000eab00000,0x00000000ebb00000)
  from space 2048K, 86% used [0x00000000ebb80000,0x00000000ebd390c0,0x00000000ebd80000)
  to   space 2048K, 0% used [0x00000000ebd80000,0x00000000ebd80000,0x00000000ebf80000)
 ParOldGen       total 68608K, used 47053K [0x00000000c0000000, 0x00000000c4300000, 0x00000000eab00000)
  object space 68608K, 68% used [0x00000000c0000000,0x00000000c2df3798,0x00000000c4300000)
 Metaspace       used 64131K, committed 65216K, reserved 1114112K
  class space    used 6815K, committed 7232K, reserved 1048576K
}

