# JRE version: OpenJDK Runtime Environment Temurin-17.0.12+7 (17.0.12+7) (build 17.0.12+7)
# Java VM: OpenJDK 64-Bit Server VM Temurin-17.0.12+7 (17.0.12+7, mixed mode, tiered, compressed oops, compressed class ptrs, parallel gc, windows-amd64)
GC Precious Log:
 CPUs: 4 total, 4 available
 Memory: 7854M
 Large Page Support: Disabled
 NUMA Support: Disabled
 Compressed Oops: Enabled (32-bit)
 Alignments: Space 512K, Generation 512K, Heap 2M
 Heap Min Capacity: 100M
 Heap Initial Capacity: 100M
 Heap Max Capacity: 1G
 Pre-touch: Disabled
 Parallel Workers: 4
Heap:
 PSYoungGen      total 13824K, used 2257K [0x00000000eab00000, 0x00000000ebc00000, 0x0000000100000000)
  eden space 12800K, 10% used [0x00000000eab00000,0x00000000eac5aaf8,0x00000000eb780000)
  from space 1024K, 84% used [0x00000000ebb00000,0x00000000ebbd9908,0x00000000ebc00000)
  to   space 1024K, 0% used [0x00000000eba00000,0x00000000eba00000,0x00000000ebb00000)
 ParOldGen       total 336384K, used 272074K [0x00000000c0000000, 0x00000000d4880000, 0x00000000eab00000)
  object space 336384K, 80% used [0x00000000c0000000,0x00000000d09b2a08,0x00000000d4880000)
 Metaspace       used 91279K, committed 92672K, reserved 1179648K
  class space    used 10069K, committed 10688K, reserved 1048576K
GC Heap History (20 events):
Event: 85.133 GC heap before
{Heap before GC invocations=451 (full 16):
 PSYoungGen      total 10752K, used 10736K [0x00000000eab00000, 0x00000000ec680000, 0x0000000100000000)
  eden space 9728K, 100% used [0x00000000eab00000,0x00000000eb480000,0x00000000eb480000)
  from space 1024K, 98% used [0x00000000eb500000,0x00000000eb5fc2c0,0x00000000eb600000)
  to   space 9216K, 0% used [0x00000000ebd80000,0x00000000ebd80000,0x00000000ec680000)
 ParOldGen       total 321536K, used 312130K [0x00000000c0000000, 0x00000000d3a00000, 0x00000000eab00000)
  object space 321536K, 97% used [0x00000000c0000000,0x00000000d30d0838,0x00000000d3a00000)
 Metaspace       used 89096K, committed 90496K, reserved 1179648K
  class space    used 9833K, committed 10432K, reserved 1048576K
}
Event: 85.136 GC heap after
{Heap after GC invocations=451 (full 16):
 PSYoungGen      total 12288K, used 880K [0x00000000eab00000, 0x00000000ebe80000, 0x0000000100000000)
  eden space 11264K, 0% used [0x00000000eab00000,0x00000000eab00000,0x00000000eb600000)
  from space 1024K, 85% used [0x00000000ebd80000,0x00000000ebe5c010,0x00000000ebe80000)
  to   space 3584K, 0% used [0x00000000eb780000,0x00000000eb780000,0x00000000ebb00000)
 ParOldGen       total 321536K, used 312154K [0x00000000c0000000, 0x00000000d3a00000, 0x00000000eab00000)
  object space 321536K, 97% used [0x00000000c0000000,0x00000000d30d6838,0x00000000d3a00000)
 Metaspace       used 89096K, committed 90496K, reserved 1179648K
  class space    used 9833K, committed 10432K, reserved 1048576K
}
Event: 85.191 GC heap before
{Heap before GC invocations=452 (full 16):
 PSYoungGen      total 12288K, used 12144K [0x00000000eab00000, 0x00000000ebe80000, 0x0000000100000000)
  eden space 11264K, 100% used [0x00000000eab00000,0x00000000eb600000,0x00000000eb600000)
  from space 1024K, 85% used [0x00000000ebd80000,0x00000000ebe5c010,0x00000000ebe80000)
  to   space 3584K, 0% used [0x00000000eb780000,0x00000000eb780000,0x00000000ebb00000)
 ParOldGen       total 321536K, used 312154K [0x00000000c0000000, 0x00000000d3a00000, 0x00000000eab00000)
  object space 321536K, 97% used [0x00000000c0000000,0x00000000d30d6838,0x00000000d3a00000)
 Metaspace       used 89134K, committed 90560K, reserved 1179648K
  class space    used 9833K, committed 10432K, reserved 1048576K
}
Event: 85.200 GC heap after
{Heap after GC invocations=452 (full 16):
 PSYoungGen      total 16384K, used 3555K [0x00000000eab00000, 0x00000000ece80000, 0x0000000100000000)
  eden space 12800K, 0% used [0x00000000eab00000,0x00000000eab00000,0x00000000eb780000)
  from space 3584K, 99% used [0x00000000eb780000,0x00000000ebaf8f88,0x00000000ebb00000)
  to   space 11776K, 0% used [0x00000000ec300000,0x00000000ec300000,0x00000000ece80000)
 ParOldGen       total 321536K, used 318413K [0x00000000c0000000, 0x00000000d3a00000, 0x00000000eab00000)
  object space 321536K, 99% used [0x00000000c0000000,0x00000000d36f3730,0x00000000d3a00000)
 Metaspace       used 89134K, committed 90560K, reserved 1179648K
  class space    used 9833K, committed 10432K, reserved 1048576K
}
Event: 85.200 GC heap before
{Heap before GC invocations=453 (full 17):
 PSYoungGen      total 16384K, used 3555K [0x00000000eab00000, 0x00000000ece80000, 0x0000000100000000)
  eden space 12800K, 0% used [0x00000000eab00000,0x00000000eab00000,0x00000000eb780000)
  from space 3584K, 99% used [0x00000000eb780000,0x00000000ebaf8f88,0x00000000ebb00000)
  to   space 11776K, 0% used [0x00000000ec300000,0x00000000ec300000,0x00000000ece80000)
 ParOldGen       total 321536K, used 318413K [0x00000000c0000000, 0x00000000d3a00000, 0x00000000eab00000)
  object space 321536K, 99% used [0x00000000c0000000,0x00000000d36f3730,0x00000000d3a00000)
 Metaspace       used 89134K, committed 90560K, reserved 1179648K
  class space    used 9833K, committed 10432K, reserved 1048576K
}
Event: 85.381 GC heap after
{Heap after GC invocations=453 (full 17):
 PSYoungGen      total 24576K, used 0K [0x00000000eab00000, 0x00000000ed000000, 0x0000000100000000)
  eden space 12800K, 0% used [0x00000000eab00000,0x00000000eab00000,0x00000000eb780000)
  from space 11776K, 0% used [0x00000000ec300000,0x00000000ec300000,0x00000000ece80000)
  to   space 11776K, 0% used [0x00000000eb780000,0x00000000eb780000,0x00000000ec300000)
 ParOldGen       total 336384K, used 264210K [0x00000000c0000000, 0x00000000d4880000, 0x00000000eab00000)
  object space 336384K, 78% used [0x00000000c0000000,0x00000000d0204910,0x00000000d4880000)
 Metaspace       used 89134K, committed 90560K, reserved 1179648K
  class space    used 9833K, committed 10432K, reserved 1048576K
}
Event: 85.489 GC heap before
{Heap before GC invocations=454 (full 17):
 PSYoungGen      total 24576K, used 12800K [0x00000000eab00000, 0x00000000ed000000, 0x0000000100000000)
  eden space 12800K, 100% used [0x00000000eab00000,0x00000000eb780000,0x00000000eb780000)
  from space 11776K, 0% used [0x00000000ec300000,0x00000000ec300000,0x00000000ece80000)
  to   space 11776K, 0% used [0x00000000eb780000,0x00000000eb780000,0x00000000ec300000)
 ParOldGen       total 336384K, used 264210K [0x00000000c0000000, 0x00000000d4880000, 0x00000000eab00000)
  object space 336384K, 78% used [0x00000000c0000000,0x00000000d0204910,0x00000000d4880000)
 Metaspace       used 89170K, committed 90560K, reserved 1179648K
  class space    used 9833K, committed 10432K, reserved 1048576K
}
Event: 85.493 GC heap after
{Heap after GC invocations=454 (full 17):
 PSYoungGen      total 15872K, used 2576K [0x00000000eab00000, 0x00000000ec380000, 0x0000000100000000)
  eden space 12800K, 0% used [0x00000000eab00000,0x00000000eab00000,0x00000000eb780000)
  from space 3072K, 83% used [0x00000000eb780000,0x00000000eba04010,0x00000000eba80000)
  to   space 5632K, 0% used [0x00000000ebe00000,0x00000000ebe00000,0x00000000ec380000)
 ParOldGen       total 336384K, used 264210K [0x00000000c0000000, 0x00000000d4880000, 0x00000000eab00000)
  object space 336384K, 78% used [0x00000000c0000000,0x00000000d0204910,0x00000000d4880000)
 Metaspace       used 89170K, committed 90560K, reserved 1179648K
  class space    used 9833K, committed 10432K, reserved 1048576K
}
Event: 85.685 GC heap before
{Heap before GC invocations=455 (full 17):
 PSYoungGen      total 15872K, used 15376K [0x00000000eab00000, 0x00000000ec380000, 0x0000000100000000)
  eden space 12800K, 100% used [0x00000000eab00000,0x00000000eb780000,0x00000000eb780000)
  from space 3072K, 83% used [0x00000000eb780000,0x00000000eba04010,0x00000000eba80000)
  to   space 5632K, 0% used [0x00000000ebe00000,0x00000000ebe00000,0x00000000ec380000)
 ParOldGen       total 336384K, used 264210K [0x00000000c0000000, 0x00000000d4880000, 0x00000000eab00000)
  object space 336384K, 78% used [0x00000000c0000000,0x00000000d0204910,0x00000000d4880000)
 Metaspace       used 89525K, committed 90880K, reserved 1179648K
  class space    used 9873K, committed 10432K, reserved 1048576K
}
Event: 85.697 GC heap after
{Heap after GC invocations=455 (full 17):
 PSYoungGen      total 17408K, used 4599K [0x00000000eab00000, 0x00000000ec280000, 0x0000000100000000)
  eden space 12800K, 0% used [0x00000000eab00000,0x00000000eab00000,0x00000000eb780000)
  from space 4608K, 99% used [0x00000000ebe00000,0x00000000ec27dc70,0x00000000ec280000)
  to   space 5120K, 0% used [0x00000000eb880000,0x00000000eb880000,0x00000000ebd80000)
 ParOldGen       total 336384K, used 266622K [0x00000000c0000000, 0x00000000d4880000, 0x00000000eab00000)
  object space 336384K, 79% used [0x00000000c0000000,0x00000000d045fb60,0x00000000d4880000)
 Metaspace       used 89525K, committed 90880K, reserved 1179648K
  class space    used 9873K, committed 10432K, reserved 1048576K
}
Event: 85.776 GC heap before
{Heap before GC invocations=456 (full 17):
 PSYoungGen      total 17408K, used 17399K [0x00000000eab00000, 0x00000000ec280000, 0x0000000100000000)
  eden space 12800K, 100% used [0x00000000eab00000,0x00000000eb780000,0x00000000eb780000)
  from space 4608K, 99% used [0x00000000ebe00000,0x00000000ec27dc70,0x00000000ec280000)
  to   space 5120K, 0% used [0x00000000eb880000,0x00000000eb880000,0x00000000ebd80000)
 ParOldGen       total 336384K, used 266622K [0x00000000c0000000, 0x00000000d4880000, 0x00000000eab00000)
  object space 336384K, 79% used [0x00000000c0000000,0x00000000d045fb60,0x00000000d4880000)
 Metaspace       used 89529K, committed 90880K, reserved 1179648K
  class space    used 9873K, committed 10432K, reserved 1048576K
}
Event: 85.781 GC heap after
{Heap after GC invocations=456 (full 17):
 PSYoungGen      total 13824K, used 800K [0x00000000eab00000, 0x00000000ebe80000, 0x0000000100000000)
  eden space 12800K, 0% used [0x00000000eab00000,0x00000000eab00000,0x00000000eb780000)
  from space 1024K, 78% used [0x00000000eb880000,0x00000000eb948000,0x00000000eb980000)
  to   space 2560K, 0% used [0x00000000ebc00000,0x00000000ebc00000,0x00000000ebe80000)
 ParOldGen       total 336384K, used 269797K [0x00000000c0000000, 0x00000000d4880000, 0x00000000eab00000)
  object space 336384K, 80% used [0x00000000c0000000,0x00000000d0779510,0x00000000d4880000)
 Metaspace       used 89529K, committed 90880K, reserved 1179648K
  class space    used 9873K, committed 10432K, reserved 1048576K
}
Event: 87.710 GC heap before
{Heap before GC invocations=457 (full 17):
 PSYoungGen      total 13824K, used 13600K [0x00000000eab00000, 0x00000000ebe80000, 0x0000000100000000)
  eden space 12800K, 100% used [0x00000000eab00000,0x00000000eb780000,0x00000000eb780000)
  from space 1024K, 78% used [0x00000000eb880000,0x00000000eb948000,0x00000000eb980000)
  to   space 2560K, 0% used [0x00000000ebc00000,0x00000000ebc00000,0x00000000ebe80000)
 ParOldGen       total 336384K, used 269797K [0x00000000c0000000, 0x00000000d4880000, 0x00000000eab00000)
  object space 336384K, 80% used [0x00000000c0000000,0x00000000d0779510,0x00000000d4880000)
 Metaspace       used 89581K, committed 90944K, reserved 1179648K
  class space    used 9873K, committed 10432K, reserved 1048576K
}
Event: 87.723 GC heap after
{Heap after GC invocations=457 (full 17):
 PSYoungGen      total 14336K, used 1280K [0x00000000eab00000, 0x00000000ebd80000, 0x0000000100000000)
  eden space 12800K, 0% used [0x00000000eab00000,0x00000000eab00000,0x00000000eb780000)
  from space 1536K, 83% used [0x00000000ebc00000,0x00000000ebd40020,0x00000000ebd80000)
  to   space 1536K, 0% used [0x00000000eba80000,0x00000000eba80000,0x00000000ebc00000)
 ParOldGen       total 336384K, used 270531K [0x00000000c0000000, 0x00000000d4880000, 0x00000000eab00000)
  object space 336384K, 80% used [0x00000000c0000000,0x00000000d0830e30,0x00000000d4880000)
 Metaspace       used 89581K, committed 90944K, reserved 1179648K
  class space    used 9873K, committed 10432K, reserved 1048576K
}
Event: 90.182 GC heap before
{Heap before GC invocations=458 (full 17):
 PSYoungGen      total 14336K, used 14080K [0x00000000eab00000, 0x00000000ebd80000, 0x0000000100000000)
  eden space 12800K, 100% used [0x00000000eab00000,0x00000000eb780000,0x00000000eb780000)
  from space 1536K, 83% used [0x00000000ebc00000,0x00000000ebd40020,0x00000000ebd80000)
  to   space 1536K, 0% used [0x00000000eba80000,0x00000000eba80000,0x00000000ebc00000)
 ParOldGen       total 336384K, used 270531K [0x00000000c0000000, 0x00000000d4880000, 0x00000000eab00000)
  object space 336384K, 80% used [0x00000000c0000000,0x00000000d0830e30,0x00000000d4880000)
 Metaspace       used 89707K, committed 91136K, reserved 1179648K
  class space    used 9882K, committed 10496K, reserved 1048576K
}
Event: 90.187 GC heap after
{Heap after GC invocations=458 (full 17):
 PSYoungGen      total 14336K, used 1184K [0x00000000eab00000, 0x00000000ebc80000, 0x0000000100000000)
  eden space 12800K, 0% used [0x00000000eab00000,0x00000000eab00000,0x00000000eb780000)
  from space 1536K, 77% used [0x00000000eba80000,0x00000000ebba8020,0x00000000ebc00000)
  to   space 512K, 0% used [0x00000000ebc00000,0x00000000ebc00000,0x00000000ebc80000)
 ParOldGen       total 336384K, used 270531K [0x00000000c0000000, 0x00000000d4880000, 0x00000000eab00000)
  object space 336384K, 80% used [0x00000000c0000000,0x00000000d0830e30,0x00000000d4880000)
 Metaspace       used 89707K, committed 91136K, reserved 1179648K
  class space    used 9882K, committed 10496K, reserved 1048576K
}
Event: 90.360 GC heap before
{Heap before GC invocations=459 (full 17):
 PSYoungGen      total 14336K, used 13984K [0x00000000eab00000, 0x00000000ebc80000, 0x0000000100000000)
  eden space 12800K, 100% used [0x00000000eab00000,0x00000000eb780000,0x00000000eb780000)
  from space 1536K, 77% used [0x00000000eba80000,0x00000000ebba8020,0x00000000ebc00000)
  to   space 512K, 0% used [0x00000000ebc00000,0x00000000ebc00000,0x00000000ebc80000)
 ParOldGen       total 336384K, used 270531K [0x00000000c0000000, 0x00000000d4880000, 0x00000000eab00000)
  object space 336384K, 80% used [0x00000000c0000000,0x00000000d0830e30,0x00000000d4880000)
 Metaspace       used 90137K, committed 91520K, reserved 1179648K
  class space    used 9934K, committed 10496K, reserved 1048576K
}
Event: 90.366 GC heap after
{Heap after GC invocations=459 (full 17):
 PSYoungGen      total 13312K, used 512K [0x00000000eab00000, 0x00000000ebc80000, 0x0000000100000000)
  eden space 12800K, 0% used [0x00000000eab00000,0x00000000eab00000,0x00000000eb780000)
  from space 512K, 100% used [0x00000000ebc00000,0x00000000ebc80000,0x00000000ebc80000)
  to   space 2048K, 0% used [0x00000000eb880000,0x00000000eb880000,0x00000000eba80000)
 ParOldGen       total 336384K, used 271586K [0x00000000c0000000, 0x00000000d4880000, 0x00000000eab00000)
  object space 336384K, 80% used [0x00000000c0000000,0x00000000d09389f8,0x00000000d4880000)
 Metaspace       used 90137K, committed 91520K, reserved 1179648K
  class space    used 9934K, committed 10496K, reserved 1048576K
}
Event: 91.258 GC heap before
{Heap before GC invocations=460 (full 17):
 PSYoungGen      total 13312K, used 13312K [0x00000000eab00000, 0x00000000ebc80000, 0x0000000100000000)
  eden space 12800K, 100% used [0x00000000eab00000,0x00000000eb780000,0x00000000eb780000)
  from space 512K, 100% used [0x00000000ebc00000,0x00000000ebc80000,0x00000000ebc80000)
  to   space 2048K, 0% used [0x00000000eb880000,0x00000000eb880000,0x00000000eba80000)
 ParOldGen       total 336384K, used 271586K [0x00000000c0000000, 0x00000000d4880000, 0x00000000eab00000)
  object space 336384K, 80% used [0x00000000c0000000,0x00000000d09389f8,0x00000000d4880000)
 Metaspace       used 90863K, committed 92224K, reserved 1179648K
  class space    used 10039K, committed 10624K, reserved 1048576K
}
Event: 91.263 GC heap after
{Heap after GC invocations=460 (full 17):
 PSYoungGen      total 14848K, used 742K [0x00000000eab00000, 0x00000000ebc80000, 0x0000000100000000)
  eden space 12800K, 0% used [0x00000000eab00000,0x00000000eab00000,0x00000000eb780000)
  from space 2048K, 36% used [0x00000000eb880000,0x00000000eb939938,0x00000000eba80000)
  to   space 1536K, 0% used [0x00000000ebb00000,0x00000000ebb00000,0x00000000ebc80000)
 ParOldGen       total 336384K, used 272074K [0x00000000c0000000, 0x00000000d4880000, 0x00000000eab00000)
  object space 336384K, 80% used [0x00000000c0000000,0x00000000d09b2a08,0x00000000d4880000)
 Metaspace       used 90863K, committed 92224K, reserved 1179648K
  class space    used 10039K, committed 10624K, reserved 1048576K
}

