# JRE version: OpenJDK Runtime Environment Temurin-17.0.12+7 (17.0.12+7) (build 17.0.12+7)
# Java VM: OpenJDK 64-Bit Server VM Temurin-17.0.12+7 (17.0.12+7, mixed mode, tiered, compressed oops, compressed class ptrs, parallel gc, windows-amd64)
GC Precious Log:
 CPUs: 4 total, 4 available
 Memory: 7854M
 Large Page Support: Disabled
 NUMA Support: Disabled
 Compressed Oops: Enabled (32-bit)
 Alignments: Space 512K, Generation 512K, Heap 2M
 Heap Min Capacity: 100M
 Heap Initial Capacity: 100M
 Heap Max Capacity: 1G
 Pre-touch: Disabled
 Parallel Workers: 4
Heap:
 PSYoungGen      total 15872K, used 528K [0x00000000eab00000, 0x00000000ec980000, 0x0000000100000000)
  eden space 14848K, 0% used [0x00000000eab00000,0x00000000eab00000,0x00000000eb980000)
  from space 1024K, 51% used [0x00000000eb980000,0x00000000eba04140,0x00000000eba80000)
  to   space 4608K, 0% used [0x00000000ec500000,0x00000000ec500000,0x00000000ec980000)
 ParOldGen       total 68608K, used 41917K [0x00000000c0000000, 0x00000000c4300000, 0x00000000eab00000)
  object space 68608K, 61% used [0x00000000c0000000,0x00000000c28ef740,0x00000000c4300000)
 Metaspace       used 58733K, committed 59776K, reserved 1114112K
  class space    used 6446K, committed 6912K, reserved 1048576K
GC Heap History (20 events):
Event: 252.503 GC heap after
{Heap after GC invocations=24 (full 2):
 PSYoungGen      total 22528K, used 285K [0x00000000eab00000, 0x00000000ec380000, 0x0000000100000000)
  eden space 22016K, 0% used [0x00000000eab00000,0x00000000eab00000,0x00000000ec080000)
  from space 512K, 55% used [0x00000000ec300000,0x00000000ec3476d8,0x00000000ec380000)
  to   space 512K, 0% used [0x00000000ec280000,0x00000000ec280000,0x00000000ec300000)
 ParOldGen       total 68608K, used 22046K [0x00000000c0000000, 0x00000000c4300000, 0x00000000eab00000)
  object space 68608K, 32% used [0x00000000c0000000,0x00000000c15879e0,0x00000000c4300000)
 Metaspace       used 51972K, committed 53056K, reserved 1114112K
  class space    used 5573K, committed 6016K, reserved 1048576K
}
Event: 294.677 GC heap before
{Heap before GC invocations=25 (full 2):
 PSYoungGen      total 22528K, used 22301K [0x00000000eab00000, 0x00000000ec380000, 0x0000000100000000)
  eden space 22016K, 100% used [0x00000000eab00000,0x00000000ec080000,0x00000000ec080000)
  from space 512K, 55% used [0x00000000ec300000,0x00000000ec3476d8,0x00000000ec380000)
  to   space 512K, 0% used [0x00000000ec280000,0x00000000ec280000,0x00000000ec300000)
 ParOldGen       total 68608K, used 22046K [0x00000000c0000000, 0x00000000c4300000, 0x00000000eab00000)
  object space 68608K, 32% used [0x00000000c0000000,0x00000000c15879e0,0x00000000c4300000)
 Metaspace       used 51994K, committed 53056K, reserved 1114112K
  class space    used 5576K, committed 6016K, reserved 1048576K
}
Event: 294.678 GC heap after
{Heap after GC invocations=25 (full 2):
 PSYoungGen      total 22528K, used 64K [0x00000000eab00000, 0x00000000ec380000, 0x0000000100000000)
  eden space 22016K, 0% used [0x00000000eab00000,0x00000000eab00000,0x00000000ec080000)
  from space 512K, 12% used [0x00000000ec280000,0x00000000ec290000,0x00000000ec300000)
  to   space 512K, 0% used [0x00000000ec300000,0x00000000ec300000,0x00000000ec380000)
 ParOldGen       total 68608K, used 22078K [0x00000000c0000000, 0x00000000c4300000, 0x00000000eab00000)
  object space 68608K, 32% used [0x00000000c0000000,0x00000000c158f9e0,0x00000000c4300000)
 Metaspace       used 51994K, committed 53056K, reserved 1114112K
  class space    used 5576K, committed 6016K, reserved 1048576K
}
Event: 402.781 GC heap before
{Heap before GC invocations=26 (full 2):
 PSYoungGen      total 22528K, used 22080K [0x00000000eab00000, 0x00000000ec380000, 0x0000000100000000)
  eden space 22016K, 100% used [0x00000000eab00000,0x00000000ec080000,0x00000000ec080000)
  from space 512K, 12% used [0x00000000ec280000,0x00000000ec290000,0x00000000ec300000)
  to   space 512K, 0% used [0x00000000ec300000,0x00000000ec300000,0x00000000ec380000)
 ParOldGen       total 68608K, used 22078K [0x00000000c0000000, 0x00000000c4300000, 0x00000000eab00000)
  object space 68608K, 32% used [0x00000000c0000000,0x00000000c158f9e0,0x00000000c4300000)
 Metaspace       used 52653K, committed 53696K, reserved 1114112K
  class space    used 5651K, committed 6080K, reserved 1048576K
}
Event: 402.783 GC heap after
{Heap after GC invocations=26 (full 2):
 PSYoungGen      total 22528K, used 336K [0x00000000eab00000, 0x00000000ec380000, 0x0000000100000000)
  eden space 22016K, 0% used [0x00000000eab00000,0x00000000eab00000,0x00000000ec080000)
  from space 512K, 65% used [0x00000000ec300000,0x00000000ec354010,0x00000000ec380000)
  to   space 512K, 0% used [0x00000000ec280000,0x00000000ec280000,0x00000000ec300000)
 ParOldGen       total 68608K, used 22102K [0x00000000c0000000, 0x00000000c4300000, 0x00000000eab00000)
  object space 68608K, 32% used [0x00000000c0000000,0x00000000c15959e0,0x00000000c4300000)
 Metaspace       used 52653K, committed 53696K, reserved 1114112K
  class space    used 5651K, committed 6080K, reserved 1048576K
}
Event: 433.256 GC heap before
{Heap before GC invocations=27 (full 2):
 PSYoungGen      total 22528K, used 22352K [0x00000000eab00000, 0x00000000ec380000, 0x0000000100000000)
  eden space 22016K, 100% used [0x00000000eab00000,0x00000000ec080000,0x00000000ec080000)
  from space 512K, 65% used [0x00000000ec300000,0x00000000ec354010,0x00000000ec380000)
  to   space 512K, 0% used [0x00000000ec280000,0x00000000ec280000,0x00000000ec300000)
 ParOldGen       total 68608K, used 22102K [0x00000000c0000000, 0x00000000c4300000, 0x00000000eab00000)
  object space 68608K, 32% used [0x00000000c0000000,0x00000000c15959e0,0x00000000c4300000)
 Metaspace       used 54030K, committed 55104K, reserved 1114112K
  class space    used 5795K, committed 6272K, reserved 1048576K
}
Event: 433.260 GC heap after
{Heap after GC invocations=27 (full 2):
 PSYoungGen      total 22528K, used 480K [0x00000000eab00000, 0x00000000ec580000, 0x0000000100000000)
  eden space 22016K, 0% used [0x00000000eab00000,0x00000000eab00000,0x00000000ec080000)
  from space 512K, 93% used [0x00000000ec280000,0x00000000ec2f8030,0x00000000ec300000)
  to   space 2560K, 0% used [0x00000000ec300000,0x00000000ec300000,0x00000000ec580000)
 ParOldGen       total 68608K, used 23491K [0x00000000c0000000, 0x00000000c4300000, 0x00000000eab00000)
  object space 68608K, 34% used [0x00000000c0000000,0x00000000c16f0d58,0x00000000c4300000)
 Metaspace       used 54030K, committed 55104K, reserved 1114112K
  class space    used 5795K, committed 6272K, reserved 1048576K
}
Event: 433.483 GC heap before
{Heap before GC invocations=28 (full 2):
 PSYoungGen      total 22528K, used 22496K [0x00000000eab00000, 0x00000000ec580000, 0x0000000100000000)
  eden space 22016K, 100% used [0x00000000eab00000,0x00000000ec080000,0x00000000ec080000)
  from space 512K, 93% used [0x00000000ec280000,0x00000000ec2f8030,0x00000000ec300000)
  to   space 2560K, 0% used [0x00000000ec300000,0x00000000ec300000,0x00000000ec580000)
 ParOldGen       total 68608K, used 23491K [0x00000000c0000000, 0x00000000c4300000, 0x00000000eab00000)
  object space 68608K, 34% used [0x00000000c0000000,0x00000000c16f0d58,0x00000000c4300000)
 Metaspace       used 54206K, committed 55296K, reserved 1114112K
  class space    used 5815K, committed 6272K, reserved 1048576K
}
Event: 433.493 GC heap after
{Heap after GC invocations=28 (full 2):
 PSYoungGen      total 24576K, used 1969K [0x00000000eab00000, 0x00000000ec580000, 0x0000000100000000)
  eden space 22016K, 0% used [0x00000000eab00000,0x00000000eab00000,0x00000000ec080000)
  from space 2560K, 76% used [0x00000000ec300000,0x00000000ec4ec410,0x00000000ec580000)
  to   space 2560K, 0% used [0x00000000ec080000,0x00000000ec080000,0x00000000ec300000)
 ParOldGen       total 68608K, used 23984K [0x00000000c0000000, 0x00000000c4300000, 0x00000000eab00000)
  object space 68608K, 34% used [0x00000000c0000000,0x00000000c176c380,0x00000000c4300000)
 Metaspace       used 54206K, committed 55296K, reserved 1114112K
  class space    used 5815K, committed 6272K, reserved 1048576K
}
Event: 433.669 GC heap before
{Heap before GC invocations=29 (full 2):
 PSYoungGen      total 24576K, used 23985K [0x00000000eab00000, 0x00000000ec580000, 0x0000000100000000)
  eden space 22016K, 100% used [0x00000000eab00000,0x00000000ec080000,0x00000000ec080000)
  from space 2560K, 76% used [0x00000000ec300000,0x00000000ec4ec410,0x00000000ec580000)
  to   space 2560K, 0% used [0x00000000ec080000,0x00000000ec080000,0x00000000ec300000)
 ParOldGen       total 68608K, used 23984K [0x00000000c0000000, 0x00000000c4300000, 0x00000000eab00000)
  object space 68608K, 34% used [0x00000000c0000000,0x00000000c176c380,0x00000000c4300000)
 Metaspace       used 54228K, committed 55296K, reserved 1114112K
  class space    used 5815K, committed 6272K, reserved 1048576K
}
Event: 433.674 GC heap after
{Heap after GC invocations=29 (full 2):
 PSYoungGen      total 24576K, used 2050K [0x00000000eab00000, 0x00000000ec580000, 0x0000000100000000)
  eden space 22016K, 0% used [0x00000000eab00000,0x00000000eab00000,0x00000000ec080000)
  from space 2560K, 80% used [0x00000000ec080000,0x00000000ec280810,0x00000000ec300000)
  to   space 2560K, 0% used [0x00000000ec300000,0x00000000ec300000,0x00000000ec580000)
 ParOldGen       total 68608K, used 25800K [0x00000000c0000000, 0x00000000c4300000, 0x00000000eab00000)
  object space 68608K, 37% used [0x00000000c0000000,0x00000000c1932380,0x00000000c4300000)
 Metaspace       used 54228K, committed 55296K, reserved 1114112K
  class space    used 5815K, committed 6272K, reserved 1048576K
}
Event: 433.983 GC heap before
{Heap before GC invocations=30 (full 2):
 PSYoungGen      total 24576K, used 24066K [0x00000000eab00000, 0x00000000ec580000, 0x0000000100000000)
  eden space 22016K, 100% used [0x00000000eab00000,0x00000000ec080000,0x00000000ec080000)
  from space 2560K, 80% used [0x00000000ec080000,0x00000000ec280810,0x00000000ec300000)
  to   space 2560K, 0% used [0x00000000ec300000,0x00000000ec300000,0x00000000ec580000)
 ParOldGen       total 68608K, used 25800K [0x00000000c0000000, 0x00000000c4300000, 0x00000000eab00000)
  object space 68608K, 37% used [0x00000000c0000000,0x00000000c19323a0,0x00000000c4300000)
 Metaspace       used 56167K, committed 57152K, reserved 1114112K
  class space    used 6041K, committed 6464K, reserved 1048576K
}
Event: 433.989 GC heap after
{Heap after GC invocations=30 (full 2):
 PSYoungGen      total 24576K, used 2228K [0x00000000eab00000, 0x00000000ec580000, 0x0000000100000000)
  eden space 22016K, 0% used [0x00000000eab00000,0x00000000eab00000,0x00000000ec080000)
  from space 2560K, 87% used [0x00000000ec300000,0x00000000ec52d350,0x00000000ec580000)
  to   space 2560K, 0% used [0x00000000ec080000,0x00000000ec080000,0x00000000ec300000)
 ParOldGen       total 68608K, used 27801K [0x00000000c0000000, 0x00000000c4300000, 0x00000000eab00000)
  object space 68608K, 40% used [0x00000000c0000000,0x00000000c1b26430,0x00000000c4300000)
 Metaspace       used 56167K, committed 57152K, reserved 1114112K
  class space    used 6041K, committed 6464K, reserved 1048576K
}
Event: 434.329 GC heap before
{Heap before GC invocations=31 (full 2):
 PSYoungGen      total 24576K, used 24244K [0x00000000eab00000, 0x00000000ec580000, 0x0000000100000000)
  eden space 22016K, 100% used [0x00000000eab00000,0x00000000ec080000,0x00000000ec080000)
  from space 2560K, 87% used [0x00000000ec300000,0x00000000ec52d350,0x00000000ec580000)
  to   space 2560K, 0% used [0x00000000ec080000,0x00000000ec080000,0x00000000ec300000)
 ParOldGen       total 68608K, used 28077K [0x00000000c0000000, 0x00000000c4300000, 0x00000000eab00000)
  object space 68608K, 40% used [0x00000000c0000000,0x00000000c1b6b528,0x00000000c4300000)
 Metaspace       used 57710K, committed 58816K, reserved 1114112K
  class space    used 6272K, committed 6784K, reserved 1048576K
}
Event: 434.334 GC heap after
{Heap after GC invocations=31 (full 2):
 PSYoungGen      total 24576K, used 2556K [0x00000000eab00000, 0x00000000ecb80000, 0x0000000100000000)
  eden space 22016K, 0% used [0x00000000eab00000,0x00000000eab00000,0x00000000ec080000)
  from space 2560K, 99% used [0x00000000ec080000,0x00000000ec2ff328,0x00000000ec300000)
  to   space 5632K, 0% used [0x00000000ec600000,0x00000000ec600000,0x00000000ecb80000)
 ParOldGen       total 68608K, used 30451K [0x00000000c0000000, 0x00000000c4300000, 0x00000000eab00000)
  object space 68608K, 44% used [0x00000000c0000000,0x00000000c1dbcdc0,0x00000000c4300000)
 Metaspace       used 57710K, committed 58816K, reserved 1114112K
  class space    used 6272K, committed 6784K, reserved 1048576K
}
Event: 434.568 GC heap before
{Heap before GC invocations=32 (full 2):
 PSYoungGen      total 24576K, used 24572K [0x00000000eab00000, 0x00000000ecb80000, 0x0000000100000000)
  eden space 22016K, 100% used [0x00000000eab00000,0x00000000ec080000,0x00000000ec080000)
  from space 2560K, 99% used [0x00000000ec080000,0x00000000ec2ff328,0x00000000ec300000)
  to   space 5632K, 0% used [0x00000000ec600000,0x00000000ec600000,0x00000000ecb80000)
 ParOldGen       total 68608K, used 30451K [0x00000000c0000000, 0x00000000c4300000, 0x00000000eab00000)
  object space 68608K, 44% used [0x00000000c0000000,0x00000000c1dbcdc0,0x00000000c4300000)
 Metaspace       used 58287K, committed 59392K, reserved 1114112K
  class space    used 6373K, committed 6848K, reserved 1048576K
}
Event: 434.578 GC heap after
{Heap after GC invocations=32 (full 2):
 PSYoungGen      total 20480K, used 5631K [0x00000000eab00000, 0x00000000ed980000, 0x0000000100000000)
  eden space 14848K, 0% used [0x00000000eab00000,0x00000000eab00000,0x00000000eb980000)
  from space 5632K, 99% used [0x00000000ec600000,0x00000000ecb7ff18,0x00000000ecb80000)
  to   space 12800K, 0% used [0x00000000eb980000,0x00000000eb980000,0x00000000ec600000)
 ParOldGen       total 68608K, used 36306K [0x00000000c0000000, 0x00000000c4300000, 0x00000000eab00000)
  object space 68608K, 52% used [0x00000000c0000000,0x00000000c2374920,0x00000000c4300000)
 Metaspace       used 58287K, committed 59392K, reserved 1114112K
  class space    used 6373K, committed 6848K, reserved 1048576K
}
Event: 434.952 GC heap before
{Heap before GC invocations=33 (full 2):
 PSYoungGen      total 20480K, used 11772K [0x00000000eab00000, 0x00000000ed980000, 0x0000000100000000)
  eden space 14848K, 41% used [0x00000000eab00000,0x00000000eb0ff140,0x00000000eb980000)
  from space 5632K, 99% used [0x00000000ec600000,0x00000000ecb7ff18,0x00000000ecb80000)
  to   space 12800K, 0% used [0x00000000eb980000,0x00000000eb980000,0x00000000ec600000)
 ParOldGen       total 68608K, used 36306K [0x00000000c0000000, 0x00000000c4300000, 0x00000000eab00000)
  object space 68608K, 52% used [0x00000000c0000000,0x00000000c2374920,0x00000000c4300000)
 Metaspace       used 58733K, committed 59776K, reserved 1114112K
  class space    used 6446K, committed 6912K, reserved 1048576K
}
Event: 434.957 GC heap after
{Heap after GC invocations=33 (full 2):
 PSYoungGen      total 15872K, used 528K [0x00000000eab00000, 0x00000000ec980000, 0x0000000100000000)
  eden space 14848K, 0% used [0x00000000eab00000,0x00000000eab00000,0x00000000eb980000)
  from space 1024K, 51% used [0x00000000eb980000,0x00000000eba04140,0x00000000eba80000)
  to   space 4608K, 0% used [0x00000000ec500000,0x00000000ec500000,0x00000000ec980000)
 ParOldGen       total 68608K, used 41917K [0x00000000c0000000, 0x00000000c4300000, 0x00000000eab00000)
  object space 68608K, 61% used [0x00000000c0000000,0x00000000c28ef740,0x00000000c4300000)
 Metaspace       used 58733K, committed 59776K, reserved 1114112K
  class space    used 6446K, committed 6912K, reserved 1048576K
}
Event: 434.957 GC heap before
{Heap before GC invocations=34 (full 3):
 PSYoungGen      total 15872K, used 528K [0x00000000eab00000, 0x00000000ec980000, 0x0000000100000000)
  eden space 14848K, 0% used [0x00000000eab00000,0x00000000eab00000,0x00000000eb980000)
  from space 1024K, 51% used [0x00000000eb980000,0x00000000eba04140,0x00000000eba80000)
  to   space 4608K, 0% used [0x00000000ec500000,0x00000000ec500000,0x00000000ec980000)
 ParOldGen       total 68608K, used 41917K [0x00000000c0000000, 0x00000000c4300000, 0x00000000eab00000)
  object space 68608K, 61% used [0x00000000c0000000,0x00000000c28ef740,0x00000000c4300000)
 Metaspace       used 58733K, committed 59776K, reserved 1114112K
  class space    used 6446K, committed 6912K, reserved 1048576K
}

